"../../../Engine/Content/EngineMaterials/OrientParticle.uasset" 0
"../../../Engine/Content/EngineMaterials/DefaultParticle.uasset" 1
"F:/!!!SANYA/!UNREAL/!SANYA/Content/DUST.uasset" 2
"F:/!!!SANYA/!UNREAL/!SANYA/Content/BoyCharacter/2DSideScrollerOverview.uasset" 3
"../../Plugins/2D/Paper2D/Content/PlaceholderTextures/DummySpriteTexture.uasset" 4
"../../Plugins/2D/Paper2D/Content/DefaultSpriteMaterial.uasset" 5
"../../Plugins/2D/Paper2D/Content/TranslucentUnlitSpriteMaterial.uasset" 6
"F:/!!!SANYA/!UNREAL/!SANYA/Content/BoyCharacter/Animation/Sprites/Walk/boyconceptFINanimationWALK_000.uasset" 7
"F:/!!!SANYA/!UNREAL/!SANYA/Content/BoyCharacter/Animation/Sprites/Walk/boyconceptFINanimationWALK_000_Sprite_0.uasset" 8
"F:/!!!SANYA/!UNREAL/!SANYA/Content/BoyCharacter/Animation/Sprites/Walk/boyconceptFINanimationWALK_001.uasset" 9
"F:/!!!SANYA/!UNREAL/!SANYA/Content/BoyCharacter/Animation/Sprites/Walk/boyconceptFINanimationWALK_001_Sprite_0.uasset" 10
"F:/!!!SANYA/!UNREAL/!SANYA/Content/BoyCharacter/Animation/Sprites/Walk/boyconceptFINanimationWALK_002.uasset" 11
"F:/!!!SANYA/!UNREAL/!SANYA/Content/BoyCharacter/Animation/Sprites/Walk/boyconceptFINanimationWALK_002_Sprite_0.uasset" 12
"F:/!!!SANYA/!UNREAL/!SANYA/Content/BoyCharacter/Animation/Sprites/Walk/boyconceptFINanimationWALK_003.uasset" 13
"F:/!!!SANYA/!UNREAL/!SANYA/Content/BoyCharacter/Animation/Sprites/Walk/boyconceptFINanimationWALK_003_Sprite_0.uasset" 14
"F:/!!!SANYA/!UNREAL/!SANYA/Content/BoyCharacter/Animation/Sprites/Walk/boyconceptFINanimationWALK_004.uasset" 15
"F:/!!!SANYA/!UNREAL/!SANYA/Content/BoyCharacter/Animation/Sprites/Walk/boyconceptFINanimationWALK_004_Sprite_0.uasset" 16
"F:/!!!SANYA/!UNREAL/!SANYA/Content/BoyCharacter/Animation/Sprites/Walk/boyconceptFINanimationWALK_005.uasset" 17
"F:/!!!SANYA/!UNREAL/!SANYA/Content/BoyCharacter/Animation/Sprites/Walk/boyconceptFINanimationWALK_005_Sprite_0.uasset" 18
"F:/!!!SANYA/!UNREAL/!SANYA/Content/BoyCharacter/Animation/Sprites/Walk/boyconceptFINanimationWALK_006.uasset" 19
"F:/!!!SANYA/!UNREAL/!SANYA/Content/BoyCharacter/Animation/Sprites/Walk/boyconceptFINanimationWALK_006_Sprite_0.uasset" 20
"F:/!!!SANYA/!UNREAL/!SANYA/Content/BoyCharacter/Animation/Sprites/Walk/boyconceptFINanimationWALK_007.uasset" 21
"F:/!!!SANYA/!UNREAL/!SANYA/Content/BoyCharacter/Animation/Sprites/Walk/boyconceptFINanimationWALK_007_Sprite_0.uasset" 22
"F:/!!!SANYA/!UNREAL/!SANYA/Content/BoyCharacter/Animation/Sprites/Walk/boyconceptFINanimationWALK_008.uasset" 23
"F:/!!!SANYA/!UNREAL/!SANYA/Content/BoyCharacter/Animation/Sprites/Walk/boyconceptFINanimationWALK_008_Sprite_0.uasset" 24
"F:/!!!SANYA/!UNREAL/!SANYA/Content/BoyCharacter/Animation/Sprites/Walk/boyconceptFINanimationWALK_009.uasset" 25
"F:/!!!SANYA/!UNREAL/!SANYA/Content/BoyCharacter/Animation/Sprites/Walk/boyconceptFINanimationWALK_009_Sprite_0.uasset" 26
"F:/!!!SANYA/!UNREAL/!SANYA/Content/BoyCharacter/Animation/Sprites/Walk/boyconceptFINanimationWALK_010.uasset" 27
"F:/!!!SANYA/!UNREAL/!SANYA/Content/BoyCharacter/Animation/Sprites/Walk/boyconceptFINanimationWALK_010_Sprite_0.uasset" 28
"F:/!!!SANYA/!UNREAL/!SANYA/Content/BoyCharacter/Animation/Sprites/Walk/boyconceptFINanimationWALK_011.uasset" 29
"F:/!!!SANYA/!UNREAL/!SANYA/Content/BoyCharacter/Animation/Sprites/Walk/boyconceptFINanimationWALK_011_Sprite_0.uasset" 30
"F:/!!!SANYA/!UNREAL/!SANYA/Content/BoyCharacter/Animation/Sprites/Walk/boyconceptFINanimationWALK_012.uasset" 31
"F:/!!!SANYA/!UNREAL/!SANYA/Content/BoyCharacter/Animation/Sprites/Walk/boyconceptFINanimationWALK_012_Sprite_0.uasset" 32
"F:/!!!SANYA/!UNREAL/!SANYA/Content/BoyCharacter/Animation/Sprites/Walk/boyconceptFINanimationWALK_013.uasset" 33
"F:/!!!SANYA/!UNREAL/!SANYA/Content/BoyCharacter/Animation/Sprites/Walk/boyconceptFINanimationWALK_013_Sprite_0.uasset" 34
"F:/!!!SANYA/!UNREAL/!SANYA/Content/BoyCharacter/Animation/Sprites/Walk/boyconceptFINanimationWALK_014.uasset" 35
"F:/!!!SANYA/!UNREAL/!SANYA/Content/BoyCharacter/Animation/Sprites/Walk/boyconceptFINanimationWALK_014_Sprite_0.uasset" 36
"F:/!!!SANYA/!UNREAL/!SANYA/Content/BoyCharacter/Animation/Sprites/Walk/boyconceptFINanimationWALK_015.uasset" 37
"F:/!!!SANYA/!UNREAL/!SANYA/Content/BoyCharacter/Animation/Sprites/Walk/boyconceptFINanimationWALK_015_Sprite_0.uasset" 38
"F:/!!!SANYA/!UNREAL/!SANYA/Content/BoyCharacter/Animation/Sprites/Walk/boyconceptFINanimationWALK_016.uasset" 39
"F:/!!!SANYA/!UNREAL/!SANYA/Content/BoyCharacter/Animation/Sprites/Walk/boyconceptFINanimationWALK_016_Sprite_0.uasset" 40
"F:/!!!SANYA/!UNREAL/!SANYA/Content/BoyCharacter/Animation/Sprites/Walk/boyconceptFINanimationWALK_017.uasset" 41
"F:/!!!SANYA/!UNREAL/!SANYA/Content/BoyCharacter/Animation/Sprites/Walk/boyconceptFINanimationWALK_017_Sprite_0.uasset" 42
"F:/!!!SANYA/!UNREAL/!SANYA/Content/BoyCharacter/Animation/Sprites/Walk/boyconceptFINanimationWALK_018.uasset" 43
"F:/!!!SANYA/!UNREAL/!SANYA/Content/BoyCharacter/Animation/Sprites/Walk/boyconceptFINanimationWALK_018_Sprite_0.uasset" 44
"F:/!!!SANYA/!UNREAL/!SANYA/Content/BoyCharacter/Animation/Sprites/Walk/boyconceptFINanimationWALK_019.uasset" 45
"F:/!!!SANYA/!UNREAL/!SANYA/Content/BoyCharacter/Animation/Sprites/Walk/boyconceptFINanimationWALK_019_Sprite_0.uasset" 46
"F:/!!!SANYA/!UNREAL/!SANYA/Content/BoyCharacter/Animation/Sprites/Walk/boyconceptFINanimationWALK_020.uasset" 47
"F:/!!!SANYA/!UNREAL/!SANYA/Content/BoyCharacter/Animation/Sprites/Walk/boyconceptFINanimationWALK_020_Sprite_0.uasset" 48
"F:/!!!SANYA/!UNREAL/!SANYA/Content/BoyCharacter/Animation/Sprites/Walk/boyconceptFINanimationWALK_021.uasset" 49
"F:/!!!SANYA/!UNREAL/!SANYA/Content/BoyCharacter/Animation/Sprites/Walk/boyconceptFINanimationWALK_021_Sprite_0.uasset" 50
"F:/!!!SANYA/!UNREAL/!SANYA/Content/BoyCharacter/Animation/Sprites/Walk/boyconceptFINanimationWALK_022.uasset" 51
"F:/!!!SANYA/!UNREAL/!SANYA/Content/BoyCharacter/Animation/Sprites/Walk/boyconceptFINanimationWALK_022_Sprite_0.uasset" 52
"F:/!!!SANYA/!UNREAL/!SANYA/Content/BoyCharacter/Animation/Sprites/Walk/boyconceptFINanimationWALK_023.uasset" 53
"F:/!!!SANYA/!UNREAL/!SANYA/Content/BoyCharacter/Animation/Sprites/Walk/boyconceptFINanimationWALK_023_Sprite_0.uasset" 54
"F:/!!!SANYA/!UNREAL/!SANYA/Content/BoyCharacter/Animation/Sprites/Walk/boyconceptFINanimationWALK_024.uasset" 55
"F:/!!!SANYA/!UNREAL/!SANYA/Content/BoyCharacter/Animation/Sprites/Walk/boyconceptFINanimationWALK_024_Sprite_0.uasset" 56
"F:/!!!SANYA/!UNREAL/!SANYA/Content/BoyCharacter/Animation/Sprites/Walk/boyconceptFINanimationWALK_025.uasset" 57
"F:/!!!SANYA/!UNREAL/!SANYA/Content/BoyCharacter/Animation/Sprites/Walk/boyconceptFINanimationWALK_025_Sprite_0.uasset" 58
"F:/!!!SANYA/!UNREAL/!SANYA/Content/BoyCharacter/Animation/Sprites/Walk/boyconceptFINanimationWALK_026.uasset" 59
"F:/!!!SANYA/!UNREAL/!SANYA/Content/BoyCharacter/Animation/Sprites/Walk/boyconceptFINanimationWALK_026_Sprite_0.uasset" 60
"F:/!!!SANYA/!UNREAL/!SANYA/Content/BoyCharacter/Animation/Sprites/Walk/boyconceptFINanimationWALK_027.uasset" 61
"F:/!!!SANYA/!UNREAL/!SANYA/Content/BoyCharacter/Animation/Sprites/Walk/boyconceptFINanimationWALK_027_Sprite_0.uasset" 62
"F:/!!!SANYA/!UNREAL/!SANYA/Content/BoyCharacter/Animation/Sprites/Walk/boyconceptFINanimationWALK_028.uasset" 63
"F:/!!!SANYA/!UNREAL/!SANYA/Content/BoyCharacter/Animation/Sprites/Walk/boyconceptFINanimationWALK_028_Sprite_0.uasset" 64
"F:/!!!SANYA/!UNREAL/!SANYA/Content/BoyCharacter/Animation/Sprites/Walk/boyconceptFINanimationWALK_029.uasset" 65
"F:/!!!SANYA/!UNREAL/!SANYA/Content/BoyCharacter/Animation/Sprites/Walk/boyconceptFINanimationWALK_029_Sprite_0.uasset" 66
"F:/!!!SANYA/!UNREAL/!SANYA/Content/BoyCharacter/Animation/Sprites/Walk/boyconceptFINanimationWALK_030.uasset" 67
"F:/!!!SANYA/!UNREAL/!SANYA/Content/BoyCharacter/Animation/Sprites/Walk/boyconceptFINanimationWALK_030_Sprite_0.uasset" 68
"F:/!!!SANYA/!UNREAL/!SANYA/Content/BoyCharacter/Animation/Sprites/Walk/boyconceptFINanimationWALK_031.uasset" 69
"F:/!!!SANYA/!UNREAL/!SANYA/Content/BoyCharacter/Animation/Sprites/Walk/boyconceptFINanimationWALK_031_Sprite_0.uasset" 70
"F:/!!!SANYA/!UNREAL/!SANYA/Content/BoyCharacter/Animation/Sprites/Walk/boyconceptFINanimationWALK_032.uasset" 71
"F:/!!!SANYA/!UNREAL/!SANYA/Content/BoyCharacter/Animation/Sprites/Walk/boyconceptFINanimationWALK_032_Sprite_0.uasset" 72
"F:/!!!SANYA/!UNREAL/!SANYA/Content/BoyCharacter/Animation/Sprites/Walk/boyconceptFINanimationWALK_033.uasset" 73
"F:/!!!SANYA/!UNREAL/!SANYA/Content/BoyCharacter/Animation/Sprites/Walk/boyconceptFINanimationWALK_033_Sprite_0.uasset" 74
"F:/!!!SANYA/!UNREAL/!SANYA/Content/BoyCharacter/Animation/Sprites/Walk/boyconceptFINanimationWALK_034.uasset" 75
"F:/!!!SANYA/!UNREAL/!SANYA/Content/BoyCharacter/Animation/Sprites/Walk/boyconceptFINanimationWALK_034_Sprite_0.uasset" 76
"F:/!!!SANYA/!UNREAL/!SANYA/Content/BoyCharacter/Animation/Sprites/Walk/boyconceptFINanimationWALK_035.uasset" 77
"F:/!!!SANYA/!UNREAL/!SANYA/Content/BoyCharacter/Animation/Sprites/Walk/boyconceptFINanimationWALK_035_Sprite_0.uasset" 78
"F:/!!!SANYA/!UNREAL/!SANYA/Content/BoyCharacter/Animation/Sprites/Walk/boyconceptFINanimationWALK_036.uasset" 79
"F:/!!!SANYA/!UNREAL/!SANYA/Content/BoyCharacter/Animation/Sprites/Walk/boyconceptFINanimationWALK_036_Sprite_0.uasset" 80
"F:/!!!SANYA/!UNREAL/!SANYA/Content/BoyCharacter/Animation/Sprites/Walk/boyconceptFINanimationWALK_037.uasset" 81
"F:/!!!SANYA/!UNREAL/!SANYA/Content/BoyCharacter/Animation/Sprites/Walk/boyconceptFINanimationWALK_037_Sprite_0.uasset" 82
"F:/!!!SANYA/!UNREAL/!SANYA/Content/BoyCharacter/Animation/Sprites/Walk/boyconceptFINanimationWALK_038.uasset" 83
"F:/!!!SANYA/!UNREAL/!SANYA/Content/BoyCharacter/Animation/Sprites/Walk/boyconceptFINanimationWALK_038_Sprite_0.uasset" 84
"F:/!!!SANYA/!UNREAL/!SANYA/Content/BoyCharacter/Animation/Sprites/Walk/boyconceptFINanimationWALK_039.uasset" 85
"F:/!!!SANYA/!UNREAL/!SANYA/Content/BoyCharacter/Animation/Sprites/Walk/boyconceptFINanimationWALK_039_Sprite_0.uasset" 86
"F:/!!!SANYA/!UNREAL/!SANYA/Content/BoyCharacter/Animation/Sprites/Walk/boyconceptFINanimationWALK_040.uasset" 87
"F:/!!!SANYA/!UNREAL/!SANYA/Content/BoyCharacter/Animation/Sprites/Walk/boyconceptFINanimationWALK_040_Sprite_0.uasset" 88
"F:/!!!SANYA/!UNREAL/!SANYA/Content/BoyCharacter/Animation/Sprites/Walk/boyconceptFINanimationWALK_041.uasset" 89
"F:/!!!SANYA/!UNREAL/!SANYA/Content/BoyCharacter/Animation/Sprites/Walk/boyconceptFINanimationWALK_041_Sprite_0.uasset" 90
"F:/!!!SANYA/!UNREAL/!SANYA/Content/BoyCharacter/Animation/Sprites/Walk/boyconceptFINanimationWALK_042.uasset" 91
"F:/!!!SANYA/!UNREAL/!SANYA/Content/BoyCharacter/Animation/Sprites/Walk/boyconceptFINanimationWALK_042_Sprite_0.uasset" 92
"F:/!!!SANYA/!UNREAL/!SANYA/Content/BoyCharacter/Animation/Sprites/Walk/boyconceptFINanimationWALK_043.uasset" 93
"F:/!!!SANYA/!UNREAL/!SANYA/Content/BoyCharacter/Animation/Sprites/Walk/boyconceptFINanimationWALK_043_Sprite_0.uasset" 94
"F:/!!!SANYA/!UNREAL/!SANYA/Content/BoyCharacter/Animation/Sprites/Walk/boyconceptFINanimationWALK_044.uasset" 95
"F:/!!!SANYA/!UNREAL/!SANYA/Content/BoyCharacter/Animation/Sprites/Walk/boyconceptFINanimationWALK_044_Sprite_0.uasset" 96
"F:/!!!SANYA/!UNREAL/!SANYA/Content/BoyCharacter/Animation/Sprites/Walk/boyconceptFINanimationWALK_045.uasset" 97
"F:/!!!SANYA/!UNREAL/!SANYA/Content/BoyCharacter/Animation/Sprites/Walk/boyconceptFINanimationWALK_045_Sprite_0.uasset" 98
"F:/!!!SANYA/!UNREAL/!SANYA/Content/BoyCharacter/Animation/Sprites/Walk/boyconceptFINanimationWALK_046.uasset" 99
"F:/!!!SANYA/!UNREAL/!SANYA/Content/BoyCharacter/Animation/Sprites/Walk/boyconceptFINanimationWALK_046_Sprite_0.uasset" 100
"F:/!!!SANYA/!UNREAL/!SANYA/Content/BoyCharacter/Animation/Sprites/Walk/boyconceptFINanimationWALK_047.uasset" 101
"F:/!!!SANYA/!UNREAL/!SANYA/Content/BoyCharacter/Animation/Sprites/Walk/boyconceptFINanimationWALK_047_Sprite_0.uasset" 102
"F:/!!!SANYA/!UNREAL/!SANYA/Content/BoyCharacter/Animation/Sprites/Walk/boyconceptFINanimationWALK_048.uasset" 103
"F:/!!!SANYA/!UNREAL/!SANYA/Content/BoyCharacter/Animation/Sprites/Walk/boyconceptFINanimationWALK_048_Sprite_0.uasset" 104
"F:/!!!SANYA/!UNREAL/!SANYA/Content/BoyCharacter/Animation/Flipbooks/Walk.uasset" 105
"F:/!!!SANYA/!UNREAL/!SANYA/Content/BoyCharacter/Animation/Sprites/withDog/boyGLADIT00.uasset" 106
"F:/!!!SANYA/!UNREAL/!SANYA/Content/BoyCharacter/Animation/Sprites/withDog/boyGLADIT00_Sprite_0.uasset" 107
"F:/!!!SANYA/!UNREAL/!SANYA/Content/BoyCharacter/Animation/Sprites/withDog/boyGLADIT02.uasset" 108
"F:/!!!SANYA/!UNREAL/!SANYA/Content/BoyCharacter/Animation/Sprites/withDog/boyGLADIT02_Sprite_0.uasset" 109
"F:/!!!SANYA/!UNREAL/!SANYA/Content/BoyCharacter/Animation/Sprites/withDog/boyGLADIT04.uasset" 110
"F:/!!!SANYA/!UNREAL/!SANYA/Content/BoyCharacter/Animation/Sprites/withDog/boyGLADIT04_Sprite_0.uasset" 111
"F:/!!!SANYA/!UNREAL/!SANYA/Content/BoyCharacter/Animation/Sprites/withDog/boyGLADIT06.uasset" 112
"F:/!!!SANYA/!UNREAL/!SANYA/Content/BoyCharacter/Animation/Sprites/withDog/boyGLADIT06_Sprite_0.uasset" 113
"F:/!!!SANYA/!UNREAL/!SANYA/Content/BoyCharacter/Animation/Sprites/withDog/boyGLADIT08.uasset" 114
"F:/!!!SANYA/!UNREAL/!SANYA/Content/BoyCharacter/Animation/Sprites/withDog/boyGLADIT08_Sprite_0.uasset" 115
"F:/!!!SANYA/!UNREAL/!SANYA/Content/BoyCharacter/Animation/Sprites/withDog/boyGLADIT10.uasset" 116
"F:/!!!SANYA/!UNREAL/!SANYA/Content/BoyCharacter/Animation/Sprites/withDog/boyGLADIT10_Sprite_0.uasset" 117
"F:/!!!SANYA/!UNREAL/!SANYA/Content/BoyCharacter/Animation/Sprites/withDog/boyGLADIT12.uasset" 118
"F:/!!!SANYA/!UNREAL/!SANYA/Content/BoyCharacter/Animation/Sprites/withDog/boyGLADIT12_Sprite_0.uasset" 119
"F:/!!!SANYA/!UNREAL/!SANYA/Content/BoyCharacter/Animation/Sprites/withDog/boyGLADIT14.uasset" 120
"F:/!!!SANYA/!UNREAL/!SANYA/Content/BoyCharacter/Animation/Sprites/withDog/boyGLADIT14_Sprite_0.uasset" 121
"F:/!!!SANYA/!UNREAL/!SANYA/Content/BoyCharacter/Animation/Sprites/withDog/boyGLADIT16.uasset" 122
"F:/!!!SANYA/!UNREAL/!SANYA/Content/BoyCharacter/Animation/Sprites/withDog/boyGLADIT16_Sprite_0.uasset" 123
"F:/!!!SANYA/!UNREAL/!SANYA/Content/BoyCharacter/Animation/Sprites/withDog/boyGLADIT18.uasset" 124
"F:/!!!SANYA/!UNREAL/!SANYA/Content/BoyCharacter/Animation/Sprites/withDog/boyGLADIT18_Sprite_0.uasset" 125
"F:/!!!SANYA/!UNREAL/!SANYA/Content/BoyCharacter/Animation/Sprites/withDog/boyGLADIT20.uasset" 126
"F:/!!!SANYA/!UNREAL/!SANYA/Content/BoyCharacter/Animation/Sprites/withDog/boyGLADIT20_Sprite_0.uasset" 127
"F:/!!!SANYA/!UNREAL/!SANYA/Content/BoyCharacter/Animation/Flipbooks/withDog.uasset" 128
"F:/!!!SANYA/!UNREAL/!SANYA/Content/BoyCharacter/Animation/Sprites/boySCARED_Sprite_0.uasset" 129
"F:/!!!SANYA/!UNREAL/!SANYA/Content/BoyCharacter/Animation/Sprites/boySCARED.uasset" 130
"F:/!!!SANYA/!UNREAL/!SANYA/Content/BoyCharacter/Animation/Sprites/boyGLADIT00.uasset" 131
"F:/!!!SANYA/!UNREAL/!SANYA/Content/BoyCharacter/Animation/Sprites/boyGLADIT00_Sprite.uasset" 132
"F:/!!!SANYA/!UNREAL/!SANYA/Content/BoyCharacter/Animation/Sprites/kek.uasset" 133
"F:/!!!SANYA/!UNREAL/!SANYA/Content/BoyCharacter/Animation/Sprites/Run/boyRUN07.uasset" 134
"F:/!!!SANYA/!UNREAL/!SANYA/Content/BoyCharacter/Animation/Sprites/Run/boyRUN07_Sprite_0.uasset" 135
"F:/!!!SANYA/!UNREAL/!SANYA/Content/BoyCharacter/Animation/Sprites/Run/boyRUN12.uasset" 136
"F:/!!!SANYA/!UNREAL/!SANYA/Content/BoyCharacter/Animation/Sprites/withDog/boyGLADIT01.uasset" 137
"F:/!!!SANYA/!UNREAL/!SANYA/Content/BoyCharacter/Animation/Sprites/withDog/boyGLADIT01_Sprite_0.uasset" 138
"F:/!!!SANYA/!UNREAL/!SANYA/Content/BoyCharacter/Animation/Sprites/withDog/boyGLADIT03.uasset" 139
"F:/!!!SANYA/!UNREAL/!SANYA/Content/BoyCharacter/Animation/Sprites/withDog/boyGLADIT03_Sprite_0.uasset" 140
"F:/!!!SANYA/!UNREAL/!SANYA/Content/BoyCharacter/Animation/Sprites/withDog/boyGLADIT05.uasset" 141
"F:/!!!SANYA/!UNREAL/!SANYA/Content/BoyCharacter/Animation/Sprites/withDog/boyGLADIT05_Sprite_0.uasset" 142
"F:/!!!SANYA/!UNREAL/!SANYA/Content/BoyCharacter/Animation/Sprites/withDog/boyGLADIT07.uasset" 143
"F:/!!!SANYA/!UNREAL/!SANYA/Content/BoyCharacter/Animation/Sprites/withDog/boyGLADIT07_Sprite_0.uasset" 144
"F:/!!!SANYA/!UNREAL/!SANYA/Content/BoyCharacter/Animation/Sprites/withDog/boyGLADIT09.uasset" 145
"F:/!!!SANYA/!UNREAL/!SANYA/Content/BoyCharacter/Animation/Sprites/withDog/boyGLADIT09_Sprite_0.uasset" 146
"F:/!!!SANYA/!UNREAL/!SANYA/Content/BoyCharacter/Animation/Sprites/withDog/boyGLADIT11.uasset" 147
"F:/!!!SANYA/!UNREAL/!SANYA/Content/BoyCharacter/Animation/Sprites/withDog/boyGLADIT11_Sprite_0.uasset" 148
"F:/!!!SANYA/!UNREAL/!SANYA/Content/BoyCharacter/Animation/Sprites/withDog/boyGLADIT13.uasset" 149
"F:/!!!SANYA/!UNREAL/!SANYA/Content/BoyCharacter/Animation/Sprites/withDog/boyGLADIT13_Sprite_0.uasset" 150
"F:/!!!SANYA/!UNREAL/!SANYA/Content/BoyCharacter/Animation/Sprites/withDog/boyGLADIT15.uasset" 151
"F:/!!!SANYA/!UNREAL/!SANYA/Content/BoyCharacter/Animation/Sprites/withDog/boyGLADIT15_Sprite_0.uasset" 152
"F:/!!!SANYA/!UNREAL/!SANYA/Content/BoyCharacter/Animation/Sprites/withDog/boyGLADIT17.uasset" 153
"F:/!!!SANYA/!UNREAL/!SANYA/Content/BoyCharacter/Animation/Sprites/withDog/boyGLADIT17_Sprite_0.uasset" 154
"F:/!!!SANYA/!UNREAL/!SANYA/Content/BoyCharacter/Animation/Sprites/withDog/boyGLADIT19.uasset" 155
"F:/!!!SANYA/!UNREAL/!SANYA/Content/BoyCharacter/Animation/Sprites/withDog/boyGLADIT19_Sprite_0.uasset" 156
"../../../Engine/Content/EditorBlueprintResources/StandardMacros.uasset" 157
"../../Plugins/Enterprise/DatasmithContent/Content/Blueprints/FBXImporter/ArrayOfActor.uasset" 158
"../../Plugins/Enterprise/DatasmithContent/Content/Blueprints/FBXImporter/ArrayOfSwitch.uasset" 159
"../../Plugins/Enterprise/DatasmithContent/Content/Blueprints/FBXImporter/BP_SceneNode.uasset" 160
"../../Plugins/Enterprise/DatasmithContent/Content/Blueprints/FBXImporter/BP_Switch.uasset" 161
"../../Plugins/Enterprise/DatasmithContent/Content/Blueprints/FBXImporter/BP_SceneRoot.uasset" 162
"../../Plugins/Enterprise/DatasmithContent/Content/Blueprints/FBXImporter/FBXImporterUtils.uasset" 163
"F:/!!!SANYA/!UNREAL/!SANYA/Content/DogCharacter/Blueprints/DogBlackboardData.uasset" 164
"F:/!!!SANYA/!UNREAL/!SANYA/Content/DogCharacter/Blueprints/MoodFeedback.uasset" 165
"F:/!!!SANYA/!UNREAL/!SANYA/Content/DogCharacter/Blueprints/OrdersList.uasset" 166
"F:/!!!SANYA/!UNREAL/!SANYA/Content/DogCharacter/Blueprints/BTT_DogThinks.uasset" 167
"F:/!!!SANYA/!UNREAL/!SANYA/Content/DogCharacter/Blueprints/Decorators/BTD_food.uasset" 168
"F:/!!!SANYA/!UNREAL/!SANYA/Content/DogCharacter/Blueprints/Decorators/BTD_IsGoodBoy.uasset" 169
"F:/!!!SANYA/!UNREAL/!SANYA/Content/DogCharacter/Blueprints/MoodList.uasset" 170
"F:/!!!SANYA/!UNREAL/!SANYA/Content/DogCharacter/Blueprints/Decorators/BTD_IsMoodNone.uasset" 171
"F:/!!!SANYA/!UNREAL/!SANYA/Content/DogCharacter/Blueprints/Decorators/BTD_IsOrderBring.uasset" 172
"F:/!!!SANYA/!UNREAL/!SANYA/Content/DogCharacter/Blueprints/Decorators/BTD_IsOrderComeToMe.uasset" 173
"F:/!!!SANYA/!UNREAL/!SANYA/Content/DogCharacter/Blueprints/Decorators/BTD_IsOrderFollow.uasset" 174
"F:/!!!SANYA/!UNREAL/!SANYA/Content/DogCharacter/Blueprints/Decorators/BTD_IsOrderMoveTo.uasset" 175
"F:/!!!SANYA/!UNREAL/!SANYA/Content/DogCharacter/Blueprints/Decorators/BTD_IsOrderNone.uasset" 176
"F:/!!!SANYA/!UNREAL/!SANYA/Content/DogCharacter/Blueprints/Decorators/BTD_IsOrderStay.uasset" 177
"F:/!!!SANYA/!UNREAL/!SANYA/Content/DogCharacter/Blueprints/Decorators/BTD_IsOrderStroking.uasset" 178
"F:/!!!SANYA/!UNREAL/!SANYA/Content/DogCharacter/Blueprints/Decorators/BTD_STInteresting.uasset" 179
"F:/!!!SANYA/!UNREAL/!SANYA/Content/DogCharacter/Blueprints/Decorators/BTD_WantThings.uasset" 180
"F:/!!!SANYA/!UNREAL/!SANYA/Content/DogCharacter/Blueprints/Decorators/BTD_WantBoy.uasset" 181
"F:/!!!SANYA/!UNREAL/!SANYA/Content/DogCharacter/Blueprints/Decorators/BTD_WantRun.uasset" 182
"F:/!!!SANYA/!UNREAL/!SANYA/Content/DogCharacter/Blueprints/Decorators/BTD_WantStay.uasset" 183
"F:/!!!SANYA/!UNREAL/!SANYA/Content/DogCharacter/Blueprints/Services/BTS_GetActorLocation.uasset" 184
"F:/!!!SANYA/!UNREAL/!SANYA/Content/DogCharacter/Blueprints/Services/BTS_GetBoyLocation.uasset" 185
"F:/!!!SANYA/!UNREAL/!SANYA/Content/ThingsBP/BP_Things.uasset" 186
"F:/!!!SANYA/!UNREAL/!SANYA/Content/Interface/icon_buter.uasset" 187
"F:/!!!SANYA/!UNREAL/!SANYA/Content/Interface/icon_buter_Sprite.uasset" 188
"F:/!!!SANYA/!UNREAL/!SANYA/Content/ThingsBP/BP_T_Food.uasset" 189
"F:/!!!SANYA/!UNREAL/!SANYA/Content/DogCharacter/Blueprints/Services/BTS_GetFoodLocation.uasset" 190
"F:/!!!SANYA/!UNREAL/!SANYA/Content/DogCharacter/Blueprints/Services/BTS_GetOrderLocation.uasset" 191
"F:/!!!SANYA/!UNREAL/!SANYA/Content/DogCharacter/Blueprints/Services/BTS_SetRandomLocation.uasset" 192
"F:/!!!SANYA/!UNREAL/!SANYA/Content/DogCharacter/Blueprints/Services/BTS_StrokingMoveTo.uasset" 193
"F:/!!!SANYA/!UNREAL/!SANYA/Content/DogCharacter/Blueprints/Tasks/BTT_DropOrderTarget.uasset" 194
"F:/!!!SANYA/!UNREAL/!SANYA/Content/DogCharacter/Blueprints/Tasks/BTT_EatFood.uasset" 195
"F:/!!!SANYA/!UNREAL/!SANYA/Content/DogCharacter/Blueprints/Tasks/BTT_NoInterest.uasset" 196
"F:/!!!SANYA/!UNREAL/!SANYA/Content/DogCharacter/Blueprints/Tasks/BTT_NoMood.uasset" 197
"F:/!!!SANYA/!UNREAL/!SANYA/Content/DogCharacter/Blueprints/Tasks/BTT_NoOrders.uasset" 198
"F:/!!!SANYA/!UNREAL/!SANYA/Content/DogCharacter/Blueprints/Tasks/BTT_SetMood.uasset" 199
"F:/!!!SANYA/!UNREAL/!SANYA/Content/DogCharacter/Blueprints/AnimationsList.uasset" 200
"F:/!!!SANYA/!UNREAL/!SANYA/Content/DogCharacter/Blueprints/Tasks/BTT_StayAnimations.uasset" 201
"F:/!!!SANYA/!UNREAL/!SANYA/Content/DogCharacter/Blueprints/Tasks/BTT_Stroking.uasset" 202
"F:/!!!SANYA/!UNREAL/!SANYA/Content/DogCharacter/Blueprints/Tasks/BTT_TakeOrderTarget.uasset" 203
"F:/!!!SANYA/!UNREAL/!SANYA/Content/DogCharacter/Blueprints/DogBehaviorTree.uasset" 204
"F:/!!!SANYA/!UNREAL/!SANYA/Content/DogCharacter/Blueprints/DogAIController.uasset" 205
"F:/!!!SANYA/!UNREAL/!SANYA/Content/BoyCharacter/Blueprints/Animations.uasset" 206
"F:/!!!SANYA/!UNREAL/!SANYA/Content/DogCharacter/Animation/Sprites/Idle/dogIDLE01.uasset" 207
"F:/!!!SANYA/!UNREAL/!SANYA/Content/DogCharacter/Animation/Sprites/Idle/dogIDLE01_Sprite_0.uasset" 208
"F:/!!!SANYA/!UNREAL/!SANYA/Content/DogCharacter/Animation/Sprites/Idle/dogIDLE02.uasset" 209
"F:/!!!SANYA/!UNREAL/!SANYA/Content/DogCharacter/Animation/Sprites/Idle/dogIDLE02_Sprite_0.uasset" 210
"F:/!!!SANYA/!UNREAL/!SANYA/Content/DogCharacter/Animation/Sprites/Idle/dogIDLE03.uasset" 211
"F:/!!!SANYA/!UNREAL/!SANYA/Content/DogCharacter/Animation/Sprites/Idle/dogIDLE03_Sprite_0.uasset" 212
"F:/!!!SANYA/!UNREAL/!SANYA/Content/DogCharacter/Animation/Flipbooks/dogIdle.uasset" 213
"F:/!!!SANYA/!UNREAL/!SANYA/Content/DogCharacter/Animation/Sprites/dogANIMATIONrest.uasset" 214
"F:/!!!SANYA/!UNREAL/!SANYA/Content/DogCharacter/Animation/Sprites/dogANIMATIONrest_Sprite_0.uasset" 215
"F:/!!!SANYA/!UNREAL/!SANYA/Content/DogCharacter/Animation/Flipbooks/DogRest.uasset" 216
"F:/!!!SANYA/!UNREAL/!SANYA/Content/DogCharacter/Animation/Sprites/dogANIMATIONsit.uasset" 217
"F:/!!!SANYA/!UNREAL/!SANYA/Content/DogCharacter/Animation/Sprites/dogANIMATIONsit_Sprite_0.uasset" 218
"F:/!!!SANYA/!UNREAL/!SANYA/Content/DogCharacter/Animation/Flipbooks/DogSit.uasset" 219
"F:/!!!SANYA/!UNREAL/!SANYA/Content/DogCharacter/Animation/Sprites/Walk/dogANIMATION00.uasset" 220
"F:/!!!SANYA/!UNREAL/!SANYA/Content/DogCharacter/Animation/Sprites/Walk/dogANIMATION00_Sprite_0.uasset" 221
"F:/!!!SANYA/!UNREAL/!SANYA/Content/DogCharacter/Animation/Sprites/Walk/dogANIMATION01.uasset" 222
"F:/!!!SANYA/!UNREAL/!SANYA/Content/DogCharacter/Animation/Sprites/Walk/dogANIMATION01_Sprite_0.uasset" 223
"F:/!!!SANYA/!UNREAL/!SANYA/Content/DogCharacter/Animation/Sprites/Walk/dogANIMATION02.uasset" 224
"F:/!!!SANYA/!UNREAL/!SANYA/Content/DogCharacter/Animation/Sprites/Walk/dogANIMATION02_Sprite_0.uasset" 225
"F:/!!!SANYA/!UNREAL/!SANYA/Content/DogCharacter/Animation/Sprites/Walk/dogANIMATION03.uasset" 226
"F:/!!!SANYA/!UNREAL/!SANYA/Content/DogCharacter/Animation/Sprites/Walk/dogANIMATION03_Sprite_0.uasset" 227
"F:/!!!SANYA/!UNREAL/!SANYA/Content/DogCharacter/Animation/Sprites/Walk/dogANIMATION04.uasset" 228
"F:/!!!SANYA/!UNREAL/!SANYA/Content/DogCharacter/Animation/Sprites/Walk/dogANIMATION04_Sprite_0.uasset" 229
"F:/!!!SANYA/!UNREAL/!SANYA/Content/DogCharacter/Animation/Flipbooks/dogWalk.uasset" 230
"F:/!!!SANYA/!UNREAL/!SANYA/Content/DogCharacter/Animation/Sprites/Strocking/dogANIMATIONgladit00.uasset" 231
"F:/!!!SANYA/!UNREAL/!SANYA/Content/DogCharacter/Animation/Sprites/Strocking/dogANIMATIONgladit00_Sprite.uasset" 232
"F:/!!!SANYA/!UNREAL/!SANYA/Content/DogCharacter/Animation/Sprites/Strocking/dogANIMATIONgladit01.uasset" 233
"F:/!!!SANYA/!UNREAL/!SANYA/Content/DogCharacter/Animation/Sprites/Strocking/dogANIMATIONgladit01_Sprite.uasset" 234
"F:/!!!SANYA/!UNREAL/!SANYA/Content/DogCharacter/Animation/Sprites/Strocking/dogANIMATIONgladit02.uasset" 235
"F:/!!!SANYA/!UNREAL/!SANYA/Content/DogCharacter/Animation/Sprites/Strocking/dogANIMATIONgladit02_Sprite.uasset" 236
"F:/!!!SANYA/!UNREAL/!SANYA/Content/DogCharacter/Animation/StrokingFlipbook.uasset" 237
"F:/!!!SANYA/!UNREAL/!SANYA/Content/Interface/MOUSE/icon_mouse2.uasset" 238
"F:/!!!SANYA/!UNREAL/!SANYA/Content/Interface/MOUSE/Mouse_hand.uasset" 239
"F:/!!!SANYA/!UNREAL/!SANYA/Content/Interface/icon_dogWant.uasset" 240
"F:/!!!SANYA/!UNREAL/!SANYA/Content/Interface/W_DogEat.uasset" 241
"F:/!!!SANYA/!UNREAL/!SANYA/Content/Interface/icon_DogHappy.uasset" 242
"F:/!!!SANYA/!UNREAL/!SANYA/Content/Interface/W_DogHappy.uasset" 243
"F:/!!!SANYA/!UNREAL/!SANYA/Content/Interface/icon_DogSad.uasset" 244
"F:/!!!SANYA/!UNREAL/!SANYA/Content/Interface/W_DogSad.uasset" 245
"F:/!!!SANYA/!UNREAL/!SANYA/Content/Interface/icon_DOSTROCKING.uasset" 246
"F:/!!!SANYA/!UNREAL/!SANYA/Content/Interface/W_icon_strocking.uasset" 247
"F:/!!!SANYA/!UNREAL/!SANYA/Content/DogCharacter/Blueprints/DogChar.uasset" 248
"../../Plugins/2D/Paper2D/Content/PlaceholderTextures/FlatNormalMap.uasset" 249
"../../Plugins/2D/Paper2D/Content/DefaultLitSpriteMaterial.uasset" 250
"F:/!!!SANYA/!UNREAL/!SANYA/Content/Sprites/Materials/MaskedLitSpriteMaterial.uasset" 251
"F:/!!!SANYA/!UNREAL/!SANYA/Content/ThingsBP/BP_T_Stuff.uasset" 252
"F:/!!!SANYA/!UNREAL/!SANYA/Content/BoyCharacter/Animation/Sprites/Idle/boyconceptFINanimationWALK00.uasset" 253
"F:/!!!SANYA/!UNREAL/!SANYA/Content/BoyCharacter/Animation/Sprites/Idle/boyconceptFINanimationWALK00_Sprite.uasset" 254
"F:/!!!SANYA/!UNREAL/!SANYA/Content/BoyCharacter/Animation/Sprites/Idle/boyconceptFINanimationWALK01.uasset" 255
"F:/!!!SANYA/!UNREAL/!SANYA/Content/BoyCharacter/Animation/Sprites/Idle/boyconceptFINanimationWALK01_Sprite.uasset" 256
"F:/!!!SANYA/!UNREAL/!SANYA/Content/BoyCharacter/Animation/Sprites/Idle/boyconceptFINanimationWALK02.uasset" 257
"F:/!!!SANYA/!UNREAL/!SANYA/Content/BoyCharacter/Animation/Sprites/Idle/boyconceptFINanimationWALK02_Sprite.uasset" 258
"F:/!!!SANYA/!UNREAL/!SANYA/Content/BoyCharacter/Animation/Sprites/Idle/boyconceptFINanimationWALK03.uasset" 259
"F:/!!!SANYA/!UNREAL/!SANYA/Content/BoyCharacter/Animation/Sprites/Idle/boyconceptFINanimationWALK03_Sprite.uasset" 260
"F:/!!!SANYA/!UNREAL/!SANYA/Content/BoyCharacter/Animation/Sprites/Idle/boyconceptFINanimationWALK04.uasset" 261
"F:/!!!SANYA/!UNREAL/!SANYA/Content/BoyCharacter/Animation/Sprites/Idle/boyconceptFINanimationWALK04_Sprite.uasset" 262
"F:/!!!SANYA/!UNREAL/!SANYA/Content/BoyCharacter/Animation/Sprites/Idle/boyconceptFINanimationWALK05.uasset" 263
"F:/!!!SANYA/!UNREAL/!SANYA/Content/BoyCharacter/Animation/Sprites/Idle/boyconceptFINanimationWALK05_Sprite.uasset" 264
"F:/!!!SANYA/!UNREAL/!SANYA/Content/BoyCharacter/Animation/Sprites/Idle/boyconceptFINanimationWALK06.uasset" 265
"F:/!!!SANYA/!UNREAL/!SANYA/Content/BoyCharacter/Animation/Sprites/Idle/boyconceptFINanimationWALK06_Sprite.uasset" 266
"F:/!!!SANYA/!UNREAL/!SANYA/Content/BoyCharacter/Animation/Sprites/Idle/boyconceptFINanimationWALK07.uasset" 267
"F:/!!!SANYA/!UNREAL/!SANYA/Content/BoyCharacter/Animation/Sprites/Idle/boyconceptFINanimationWALK07_Sprite.uasset" 268
"F:/!!!SANYA/!UNREAL/!SANYA/Content/BoyCharacter/Animation/Sprites/Idle/boyconceptFINanimationWALK08.uasset" 269
"F:/!!!SANYA/!UNREAL/!SANYA/Content/BoyCharacter/Animation/Sprites/Idle/boyconceptFINanimationWALK08_Sprite.uasset" 270
"F:/!!!SANYA/!UNREAL/!SANYA/Content/BoyCharacter/Animation/Sprites/Idle/boyconceptFINanimationWALK09.uasset" 271
"F:/!!!SANYA/!UNREAL/!SANYA/Content/BoyCharacter/Animation/Sprites/Idle/boyconceptFINanimationWALK09_Sprite.uasset" 272
"F:/!!!SANYA/!UNREAL/!SANYA/Content/BoyCharacter/Animation/Flipbooks/Idle.uasset" 273
"F:/!!!SANYA/!UNREAL/!SANYA/Content/BoyCharacter/Animation/Sprites/Run/boyRUN00.uasset" 274
"F:/!!!SANYA/!UNREAL/!SANYA/Content/BoyCharacter/Animation/Sprites/Run/boyRUN00_Sprite_0.uasset" 275
"F:/!!!SANYA/!UNREAL/!SANYA/Content/BoyCharacter/Animation/Sprites/Run/boyRUN01.uasset" 276
"F:/!!!SANYA/!UNREAL/!SANYA/Content/BoyCharacter/Animation/Sprites/Run/boyRUN01_Sprite_0.uasset" 277
"F:/!!!SANYA/!UNREAL/!SANYA/Content/BoyCharacter/Animation/Sprites/Run/boyRUN02.uasset" 278
"F:/!!!SANYA/!UNREAL/!SANYA/Content/BoyCharacter/Animation/Sprites/Run/boyRUN02_Sprite_0.uasset" 279
"F:/!!!SANYA/!UNREAL/!SANYA/Content/BoyCharacter/Animation/Sprites/Run/boyRUN03.uasset" 280
"F:/!!!SANYA/!UNREAL/!SANYA/Content/BoyCharacter/Animation/Sprites/Run/boyRUN03_Sprite_0.uasset" 281
"F:/!!!SANYA/!UNREAL/!SANYA/Content/BoyCharacter/Animation/Sprites/Run/boyRUN04.uasset" 282
"F:/!!!SANYA/!UNREAL/!SANYA/Content/BoyCharacter/Animation/Sprites/Run/boyRUN04_Sprite_0.uasset" 283
"F:/!!!SANYA/!UNREAL/!SANYA/Content/BoyCharacter/Animation/Sprites/Run/boyRUN05.uasset" 284
"F:/!!!SANYA/!UNREAL/!SANYA/Content/BoyCharacter/Animation/Sprites/Run/boyRUN05_Sprite_0.uasset" 285
"F:/!!!SANYA/!UNREAL/!SANYA/Content/BoyCharacter/Animation/Sprites/Run/boyRUN06.uasset" 286
"F:/!!!SANYA/!UNREAL/!SANYA/Content/BoyCharacter/Animation/Sprites/Run/boyRUN06_Sprite_0.uasset" 287
"F:/!!!SANYA/!UNREAL/!SANYA/Content/BoyCharacter/Animation/Sprites/Run/boyRUN08.uasset" 288
"F:/!!!SANYA/!UNREAL/!SANYA/Content/BoyCharacter/Animation/Sprites/Run/boyRUN08_Sprite_0.uasset" 289
"F:/!!!SANYA/!UNREAL/!SANYA/Content/BoyCharacter/Animation/Sprites/Run/boyRUN09.uasset" 290
"F:/!!!SANYA/!UNREAL/!SANYA/Content/BoyCharacter/Animation/Sprites/Run/boyRUN09_Sprite_0.uasset" 291
"F:/!!!SANYA/!UNREAL/!SANYA/Content/BoyCharacter/Animation/Sprites/Run/boyRUN10.uasset" 292
"F:/!!!SANYA/!UNREAL/!SANYA/Content/BoyCharacter/Animation/Sprites/Run/boyRUN10_Sprite_0.uasset" 293
"F:/!!!SANYA/!UNREAL/!SANYA/Content/BoyCharacter/Animation/Sprites/Run/boyRUN11.uasset" 294
"F:/!!!SANYA/!UNREAL/!SANYA/Content/BoyCharacter/Animation/Sprites/Run/boyRUN11_Sprite_0.uasset" 295
"F:/!!!SANYA/!UNREAL/!SANYA/Content/BoyCharacter/Animation/Flipbooks/Run.uasset" 296
"F:/!!!SANYA/!UNREAL/!SANYA/Content/BoyCharacter/Animation/Sprites/Scared/boyscared00.uasset" 297
"F:/!!!SANYA/!UNREAL/!SANYA/Content/BoyCharacter/Animation/Sprites/Scared/boyscared00_Sprite.uasset" 298
"F:/!!!SANYA/!UNREAL/!SANYA/Content/BoyCharacter/Animation/Sprites/Scared/boyscared01.uasset" 299
"F:/!!!SANYA/!UNREAL/!SANYA/Content/BoyCharacter/Animation/Sprites/Scared/boyscared01_Sprite.uasset" 300
"F:/!!!SANYA/!UNREAL/!SANYA/Content/BoyCharacter/Animation/Sprites/Scared/boyscared02.uasset" 301
"F:/!!!SANYA/!UNREAL/!SANYA/Content/BoyCharacter/Animation/Sprites/Scared/boyscared02_Sprite.uasset" 302
"F:/!!!SANYA/!UNREAL/!SANYA/Content/BoyCharacter/Animation/Sprites/Scared/boyscared03.uasset" 303
"F:/!!!SANYA/!UNREAL/!SANYA/Content/BoyCharacter/Animation/Sprites/Scared/boyscared03_Sprite.uasset" 304
"F:/!!!SANYA/!UNREAL/!SANYA/Content/BoyCharacter/Animation/Flipbooks/Scared.uasset" 305
"F:/!!!SANYA/!UNREAL/!SANYA/Content/BoyCharacter/Animation/Sprites/Walk2/boyconceptFINanimationWALK00.uasset" 306
"F:/!!!SANYA/!UNREAL/!SANYA/Content/BoyCharacter/Animation/Sprites/Walk2/boyconceptFINanimationWALK00_Sprite_0.uasset" 307
"F:/!!!SANYA/!UNREAL/!SANYA/Content/BoyCharacter/Animation/Sprites/Walk2/boyconceptFINanimationWALK01.uasset" 308
"F:/!!!SANYA/!UNREAL/!SANYA/Content/BoyCharacter/Animation/Sprites/Walk2/boyconceptFINanimationWALK01_Sprite_0.uasset" 309
"F:/!!!SANYA/!UNREAL/!SANYA/Content/BoyCharacter/Animation/Sprites/Walk2/boyconceptFINanimationWALK02.uasset" 310
"F:/!!!SANYA/!UNREAL/!SANYA/Content/BoyCharacter/Animation/Sprites/Walk2/boyconceptFINanimationWALK02_Sprite_0.uasset" 311
"F:/!!!SANYA/!UNREAL/!SANYA/Content/BoyCharacter/Animation/Sprites/Walk2/boyconceptFINanimationWALK03.uasset" 312
"F:/!!!SANYA/!UNREAL/!SANYA/Content/BoyCharacter/Animation/Sprites/Walk2/boyconceptFINanimationWALK03_Sprite_0.uasset" 313
"F:/!!!SANYA/!UNREAL/!SANYA/Content/BoyCharacter/Animation/Sprites/Walk2/boyconceptFINanimationWALK04.uasset" 314
"F:/!!!SANYA/!UNREAL/!SANYA/Content/BoyCharacter/Animation/Sprites/Walk2/boyconceptFINanimationWALK04_Sprite_0.uasset" 315
"F:/!!!SANYA/!UNREAL/!SANYA/Content/BoyCharacter/Animation/Sprites/Walk2/boyconceptFINanimationWALK05.uasset" 316
"F:/!!!SANYA/!UNREAL/!SANYA/Content/BoyCharacter/Animation/Sprites/Walk2/boyconceptFINanimationWALK05_Sprite_0.uasset" 317
"F:/!!!SANYA/!UNREAL/!SANYA/Content/BoyCharacter/Animation/Sprites/Walk2/boyconceptFINanimationWALK06.uasset" 318
"F:/!!!SANYA/!UNREAL/!SANYA/Content/BoyCharacter/Animation/Sprites/Walk2/boyconceptFINanimationWALK06_Sprite_0.uasset" 319
"F:/!!!SANYA/!UNREAL/!SANYA/Content/BoyCharacter/Animation/Sprites/Walk2/boyconceptFINanimationWALK07.uasset" 320
"F:/!!!SANYA/!UNREAL/!SANYA/Content/BoyCharacter/Animation/Sprites/Walk2/boyconceptFINanimationWALK07_Sprite_0.uasset" 321
"F:/!!!SANYA/!UNREAL/!SANYA/Content/BoyCharacter/Animation/Sprites/Walk2/boyconceptFINanimationWALK08.uasset" 322
"F:/!!!SANYA/!UNREAL/!SANYA/Content/BoyCharacter/Animation/Sprites/Walk2/boyconceptFINanimationWALK08_Sprite_0.uasset" 323
"F:/!!!SANYA/!UNREAL/!SANYA/Content/BoyCharacter/Animation/Sprites/Walk2/boyconceptFINanimationWALK09.uasset" 324
"F:/!!!SANYA/!UNREAL/!SANYA/Content/BoyCharacter/Animation/Sprites/Walk2/boyconceptFINanimationWALK09_Sprite_0.uasset" 325
"F:/!!!SANYA/!UNREAL/!SANYA/Content/BoyCharacter/Animation/Sprites/Walk2/boyconceptFINanimationWALK10.uasset" 326
"F:/!!!SANYA/!UNREAL/!SANYA/Content/BoyCharacter/Animation/Sprites/Walk2/boyconceptFINanimationWALK10_Sprite_0.uasset" 327
"F:/!!!SANYA/!UNREAL/!SANYA/Content/BoyCharacter/Animation/Sprites/Walk2/boyconceptFINanimationWALK11.uasset" 328
"F:/!!!SANYA/!UNREAL/!SANYA/Content/BoyCharacter/Animation/Sprites/Walk2/boyconceptFINanimationWALK11_Sprite_0.uasset" 329
"F:/!!!SANYA/!UNREAL/!SANYA/Content/BoyCharacter/Animation/Flipbooks/Walk2.uasset" 330
"F:/!!!SANYA/!UNREAL/!SANYA/Content/BoyCharacter/Animation/Sprites/Scared/boyscaredIDLE.uasset" 331
"F:/!!!SANYA/!UNREAL/!SANYA/Content/BoyCharacter/Animation/Sprites/Stroking/boyconceptFINanimationWALK00.uasset" 332
"F:/!!!SANYA/!UNREAL/!SANYA/Content/BoyCharacter/Animation/Sprites/Stroking/boyconceptFINanimationWALK00_Sprite_0.uasset" 333
"F:/!!!SANYA/!UNREAL/!SANYA/Content/BoyCharacter/Animation/Sprites/Stroking/boyconceptFINanimationWALK01.uasset" 334
"F:/!!!SANYA/!UNREAL/!SANYA/Content/BoyCharacter/Animation/Sprites/Stroking/boyconceptFINanimationWALK01_Sprite_0.uasset" 335
"F:/!!!SANYA/!UNREAL/!SANYA/Content/BoyCharacter/Animation/Sprites/Stroking/boyconceptFINanimationWALK02.uasset" 336
"F:/!!!SANYA/!UNREAL/!SANYA/Content/BoyCharacter/Animation/Sprites/Stroking/boyconceptFINanimationWALK02_Sprite_0.uasset" 337
"F:/!!!SANYA/!UNREAL/!SANYA/Content/BoyCharacter/Animation/Sprites/Stroking/boyconceptFINanimationWALK03.uasset" 338
"F:/!!!SANYA/!UNREAL/!SANYA/Content/BoyCharacter/Animation/Sprites/Stroking/boyconceptFINanimationWALK03_Sprite_2.uasset" 339
"F:/!!!SANYA/!UNREAL/!SANYA/Content/BoyCharacter/Animation/Sprites/Stroking/boyconceptFINanimationWALK04.uasset" 340
"F:/!!!SANYA/!UNREAL/!SANYA/Content/BoyCharacter/Animation/Sprites/Stroking/boyconceptFINanimationWALK04_Sprite_0.uasset" 341
"F:/!!!SANYA/!UNREAL/!SANYA/Content/BoyCharacter/Animation/Sprites/Stroking/boyconceptFINanimationWALK05.uasset" 342
"F:/!!!SANYA/!UNREAL/!SANYA/Content/BoyCharacter/Animation/Sprites/Stroking/boyconceptFINanimationWALK05_Sprite_0.uasset" 343
"F:/!!!SANYA/!UNREAL/!SANYA/Content/BoyCharacter/Animation/Sprites/Stroking/boyconceptFINanimationWALK06.uasset" 344
"F:/!!!SANYA/!UNREAL/!SANYA/Content/BoyCharacter/Animation/Sprites/Stroking/boyconceptFINanimationWALK06_Sprite.uasset" 345
"F:/!!!SANYA/!UNREAL/!SANYA/Content/BoyCharacter/Animation/Sprites/Stroking/boyconceptFINanimationWALK07.uasset" 346
"F:/!!!SANYA/!UNREAL/!SANYA/Content/BoyCharacter/Animation/Sprites/Stroking/boyconceptFINanimationWALK07_Sprite.uasset" 347
"F:/!!!SANYA/!UNREAL/!SANYA/Content/BoyCharacter/Animation/Sprites/Stroking/boyconceptFINanimationWALK08.uasset" 348
"F:/!!!SANYA/!UNREAL/!SANYA/Content/BoyCharacter/Animation/Sprites/Stroking/boyconceptFINanimationWALK08_Sprite.uasset" 349
"F:/!!!SANYA/!UNREAL/!SANYA/Content/BoyCharacter/Animation/Sprites/Stroking/Stroking.uasset" 350
"F:/!!!SANYA/!UNREAL/!SANYA/Content/Interface/icon_BRING.uasset" 351
"F:/!!!SANYA/!UNREAL/!SANYA/Content/Interface/W_icon_bring.uasset" 352
"F:/!!!SANYA/!UNREAL/!SANYA/Content/Interface/icon_DOGHERE.uasset" 353
"F:/!!!SANYA/!UNREAL/!SANYA/Content/Interface/W_Icon_DogHere.uasset" 354
"F:/!!!SANYA/!UNREAL/!SANYA/Content/Interface/icon_DOGGO.uasset" 355
"F:/!!!SANYA/!UNREAL/!SANYA/Content/Interface/W_icon_go.uasset" 356
"F:/!!!SANYA/!UNREAL/!SANYA/Content/BoyCharacter/Blueprints/Sanya.uasset" 357
"F:/!!!SANYA/!UNREAL/!SANYA/Content/BoyCharacter/Blueprints/boyCharacter.uasset" 358
"F:/!!!SANYA/!UNREAL/!SANYA/Content/BoyCharacter/Blueprints/2DSideScrollerCharacter.uasset" 359
"F:/!!!SANYA/!UNREAL/!SANYA/Content/BoyCharacter/Blueprints/2DSideScrollerCharacter_C.uasset" 360
"F:/!!!SANYA/!UNREAL/!SANYA/Content/DogCharacter/Animation/Sprites/dogANIMATIONsit1.uasset" 361
"F:/!!!SANYA/!UNREAL/!SANYA/Content/DogCharacter/Animation/Sprites/Walk/dogANIMATION05.uasset" 362
"F:/!!!SANYA/!UNREAL/!SANYA/Content/DogCharacter/Blueprints/DogCharCopy.uasset" 363
"F:/!!!SANYA/!UNREAL/!SANYA/Content/DogCharacter/Blueprints/DogCharCopy_C.uasset" 364
"F:/!!!SANYA/!UNREAL/!SANYA/Content/DogCharacter/Blueprints/Decorators/BTD_BoyOrder.uasset" 365
"F:/!!!SANYA/!UNREAL/!SANYA/Content/DogCharacter/Blueprints/Tasks/BTT_PrintString.uasset" 366
"F:/!!!SANYA/!UNREAL/!SANYA/Content/Interface/icon_lmb.uasset" 367
"F:/!!!SANYA/!UNREAL/!SANYA/Content/Interface/W_lMB.uasset" 368
"F:/!!!SANYA/!UNREAL/!SANYA/Content/Interface/icon_lmb_small.uasset" 369
"F:/!!!SANYA/!UNREAL/!SANYA/Content/Interface/W_LMB_Small.uasset" 370
"F:/!!!SANYA/!UNREAL/!SANYA/Content/Interface/MOUSE/icon_mouse1.uasset" 371
"F:/!!!SANYA/!UNREAL/!SANYA/Content/Interface/MOUSE/Mouse_arrow.uasset" 372
"F:/!!!SANYA/!UNREAL/!SANYA/Content/ThingsBP/LightBEFORE.uasset" 373
"F:/!!!SANYA/!UNREAL/!SANYA/Content/Sprites/LightBEFORE.uasset" 374
"F:/!!!SANYA/!UNREAL/!SANYA/Content/Sprites/Light/OpasityCollection.uasset" 375
"F:/!!!SANYA/!UNREAL/!SANYA/Content/Sprites/Light/LightMat.uasset" 376
"F:/!!!SANYA/!UNREAL/!SANYA/Content/Sprites/LightMat.uasset" 377
"F:/!!!SANYA/!UNREAL/!SANYA/Content/Sprites/Materials/TranslucentLitSpriteMaterial.uasset" 378
"F:/!!!SANYA/!UNREAL/!SANYA/Content/Sprites/nebo_night.uasset" 379
"F:/!!!SANYA/!UNREAL/!SANYA/Content/Sprites/Sprites/nebo_night_Sprite.uasset" 380
"F:/!!!SANYA/!UNREAL/!SANYA/Content/Sprites/nebo_night_Sprite.uasset" 381
"F:/!!!SANYA/!UNREAL/!SANYA/Content/Sprites/Nebo.uasset" 382
"F:/!!!SANYA/!UNREAL/!SANYA/Content/Sprites/Sprites/Nebo_Sprite.uasset" 383
"F:/!!!SANYA/!UNREAL/!SANYA/Content/Sprites/Nebo_Sprite.uasset" 384
"F:/!!!SANYA/!UNREAL/!SANYA/Content/Sprites/OpasityCollection.uasset" 385
"F:/!!!SANYA/!UNREAL/!SANYA/Content/Sprites/roomcommon.uasset" 386
"F:/!!!SANYA/!UNREAL/!SANYA/Content/Sprites/Sprites/roomcommon_Sprite.uasset" 387
"F:/!!!SANYA/!UNREAL/!SANYA/Content/Sprites/roomgeneral_Sprite.uasset" 388
"F:/!!!SANYA/!UNREAL/!SANYA/Content/Sprites/roomHALL_01.uasset" 389
"F:/!!!SANYA/!UNREAL/!SANYA/Content/Sprites/Sprites/roomHALL_01_Sprite.uasset" 390
"F:/!!!SANYA/!UNREAL/!SANYA/Content/Sprites/roomHALL_01_Sprite.uasset" 391
"F:/!!!SANYA/!UNREAL/!SANYA/Content/Sprites/roomhall.uasset" 392
"F:/!!!SANYA/!UNREAL/!SANYA/Content/Sprites/Sprites/roomhall_Sprite.uasset" 393
"F:/!!!SANYA/!UNREAL/!SANYA/Content/Sprites/roomhall_Sprite.uasset" 394
"F:/!!!SANYA/!UNREAL/!SANYA/Content/Sprites/roomKITCHEN.uasset" 395
"F:/!!!SANYA/!UNREAL/!SANYA/Content/Sprites/Sprites/roomKITCHEN_Sprite.uasset" 396
"F:/!!!SANYA/!UNREAL/!SANYA/Content/Sprites/roomKITCHEN_Sprite.uasset" 397
"F:/!!!SANYA/!UNREAL/!SANYA/Content/Sprites/room_light.uasset" 398
"F:/!!!SANYA/!UNREAL/!SANYA/Content/Sprites/Sprites/room_light_Sprite.uasset" 399
"F:/!!!SANYA/!UNREAL/!SANYA/Content/Sprites/room_light_Sprite.uasset" 400
"F:/!!!SANYA/!UNREAL/!SANYA/Content/Sprites/Room.uasset" 401
"F:/!!!SANYA/!UNREAL/!SANYA/Content/Sprites/Sprites/Room_Sprite1.uasset" 402
"F:/!!!SANYA/!UNREAL/!SANYA/Content/Sprites/Room_Sprite1.uasset" 403
"F:/!!!SANYA/!UNREAL/!SANYA/Content/Sprites/Room_Sprite.uasset" 404
"F:/!!!SANYA/!UNREAL/!SANYA/Content/Sprites/room_tumba.uasset" 405
"F:/!!!SANYA/!UNREAL/!SANYA/Content/Sprites/Sprites/room_tumba_Sprite.uasset" 406
"F:/!!!SANYA/!UNREAL/!SANYA/Content/Sprites/room_tumba_Sprite.uasset" 407
"F:/!!!SANYA/!UNREAL/!SANYA/Content/Sprites/sh.uasset" 408
"F:/!!!SANYA/!UNREAL/!SANYA/Content/Sprites/Sprites/sh_Sprite.uasset" 409
"F:/!!!SANYA/!UNREAL/!SANYA/Content/Sprites/sh_Sprite.uasset" 410
"F:/!!!SANYA/!UNREAL/!SANYA/Content/Sprites/Stena_Sprite.uasset" 411
"F:/!!!SANYA/!UNREAL/!SANYA/Content/Sprites/Light/LightMat_Inst.uasset" 412
"F:/!!!SANYA/!UNREAL/!SANYA/Content/Sprites/Materials/DefaultLitSpriteMaterial.uasset" 413
"F:/!!!SANYA/!UNREAL/!SANYA/Content/Sprites/Materials/DefaultSpriteMaterial.uasset" 414
"F:/!!!SANYA/!UNREAL/!SANYA/Content/Sprites/Materials/OpaqueLitSpriteMaterial.uasset" 415
"F:/!!!SANYA/!UNREAL/!SANYA/Content/Sprites/Materials/OpaqueUnlitSpriteMaterial.uasset" 416
"F:/!!!SANYA/!UNREAL/!SANYA/Content/ThingsBP/BP_Food.uasset" 417
"F:/!!!SANYA/!UNREAL/!SANYA/Content/ThingsBP/BP_Things_Child.uasset" 418
"../../../Engine/Content/Animation/DefaultAnimCurveCompressionSettings.uasset" 419
"../../../Engine/Content/Functions/Engine_MaterialFunctions01/Opacity/CameraDepthFade.uasset" 420
"../../../Engine/Content/EngineMaterials/T_Default_Material_Grid_M.uasset" 421
"../../../Engine/Content/EngineMaterials/T_Default_Material_Grid_N.uasset" 422
"../../../Engine/Content/EngineMaterials/WorldGridMaterial.uasset" 423
"../../../Engine/Content/ArtTools/RenderToTexture/Meshes/S_1_Unit_Plane.uasset" 424
"../../../Engine/Content/EngineMaterials/DefaultMaterial.uasset" 425
"../../../Engine/Content/BasicShapes/Cylinder.uasset" 426
"../../../Engine/Content/EditorLandscapeResources/DataLayer.uasset" 427
"../../../Engine/Content/EditorMaterials/GizmoMaterial.uasset" 428
"../../../Engine/Content/EditorMaterials/MAT_Groups_Toggle.uasset" 429
"../../../Engine/Content/EditorMaterials/MAT_Groups_Visibility.uasset" 430
"../../../Engine/Content/EditorMaterials/PreviewShadowIndicator.uasset" 431
"../../../Engine/Content/EditorMaterials/PreviewShadowIndicatorMaterial.uasset" 432
"../../../Engine/Content/EditorMaterials/MatineeGroups/MAT_ColorTrack.uasset" 433
"../../../Engine/Content/EditorMaterials/MatineeGroups/MAT_Groups_Anim.uasset" 434
"../../../Engine/Content/EditorMaterials/MatineeGroups/MAT_Groups_AudioMaster.uasset" 435
"../../../Engine/Content/EditorMaterials/MatineeGroups/MAT_Groups_Director.uasset" 436
"../../../Engine/Content/EditorMaterials/MatineeGroups/MAT_Groups_Event.uasset" 437
"../../../Engine/Content/EditorMaterials/MatineeGroups/MAT_Groups_Fade.uasset" 438
"../../../Engine/Content/EditorMaterials/MatineeGroups/MAT_Groups_Float.uasset" 439
"../../../Engine/Content/EditorMaterials/MatineeGroups/MAT_Groups_Move.uasset" 440
"../../../Engine/Content/EditorMaterials/MatineeGroups/MAT_Groups_Slomo.uasset" 441
"../../../Engine/Content/EditorMaterials/MatineeGroups/MAT_Groups_Sound.uasset" 442
"../../../Engine/Content/EditorMaterials/MatineeGroups/MAT_Groups_Vector.uasset" 443
"../../../Engine/Content/EditorMaterials/ParticleSystems/PSysThumbnail_NoImage.uasset" 444
"../../../Engine/Content/EditorMaterials/ParticleSystems/PSysThumbnail_OOD.uasset" 445
"../../../Engine/Content/EditorMaterials/Camera/CineMat.uasset" 446
"../../../Engine/Content/EditorMaterials/Camera/MI_CineMat_Rig.uasset" 447
"../../../Engine/Content/EditorMeshes/Camera/SM_CraneRig_Arm.uasset" 448
"../../../Engine/Content/EditorMeshes/Camera/SM_CraneRig_Base.uasset" 449
"../../../Engine/Content/EditorMeshes/Camera/SM_CraneRig_Body.uasset" 450
"../../../Engine/Content/EditorMeshes/Camera/SM_CraneRig_Mount.uasset" 451
"../../../Engine/Content/EditorMeshes/Camera/SM_RailRig_Mount.uasset" 452
"../../../Engine/Content/EditorMeshes/Camera/SM_RailRig_Track.uasset" 453
"../../../Engine/Content/EditorResources/BSPVertex.uasset" 454
"../../../Engine/Content/EditorResources/EmptyActor.uasset" 455
"../../../Engine/Content/EditorResources/S_Actor.uasset" 456
"../../../Engine/Content/EditorResources/S_Note.uasset" 457
"../../../Engine/Content/EditorResources/S_Trigger.uasset" 458
"../../../Engine/Content/EditorResources/LightIcons/S_LightError.uasset" 459
"../../../Engine/Content/EditorResources/SequenceRecorder/Countdown.uasset" 460
"../../../Engine/Content/EditorResources/SequenceRecorder/RecordingIndicator.uasset" 461
"../../../Engine/Content/EditorSounds/Notifications/CompileFailed.uasset" 462
"../../../Engine/Content/EditorSounds/Notifications/CompileFailed_Cue.uasset" 463
"../../../Engine/Content/EditorSounds/Notifications/CompileSuccess.uasset" 464
"../../../Engine/Content/EditorSounds/Notifications/CompileStart_Cue.uasset" 465
"../../../Engine/Content/EditorSounds/Notifications/CompileSuccess_Cue.uasset" 466
"../../../Engine/Content/EngineDamageTypes/DmgTypeBP_Environmental.uasset" 467
"../../../Engine/Content/EngineDebugMaterials/HeatmapGradient.uasset" 468
"../../../Engine/Content/EngineDebugMaterials/BoneWeightMaterial.uasset" 469
"../../../Engine/Content/EngineDebugMaterials/ClothMaterial.uasset" 470
"../../../Engine/Content/EngineDebugMaterials/ClothMaterial_WF.uasset" 471
"../../../Engine/Content/EngineDebugMaterials/DebugEditorMaterial.uasset" 472
"../../../Engine/Content/EngineDebugMaterials/DebugMeshMaterial.uasset" 473
"../../../Engine/Content/EngineDebugMaterials/GeomMaterial.uasset" 474
"../../../Engine/Content/EngineDebugMaterials/M_SimpleTranslucent.uasset" 475
"../../../Engine/Content/EngineFonts/Faces/RobotoBold.uasset" 476
"../../../Engine/Content/EngineFonts/Faces/RobotoBoldItalic.uasset" 477
"../../../Engine/Content/EngineFonts/Faces/RobotoItalic.uasset" 478
"../../../Engine/Content/EngineFonts/Faces/RobotoLight.uasset" 479
"../../../Engine/Content/EngineFonts/Faces/RobotoRegular.uasset" 480
"../../../Engine/Content/EngineFonts/Roboto.uasset" 481
"../../../Engine/Content/EngineFonts/Faces/RobotoTiny.uasset" 482
"../../../Engine/Content/EngineFonts/RobotoTiny.uasset" 483
"../../../Engine/Content/EngineMaterials/BaseFlattenDiffuseMap.uasset" 484
"../../../Engine/Content/EngineMaterials/BaseFlattenEmissiveMap.uasset" 485
"../../../Engine/Content/EngineMaterials/BaseFlattenGrayscaleMap.uasset" 486
"../../../Engine/Content/EngineMaterials/BaseFlattenNormalMap.uasset" 487
"../../../Engine/Content/EngineMaterials/BaseFlattenMaterial.uasset" 488
"../../../Engine/Content/EngineMaterials/DefaultBloomKernel.uasset" 489
"../../../Engine/Content/EngineMaterials/DefaultBokeh.uasset" 490
"../../../Engine/Content/EngineMaterials/DefaultDiffuse.uasset" 491
"../../../Engine/Content/EngineMaterials/DefaultDeferredDecalMaterial.uasset" 492
"../../../Engine/Content/EngineMaterials/DefaultLightFunctionMaterial.uasset" 493
"../../../Engine/Content/EngineMaterials/DefaultPhysicalMaterial.uasset" 494
"../../../Engine/Content/Functions/Engine_MaterialFunctions02/Utility/BreakOutFloat2Components.uasset" 495
"../../../Engine/Content/EngineMaterials/DefaultPostProcessMaterial.uasset" 496
"../../../Engine/Content/EngineFonts/RobotoDistanceField.uasset" 497
"../../../Engine/Content/EngineMaterials/DefaultTextMaterialOpaque.uasset" 498
"../../../Engine/Content/EngineMaterials/DefaultWhiteGrid.uasset" 499
"../../../Engine/Content/EngineMaterials/EditorBrushMaterial.uasset" 500
"../../../Engine/Content/EngineMaterials/Good64x64TilingNoiseHighFreq.uasset" 501
"../../../Engine/Content/EngineMaterials/MiniFont.uasset" 502
"../../../Engine/Content/EngineMaterials/InvalidLightmapSettings.uasset" 503
"../../../Engine/Content/EngineMaterials/M_InvalidLightmapSettings.uasset" 504
"../../../Engine/Content/Functions/Engine_MaterialFunctions02/WorldPositionOffset/CameraOffset.uasset" 505
"../../../Engine/Content/EngineMaterials/PhAT_JointLimitMaterial.uasset" 506
"../../../Engine/Content/EngineMaterials/PreintegratedSkinBRDF.uasset" 507
"../../../Engine/Content/EngineMaterials/RemoveSurfaceMaterial.uasset" 508
"../../../Engine/Content/EngineMaterials/WeightMapPlaceholderTexture.uasset" 509
"../../../Engine/Content/EngineResources/WhiteSquareTexture.uasset" 510
"../../../Engine/Content/EngineMaterials/Widget3DPassThrough.uasset" 511
"../../../Engine/Content/EngineMaterials/Widget3DPassThrough_Masked.uasset" 512
"../../../Engine/Content/EngineMaterials/Widget3DPassThrough_Opaque.uasset" 513
"../../../Engine/Content/EngineMaterials/Widget3DPassThrough_Masked_OneSided.uasset" 514
"../../../Engine/Content/EngineMaterials/Widget3DPassThrough_Opaque_OneSided.uasset" 515
"../../../Engine/Content/EngineMaterials/Widget3DPassThrough_Translucent.uasset" 516
"../../../Engine/Content/EngineMaterials/Widget3DPassThrough_Translucent_OneSided.uasset" 517
"../../../Engine/Content/EngineMeshes/Cylinder.uasset" 518
"../../../Engine/Content/EngineMeshes/Sphere.uasset" 519
"../../../Engine/Content/EngineResources/Black.uasset" 520
"../../../Engine/Content/EngineResources/DefaultTexture.uasset" 521
"../../../Engine/Content/EngineResources/DefaultTextureCube.uasset" 522
"../../../Engine/Content/EngineResources/DefaultVolumeTexture2D.uasset" 523
"../../../Engine/Content/EngineResources/DefaultVolumeTexture.uasset" 524
"../../../Engine/Content/EngineResources/GradientTexture0.uasset" 525
"../../../Engine/Content/EngineSounds/Master.uasset" 526
"../../../Engine/Content/Functions/Engine_MaterialFunctions01/Shading/ConvertFromDiffSpec.uasset" 527
"../../../Engine/Content/Functions/Engine_MaterialFunctions01/Shading/PowerToRoughness.uasset" 528
"../../../Engine/Content/Maps/Templates/Thumbnails/Default.uasset" 529
"../../../Engine/Content/Maps/Templates/Thumbnails/VR-Basic.uasset" 530
"../../../Engine/Content/MobileResources/T_MobileControls_texture.uasset" 531
"../../../Engine/Content/MobileResources/T_MobileMenu2.uasset" 532
"../../../Engine/Content/MobileResources/HUD/AnalogHat.uasset" 533
"../../../Engine/Content/MobileResources/HUD/VirtualJoystick_Background.uasset" 534
"../../../Engine/Content/MobileResources/HUD/VirtualJoystick_Thumb.uasset" 535
"../../../Engine/Content/MobileResources/HUD/DefaultVirtualJoysticks.uasset" 536
"../../../Engine/Content/MobileResources/HUD/LeftVirtualJoystickOnly.uasset" 537
"../../../Engine/Content/MobileResources/HUD/MobileHUDButton1_off.uasset" 538
"../../../Engine/Content/MobileResources/HUD/MobileHUDButton1_on.uasset" 539
"../../../Engine/Content/MobileResources/HUD/MobileHUDButton2_off.uasset" 540
"../../../Engine/Content/MobileResources/HUD/MobileHUDButton2_on.uasset" 541
"../../../Engine/Content/MobileResources/HUD/MobileHUDButton3.uasset" 542
"../../../Engine/Content/MobileResources/HUD/MobileHUDButtonFire.uasset" 543
"../../../Engine/Content/MobileResources/HUD/MobileHUDDirectionPad.uasset" 544
"../../../Engine/Content/MobileResources/HUD/MobileHUDDirectionPad2.uasset" 545
"../../../Engine/Content/MobileResources/HUD/MobileHUDDirectionPad3.uasset" 546
"../../../Engine/Content/MobileResources/HUD/MobileHUDDirectionStick.uasset" 547
"../../../Engine/Content/MobileResources/HUD/T_Castle_ThumbstickInner.uasset" 548
"../../../Engine/Content/MobileResources/HUD/T_Castle_ThumbstickOutter.uasset" 549
"../../../Engine/Content/Tutorial/ContentIntroCurve.uasset" 550
"../../../Engine/Content/Tutorial/Basics/LevelEditorAttract.uasset" 551
"../../../Engine/Content/Tutorial/Installation/InstallingVisualStudioTutorial.uasset" 552
"../../../Engine/Content/Tutorial/Paper2D/TutorialAssets/Paper2DSprite_TutorialIcon.uasset" 553
"../../../Engine/Content/Tutorial/Paper2D/SpriteEditorTutorial.uasset" 554
"../../../Engine/Content/VREditor/LaserPointer/VR_LaserPower_01.uasset" 555
"../../../Engine/Content/VREditor/TransformGizmo/TransformGizmoMaterial.uasset" 556
"../../../Engine/Content/VREditor/TransformGizmo/TranslucentTransformGizmoMaterial.uasset" 557
"../../../Engine/Content/VREditor/TransformGizmo/BoundingBoxCorner.uasset" 558
"../../../Engine/Content/VREditor/TransformGizmo/BoundingBoxEdge.uasset" 559
"../../../Engine/Content/VREditor/TransformGizmo/PlaneTranslationHandle.uasset" 560
"../../../Engine/Content/VREditor/TransformGizmo/Main.uasset" 561
"../../../Engine/Content/VREditor/TransformGizmo/Xray.uasset" 562
"../../../Engine/Content/VREditor/TransformGizmo/SM_Sequencer_Key.uasset" 563
"../../../Engine/Content/VREditor/TransformGizmo/SM_Sequencer_Node.uasset" 564
"../../Plugins/2D/Paper2D/Content/DummySprite.uasset" 565
"../../Plugins/2D/Paper2D/Content/DefaultPaperTerrainMaterial.uasset" 566
"../../Plugins/2D/Paper2D/Content/MaskedUnlitSpriteMaterial.uasset" 567
"../../Plugins/2D/Paper2D/Content/OpaqueUnlitSpriteMaterial.uasset" 568
"../../Plugins/Runtime/Oculus/OculusVR/Content/OculusMR_RenderTarget.uasset" 569
"../../../Engine/Content/Functions/Engine_MaterialFunctions02/Utility/BreakOutFloat4Components.uasset" 570
"../../../Engine/Content/Functions/Engine_MaterialFunctions02/Utility/MakeFloat2.uasset" 571
"../../../Engine/Content/Functions/Engine_MaterialFunctions02/Utility/MakeFloat3.uasset" 572
"../../Plugins/Runtime/Oculus/OculusVR/Content/Materials/OculusMR_ChromaKey.uasset" 573
"../../Plugins/Runtime/Oculus/OculusVR/Content/Materials/OculusMR_ChromaKey_Lit.uasset" 574
"../../Plugins/Runtime/Oculus/OculusVR/Content/Materials/OculusMR_OpaqueColoredMaterial.uasset" 575
"../../Plugins/Runtime/Oculus/OculusVR/Content/Materials/OculusMR_WhiteMaterial.uasset" 576
"../../Plugins/Runtime/Oculus/OculusVR/Content/Materials/PokeAHoleMaterial.uasset" 577
"../../Plugins/Runtime/Oculus/OculusVR/Content/Textures/GearVRController_AO.uasset" 578
"../../Plugins/Runtime/Oculus/OculusVR/Content/Textures/GearVRController_Color.uasset" 579
"../../Plugins/Runtime/Oculus/OculusVR/Content/Textures/GearVRController_Normal.uasset" 580
"../../Plugins/Runtime/Oculus/OculusVR/Content/Materials/GearVRControllerMaterial.uasset" 581
"../../Plugins/Runtime/Oculus/OculusVR/Content/Meshes/GearVrController.uasset" 582
"../../Plugins/Runtime/Oculus/OculusVR/Content/Textures/touchController_albedo.uasset" 583
"../../Plugins/Runtime/Oculus/OculusVR/Content/Textures/touchController_controlmap.uasset" 584
"../../Plugins/Runtime/Oculus/OculusVR/Content/Materials/touchController_mat.uasset" 585
"../../Plugins/Runtime/Oculus/OculusVR/Content/Meshes/LeftTouchController.uasset" 586
"../../Plugins/Runtime/Oculus/OculusVR/Content/Meshes/RiftHMD.uasset" 587
"../../Plugins/Runtime/Oculus/OculusVR/Content/Meshes/RightTouchController.uasset" 588
"F:/!!!SANYA/!UNREAL/!SANYA/Content/BoyCharacter/Blueprints/2DSideScrollerGameMode.uasset" 589
"../../../Engine/Content/BasicShapes/BasicShapeMaterial.uasset" 590
"../../../Engine/Content/BasicShapes/Cube.uasset" 591
"../../../Engine/Content/BasicShapes/Sphere.uasset" 592
"F:/!!!SANYA/!UNREAL/!SANYA/Content/ThingsBP/BP_LightOnOff.uasset" 593
"F:/!!!SANYA/!UNREAL/!SANYA/Content/ThingsBP/BP_Light.uasset" 594
"F:/!!!SANYA/!UNREAL/!SANYA/Content/ThingsBP/STUFF_ball.uasset" 595
"F:/!!!SANYA/!UNREAL/!SANYA/Content/ThingsBP/STUFF_ball_Sprite.uasset" 596
"F:/!!!SANYA/!UNREAL/!SANYA/Content/ThingsBP/BP_T_Stuff_Ball.uasset" 597
"F:/!!!SANYA/!UNREAL/!SANYA/Content/ThingsBP/STUFF_MAN.uasset" 598
"F:/!!!SANYA/!UNREAL/!SANYA/Content/ThingsBP/STUFF_MAN_Sprite.uasset" 599
"F:/!!!SANYA/!UNREAL/!SANYA/Content/ThingsBP/BP_T_Stuff_smallDoggo.uasset" 600
"F:/!!!SANYA/!UNREAL/!SANYA/Content/ThingsBP/STUFF_sock.uasset" 601
"F:/!!!SANYA/!UNREAL/!SANYA/Content/ThingsBP/STUFF_sock_Sprite.uasset" 602
"F:/!!!SANYA/!UNREAL/!SANYA/Content/ThingsBP/BP_T_Stuff_Sock.uasset" 603
"F:/!!!SANYA/!UNREAL/!SANYA/Content/ThingsBP/Content1.uasset" 604
"F:/!!!SANYA/!UNREAL/!SANYA/Content/ThingsBP/Content2.uasset" 605
"F:/!!!SANYA/!UNREAL/!SANYA/Content/ThingsBP/Content3.uasset" 606
"F:/!!!SANYA/!UNREAL/!SANYA/Content/ThingsBP/ContentALL.uasset" 607
"F:/!!!SANYA/!UNREAL/!SANYA/Content/ThingsBP/Contentmouse.uasset" 608
"F:/!!!SANYA/!UNREAL/!SANYA/Content/ThingsBP/STUFF_close.uasset" 609
"F:/!!!SANYA/!UNREAL/!SANYA/Content/ThingsBP/CONTENT.uasset" 610
"F:/!!!SANYA/!UNREAL/!SANYA/Content/ThingsBP/ContentALL_Sprite.uasset" 611
"F:/!!!SANYA/!UNREAL/!SANYA/Content/ThingsBP/BP_Things_CONTENT.uasset" 612
"F:/!!!SANYA/!UNREAL/!SANYA/Content/ThingsBP/LightAFTER.uasset" 613
"F:/!!!SANYA/!UNREAL/!SANYA/Content/BoyCharacter/Maps/2DSideScrollerExampleMap_BuiltData.uasset" 614
"F:/!!!SANYA/!UNREAL/!SANYA/Content/Sprites/Light/Light.uasset" 615
"F:/!!!SANYA/!UNREAL/!SANYA/Content/ThingsBP/LightHall.uasset" 616
"F:/!!!SANYA/!UNREAL/!SANYA/Content/Sprites/Light/LightFINNN.uasset" 617
"F:/!!!SANYA/!UNREAL/!SANYA/Content/Sprites/Light/TranslucentUnlitSpriteMaterial1.uasset" 618
"F:/!!!SANYA/!UNREAL/!SANYA/Content/Sprites/Materials/MaskedUnlitSpriteMaterial.uasset" 619
"F:/!!!SANYA/!UNREAL/!SANYA/Content/Sprites/Materials/TranslucentUnlitSpriteMaterial.uasset" 620
"F:/!!!SANYA/!UNREAL/!SANYA/Content/Sprites/PostProcess/Mat_ColoredFog.uasset" 621
"F:/!!!SANYA/!UNREAL/!SANYA/Content/Sprites/PostProcess/Mat_ColoredFog_Inst.uasset" 622
"../../Plugins/2D/Paper2D/Content/MaskedLitSpriteMaterial.uasset" 623
"../../../Engine/Content/BasicShapes/Cone.uasset" 624
"../../../Engine/Content/BasicShapes/Plane.uasset" 625
"../../../Engine/Content/MapTemplates/Bokeh_5Sides.uasset" 626
"../../../Engine/Content/MapTemplates/T_ScreenDirt02_w.uasset" 627
"F:/!!!SANYA/!UNREAL/!SANYA/Content/Interface/icon_dairy.uasset" 628
"F:/!!!SANYA/!UNREAL/!SANYA/Content/Interface/icon_dairy2.uasset" 629
"F:/!!!SANYA/!UNREAL/!SANYA/Content/Interface/W_Dairy.uasset" 630
"F:/!!!SANYA/!UNREAL/!SANYA/Content/Interface/W_MainScreen.uasset" 631
"F:/!!!SANYA/!UNREAL/!SANYA/Content/PointClick.uasset" 632
"F:/!!!SANYA/!UNREAL/!SANYA/Content/Sound/Jacaszek_-_Elegia.uasset" 633
"F:/!!!SANYA/!UNREAL/!SANYA/Content/Sprites/roomKITCHEN_table.uasset" 634
"F:/!!!SANYA/!UNREAL/!SANYA/Content/Sprites/roomKITCHEN_table_Sprite.uasset" 635
"F:/!!!SANYA/!UNREAL/!SANYA/Content/Sprites/roomCOMMON_TV.uasset" 636
"F:/!!!SANYA/!UNREAL/!SANYA/Content/Sprites/Sprites/roomCOMMON_TV_Sprite.uasset" 637
"F:/!!!SANYA/!UNREAL/!SANYA/Content/BoyCharacter/Maps/2DSideScrollerExampleMap.umap" 638
"../../../Engine/Content/Maps/Entry_BuiltData.uasset" 639
"../../../Engine/Content/Maps/Entry.umap" 640
