Log file open, 06/08/20 10:17:06
LogWindows: Failed to load 'aqProf.dll' (GetLastError=126)
LogWindows: File 'aqProf.dll' does not exist
LogWindows: Failed to load 'VtuneApi.dll' (GetLastError=126)
LogWindows: File 'VtuneApi.dll' does not exist
LogWindows: Failed to load 'VtuneApi32e.dll' (GetLastError=126)
LogWindows: File 'VtuneApi32e.dll' does not exist
LogConsoleResponse: Display: Failed to find resolution value strings in scalability ini. Falling back to default.
LogInit: Display: Running engine for game: Sanya
LogPakFile: Registered encryption key '00000000000000000000000000000000': 0 pak files mounted, 0 remain pending
LogPlatformFile: Not using cached read wrapper
LogTaskGraph: Started task graph with 5 named threads and 23 total threads with 3 sets of task threads.
LogStats: Stats thread started at 11.679071
LogD3D11RHI: Loaded GFSDK_Aftermath_Lib.x64.dll
LogICUInternationalization: ICU TimeZone Detection - Raw Offset: +3:00, Platform Override: ''
LogPluginManager: Mounting plugin Paper2D
LogPluginManager: Mounting plugin AISupport
LogPluginManager: Mounting plugin LightPropagationVolume
LogPluginManager: Mounting plugin ActorLayerUtilities
LogPluginManager: Mounting plugin AnimationSharing
LogPluginManager: Mounting plugin CLionSourceCodeAccess
LogPluginManager: Mounting plugin CodeLiteSourceCodeAccess
LogPluginManager: Mounting plugin GitSourceControl
LogPluginManager: Mounting plugin KDevelopSourceCodeAccess
LogPluginManager: Mounting plugin NullSourceCodeAccess
LogPluginManager: Mounting plugin PerforceSourceControl
LogPluginManager: Mounting plugin SubversionSourceControl
LogPluginManager: Mounting plugin UObjectPlugin
LogPluginManager: Mounting plugin VisualStudioCodeSourceCodeAccess
LogPluginManager: Mounting plugin VisualStudioSourceCodeAccess
LogPluginManager: Mounting plugin XCodeSourceCodeAccess
LogPluginManager: Mounting plugin AssetManagerEditor
LogPluginManager: Mounting plugin CryptoKeys
LogPluginManager: Mounting plugin DataValidation
LogPluginManager: Mounting plugin FacialAnimation
LogPluginManager: Mounting plugin GameplayTagsEditor
LogPluginManager: Mounting plugin MacGraphicsSwitching
LogPluginManager: Mounting plugin MaterialAnalyzer
LogPluginManager: Mounting plugin MobileLauncherProfileWizard
LogPluginManager: Mounting plugin PluginBrowser
LogPluginManager: Mounting plugin SpeedTreeImporter
LogPluginManager: Mounting plugin DatasmithContent
LogPluginManager: Mounting plugin VariantManagerContent
LogPluginManager: Mounting plugin AlembicImporter
LogPluginManager: Mounting plugin AppleImageUtils
LogPluginManager: Mounting plugin AppleVision
LogPluginManager: Mounting plugin BackChannel
LogPluginManager: Mounting plugin CharacterAI
LogPluginManager: Mounting plugin GeometryCache
LogPluginManager: Mounting plugin HTML5Networking
LogPluginManager: Mounting plugin ProxyLODPlugin
LogPluginManager: Mounting plugin SkeletalReduction
LogPluginManager: Mounting plugin MagicLeap
LogPluginManager: Mounting plugin MagicLeapMedia
LogPluginManager: Mounting plugin AndroidMedia
LogPluginManager: Mounting plugin AvfMedia
LogPluginManager: Mounting plugin ImgMedia
LogPluginManager: Mounting plugin LinearTimecode
LogPluginManager: Mounting plugin MediaCompositing
LogPluginManager: Mounting plugin MediaPlayerEditor
LogPluginManager: Mounting plugin WebMMedia
LogPluginManager: Mounting plugin WmfMedia
LogPluginManager: Mounting plugin TcpMessaging
LogPluginManager: Mounting plugin UdpMessaging
LogPluginManager: Mounting plugin ActorSequence
LogPluginManager: Mounting plugin LevelSequenceEditor
LogPluginManager: Mounting plugin MatineeToLevelSequence
LogPluginManager: Mounting plugin NetcodeUnitTest
LogPluginManager: Mounting plugin NUTUnrealEngine4
LogPluginManager: Mounting plugin OnlineSubsystemGooglePlay
LogPluginManager: Mounting plugin OnlineSubsystemIOS
LogPluginManager: Mounting plugin OnlineSubsystem
LogPluginManager: Mounting plugin OnlineSubsystemNull
LogPluginManager: Mounting plugin OnlineSubsystemUtils
LogPluginManager: Mounting plugin LauncherChunkInstaller
LogPluginManager: Mounting plugin AndroidDeviceProfileSelector
LogPluginManager: Mounting plugin AndroidMoviePlayer
LogPluginManager: Mounting plugin AndroidPermission
LogPluginManager: Mounting plugin AppleMoviePlayer
LogPluginManager: Mounting plugin ArchVisCharacter
LogPluginManager: Mounting plugin AudioCapture
LogPluginManager: Mounting plugin CableComponent
LogPluginManager: Mounting plugin CustomMeshComponent
LogPluginManager: Mounting plugin EditableMesh
LogPluginManager: Mounting plugin ExampleDeviceProfileSelector
LogPluginManager: Mounting plugin Firebase
LogPluginManager: Mounting plugin GoogleCloudMessaging
LogPluginManager: Mounting plugin IOSDeviceProfileSelector
LogPluginManager: Mounting plugin LinuxDeviceProfileSelector
LogPluginManager: Mounting plugin LocationServicesBPLibrary
LogPluginManager: Mounting plugin MobilePatchingUtils
LogPluginManager: Mounting plugin OculusVR
LogPluginManager: Mounting plugin PhysXVehicles
LogPluginManager: Mounting plugin ProceduralMeshComponent
LogPluginManager: Mounting plugin RuntimePhysXCooking
LogPluginManager: Mounting plugin SignificanceManager
LogPluginManager: Mounting plugin SteamVR
LogPluginManager: Mounting plugin WebMMoviePlayer
LogPluginManager: Mounting plugin WindowsMoviePlayer
LogInit: Using libcurl 7.55.1-DEV
LogInit:  - built for x86_64-pc-win32
LogInit:  - supports SSL with OpenSSL/1.1.1
LogInit:  - supports HTTP deflate (compression) using libz 1.2.8
LogInit:  - other features:
LogInit:      CURL_VERSION_SSL
LogInit:      CURL_VERSION_LIBZ
LogInit:      CURL_VERSION_IPV6
LogInit:      CURL_VERSION_ASYNCHDNS
LogInit:      CURL_VERSION_LARGEFILE
LogInit:      CURL_VERSION_IDN
LogInit:  CurlRequestOptions (configurable via config and command line):
LogInit:  - bVerifyPeer = true  - Libcurl will verify peer certificate
LogInit:  - bUseHttpProxy = false  - Libcurl will NOT use HTTP proxy
LogInit:  - bDontReuseConnections = false  - Libcurl will reuse connections
LogInit:  - MaxHostConnections = 16  - Libcurl will limit the number of connections to a host
LogInit:  - LocalHostAddr = Default
LogInit:  - BufferSize = 65536
LogInit: WinSock: version 1.1 (2.2), MaxSocks=32767, MaxUdp=65467
LogInit: Build: ++UE4+Release-4.22-CL-7053642
LogInit: Engine Version: 4.22.3-7053642+++UE4+Release-4.22
LogInit: Compatible Engine Version: 4.22.0-5660361+++UE4+Release-4.22
LogInit: Net CL: 5660361
LogInit: OS: Windows 10 (Release 1909) (), CPU: Intel(R) Core(TM) i7-7700 CPU @ 3.60GHz, GPU: NVIDIA GeForce GTX 1060 3GB
LogInit: Compiled (64-bit): Jun 18 2019 03:09:11
LogInit: Compiled with Visual C++: 19.16.27025.01
LogInit: Build Configuration: Development
LogInit: Branch Name: ++UE4+Release-4.22
LogInit: Command Line: 
LogInit: Base Directory: D:/UE_4.22/Engine/Binaries/Win64/
LogInit: Installed Engine Build: 1
LogDevObjectVersion: Number of dev versions registered: 23
LogDevObjectVersion:   Dev-Blueprints (B0D832E4-1F89-4F0D-ACCF-7EB736FD4AA2): 10
LogDevObjectVersion:   Dev-Build (E1C64328-A22C-4D53-A36C-8E866417BD8C): 0
LogDevObjectVersion:   Dev-Core (375EC13C-06E4-48FB-B500-84F0262A717E): 3
LogDevObjectVersion:   Dev-Editor (E4B068ED-F494-42E9-A231-DA0B2E46BB41): 30
LogDevObjectVersion:   Dev-Framework (CFFC743F-43B0-4480-9391-14DF171D2073): 35
LogDevObjectVersion:   Dev-Mobile (B02B49B5-BB20-44E9-A304-32B752E40360): 2
LogDevObjectVersion:   Dev-Networking (A4E4105C-59A1-49B5-A7C5-40C4547EDFEE): 0
LogDevObjectVersion:   Dev-Online (39C831C9-5AE6-47DC-9A44-9C173E1C8E7C): 0
LogDevObjectVersion:   Dev-Physics (78F01B33-EBEA-4F98-B9B4-84EACCB95AA2): 0
LogDevObjectVersion:   Dev-Platform (6631380F-2D4D-43E0-8009-CF276956A95A): 0
LogDevObjectVersion:   Dev-Rendering (12F88B9F-8875-4AFC-A67C-D90C383ABD29): 28
LogDevObjectVersion:   Dev-Sequencer (7B5AE74C-D270-4C10-A958-57980B212A5A): 11
LogDevObjectVersion:   Dev-VR (D7296918-1DD6-4BDD-9DE2-64A83CC13884): 2
LogDevObjectVersion:   Dev-LoadTimes (C2A15278-BFE7-4AFE-6C17-90FF531DF755): 1
LogDevObjectVersion:   Private-Geometry (6EACA3D4-40EC-4CC1-B786-8BED09428FC5): 3
LogDevObjectVersion:   Dev-AnimPhys (29E575DD-E0A3-4627-9D10-D276232CDCEA): 17
LogDevObjectVersion:   Dev-Anim (AF43A65D-7FD3-4947-9873-3E8ED9C1BB05): 2
LogDevObjectVersion:   Dev-ReflectionCapture (6B266CEC-1EC7-4B8F-A30B-E4D90942FC07): 1
LogDevObjectVersion:   Dev-Automation (0DF73D61-A23F-47EA-B727-89E90C41499A): 1
LogDevObjectVersion:   FortniteMain (601D1886-AC64-4F84-AA16-D3DE0DEAC7D6): 25
LogDevObjectVersion:   Dev-Enterprise (9DFFBCD6-494F-0158-E221-12823C92A888): 6
LogDevObjectVersion:   Dev-Niagara (F2AED0AC-9AFE-416F-8664-AA7FFA26D6FC): 1
LogDevObjectVersion:   Dev-Destruction (174F1F0B-B4C6-45A5-B13F-2EE8D0FB917D): 2
LogInit: Presizing for max 16777216 objects, including 0 objects not considered by GC, pre-allocating 0 bytes for permanent pool.
LogInit: Object subsystem initialized
LogConfig: Setting CVar [[con.DebugEarlyDefault:1]]
LogConfig: Setting CVar [[r.setres:1280x720]]
[2020.06.08-07.17.15:799][  0]LogConfig: Setting CVar [[r.VSync:0]]
[2020.06.08-07.17.15:799][  0]LogConfig: Setting CVar [[r.RHICmdBypass:0]]
[2020.06.08-07.17.15:799][  0]LogConfig: Applying CVar settings from Section [/Script/Engine.RendererSettings] File [D:/!!!SANYA/!sanya/Saved/Config/Windows/Engine.ini]
[2020.06.08-07.17.15:799][  0]LogConfig: Setting CVar [[r.GPUCrashDebugging:0]]
[2020.06.08-07.17.15:799][  0]LogConfig: Setting CVar [[r.MobileHDR:1]]
[2020.06.08-07.17.15:799][  0]LogConfig: Setting CVar [[r.Mobile.DisableVertexFog:1]]
[2020.06.08-07.17.15:799][  0]LogConfig: Setting CVar [[r.Shadow.CSM.MaxMobileCascades:2]]
[2020.06.08-07.17.15:799][  0]LogConfig: Setting CVar [[r.MobileMSAA:1]]
[2020.06.08-07.17.15:799][  0]LogConfig: Setting CVar [[r.Mobile.UseLegacyShadingModel:0]]
[2020.06.08-07.17.15:799][  0]LogConfig: Setting CVar [[r.Mobile.UseHWsRGBEncoding:0]]
[2020.06.08-07.17.15:799][  0]LogConfig: Setting CVar [[r.Mobile.AllowDitheredLODTransition:0]]
[2020.06.08-07.17.15:799][  0]LogConfig: Setting CVar [[r.Mobile.AllowSoftwareOcclusion:0]]
[2020.06.08-07.17.15:799][  0]LogConfig: Setting CVar [[r.DiscardUnusedQuality:0]]
[2020.06.08-07.17.15:799][  0]LogConfig: Setting CVar [[r.AllowOcclusionQueries:1]]
[2020.06.08-07.17.15:799][  0]LogConfig: Setting CVar [[r.MinScreenRadiusForLights:0.030000]]
[2020.06.08-07.17.15:799][  0]LogConfig: Setting CVar [[r.MinScreenRadiusForDepthPrepass:0.030000]]
[2020.06.08-07.17.15:799][  0]LogConfig: Setting CVar [[r.MinScreenRadiusForCSMDepth:0.010000]]
[2020.06.08-07.17.15:799][  0]LogConfig: Setting CVar [[r.PrecomputedVisibilityWarning:0]]
[2020.06.08-07.17.15:799][  0]LogConfig: Setting CVar [[r.TextureStreaming:1]]
[2020.06.08-07.17.15:799][  0]LogConfig: Setting CVar [[Compat.UseDXT5NormalMaps:0]]
[2020.06.08-07.17.15:799][  0]LogConfig: Setting CVar [[r.ClearCoatNormal:0]]
[2020.06.08-07.17.15:799][  0]LogConfig: Setting CVar [[r.ReflectionCaptureResolution:128]]
[2020.06.08-07.17.15:799][  0]LogConfig: Setting CVar [[r.ReflectionEnvironmentLightmapMixBasedOnRoughness:1]]
[2020.06.08-07.17.15:799][  0]LogConfig: Setting CVar [[r.ForwardShading:0]]
[2020.06.08-07.17.15:799][  0]LogConfig: Setting CVar [[r.VertexFoggingForOpaque:1]]
[2020.06.08-07.17.15:799][  0]LogConfig: Setting CVar [[r.AllowStaticLighting:1]]
[2020.06.08-07.17.15:799][  0]LogConfig: Setting CVar [[r.NormalMapsForStaticLighting:0]]
[2020.06.08-07.17.15:799][  0]LogConfig: Setting CVar [[r.GenerateMeshDistanceFields:0]]
[2020.06.08-07.17.15:799][  0]LogConfig: Setting CVar [[r.DistanceFieldBuild.EightBit:0]]
[2020.06.08-07.17.15:799][  0]LogConfig: Setting CVar [[r.GenerateLandscapeGIData:0]]
[2020.06.08-07.17.15:799][  0]LogConfig: Setting CVar [[r.DistanceFieldBuild.Compress:0]]
[2020.06.08-07.17.15:799][  0]LogConfig: Setting CVar [[r.TessellationAdaptivePixelsPerTriangle:48.000000]]
[2020.06.08-07.17.15:799][  0]LogConfig: Setting CVar [[r.SeparateTranslucency:1]]
[2020.06.08-07.17.15:799][  0]LogConfig: Setting CVar [[r.TranslucentSortPolicy:0]]
[2020.06.08-07.17.15:799][  0]LogConfig: Setting CVar [[r.CustomDepth:1]]
[2020.06.08-07.17.15:799][  0]LogConfig: Setting CVar [[r.CustomDepthTemporalAAJitter:1]]
[2020.06.08-07.17.15:799][  0]LogConfig: Setting CVar [[r.PostProcessing.PropagateAlpha:0]]
[2020.06.08-07.17.15:799][  0]LogConfig: Setting CVar [[r.DOF.Algorithm:1]]
[2020.06.08-07.17.15:799][  0]LogConfig: Setting CVar [[r.DefaultFeature.Bloom:1]]
[2020.06.08-07.17.15:799][  0]LogConfig: Setting CVar [[r.DefaultFeature.AmbientOcclusion:1]]
[2020.06.08-07.17.15:799][  0]LogConfig: Setting CVar [[r.DefaultFeature.AmbientOcclusionStaticFraction:1]]
[2020.06.08-07.17.15:799][  0]LogConfig: Setting CVar [[r.DefaultFeature.AutoExposure:0]]
[2020.06.08-07.17.15:799][  0]LogConfig: Setting CVar [[r.DefaultFeature.AutoExposure.Method:0]]
[2020.06.08-07.17.15:799][  0]LogConfig: Setting CVar [[r.DefaultFeature.AutoExposure.ExtendDefaultLuminanceRange:0]]
[2020.06.08-07.17.15:799][  0]LogConfig: Setting CVar [[r.UsePreExposure:0]]
[2020.06.08-07.17.15:799][  0]LogConfig: Setting CVar [[r.DefaultFeature.MotionBlur:0]]
[2020.06.08-07.17.15:799][  0]LogConfig: Setting CVar [[r.DefaultFeature.LensFlare:0]]
[2020.06.08-07.17.15:799][  0]LogConfig: Setting CVar [[r.TemporalAA.Upsampling:0]]
[2020.06.08-07.17.15:799][  0]LogConfig: Setting CVar [[r.DefaultFeature.AntiAliasing:0]]
[2020.06.08-07.17.15:799][  0]LogConfig: Setting CVar [[r.DefaultFeature.LightUnits:1]]
[2020.06.08-07.17.15:799][  0]LogConfig: Setting CVar [[r.DefaultBackBufferPixelFormat:4]]
[2020.06.08-07.17.15:799][  0]LogConfig: Setting CVar [[r.Shadow.UnbuiltPreviewInGame:1]]
[2020.06.08-07.17.15:800][  0]LogConfig: Setting CVar [[r.StencilForLODDither:0]]
[2020.06.08-07.17.15:800][  0]LogConfig: Setting CVar [[r.EarlyZPass:3]]
[2020.06.08-07.17.15:800][  0]LogConfig: Setting CVar [[r.EarlyZPassOnlyMaterialMasking:0]]
[2020.06.08-07.17.15:800][  0]LogConfig: Setting CVar [[r.DBuffer:1]]
[2020.06.08-07.17.15:800][  0]LogConfig: Setting CVar [[r.ClearSceneMethod:1]]
[2020.06.08-07.17.15:800][  0]LogConfig: Setting CVar [[r.BasePassOutputsVelocity:0]]
[2020.06.08-07.17.15:800][  0]LogConfig: Setting CVar [[r.SelectiveBasePassOutputs:0]]
[2020.06.08-07.17.15:800][  0]LogConfig: Setting CVar [[fx.GPUSimulationTextureSizeX:1024]]
[2020.06.08-07.17.15:800][  0]LogConfig: Setting CVar [[fx.GPUSimulationTextureSizeY:1024]]
[2020.06.08-07.17.15:800][  0]LogConfig: Setting CVar [[r.AllowGlobalClipPlane:0]]
[2020.06.08-07.17.15:800][  0]LogConfig: Setting CVar [[r.GBufferFormat:1]]
[2020.06.08-07.17.15:800][  0]LogConfig: Setting CVar [[r.MorphTarget.Mode:1]]
[2020.06.08-07.17.15:800][  0]LogConfig: Setting CVar [[vr.InstancedStereo:0]]
[2020.06.08-07.17.15:800][  0]LogConfig: Setting CVar [[vr.MultiView:0]]
[2020.06.08-07.17.15:800][  0]LogConfig: Setting CVar [[vr.MobileMultiView:0]]
[2020.06.08-07.17.15:800][  0]LogConfig: Setting CVar [[vr.MobileMultiView.Direct:0]]
[2020.06.08-07.17.15:800][  0]LogConfig: Setting CVar [[vr.RoundRobinOcclusion:0]]
[2020.06.08-07.17.15:800][  0]LogConfig: Setting CVar [[vr.ODSCapture:0]]
[2020.06.08-07.17.15:800][  0]LogConfig: Setting CVar [[r.WireframeCullThreshold:5.000000]]
[2020.06.08-07.17.15:800][  0]LogConfig: Setting CVar [[r.RayTracing:0]]
[2020.06.08-07.17.15:800][  0]LogConfig: Setting CVar [[r.SupportStationarySkylight:1]]
[2020.06.08-07.17.15:800][  0]LogConfig: Setting CVar [[r.SupportLowQualityLightmaps:1]]
[2020.06.08-07.17.15:800][  0]LogConfig: Setting CVar [[r.SupportPointLightWholeSceneShadows:1]]
[2020.06.08-07.17.15:800][  0]LogConfig: Setting CVar [[r.SupportAtmosphericFog:1]]
[2020.06.08-07.17.15:800][  0]LogConfig: Setting CVar [[r.SkinCache.CompileShaders:0]]
[2020.06.08-07.17.15:800][  0]LogConfig: Setting CVar [[r.Mobile.EnableStaticAndCSMShadowReceivers:1]]
[2020.06.08-07.17.15:800][  0]LogConfig: Setting CVar [[r.Mobile.EnableMovableLightCSMShaderCulling:1]]
[2020.06.08-07.17.15:800][  0]LogConfig: Setting CVar [[r.Mobile.AllowDistanceFieldShadows:1]]
[2020.06.08-07.17.15:800][  0]LogConfig: Setting CVar [[r.Mobile.AllowMovableDirectionalLights:1]]
[2020.06.08-07.17.15:800][  0]LogConfig: Setting CVar [[r.MobileNumDynamicPointLights:4]]
[2020.06.08-07.17.15:800][  0]LogConfig: Setting CVar [[r.MobileDynamicPointLightsUseStaticBranch:1]]
[2020.06.08-07.17.15:800][  0]LogConfig: Setting CVar [[r.Mobile.EnableMovableSpotlights:0]]
[2020.06.08-07.17.15:800][  0]LogConfig: Setting CVar [[r.SkinCache.SceneMemoryLimitInMB:128.000000]]
[2020.06.08-07.17.15:800][  0]LogConfig: Setting CVar [[r.GPUSkin.Limit2BoneInfluences:0]]
[2020.06.08-07.17.15:800][  0]LogConfig: Setting CVar [[r.SupportDepthOnlyIndexBuffers:1]]
[2020.06.08-07.17.15:800][  0]LogConfig: Setting CVar [[r.SupportReversedIndexBuffers:1]]
[2020.06.08-07.17.15:800][  0]LogConfig: Setting CVar [[r.SupportMaterialLayers:0]]
[2020.06.08-07.17.15:800][  0]LogConfig: Applying CVar settings from Section [/Script/Engine.RendererOverrideSettings] File [D:/!!!SANYA/!sanya/Saved/Config/Windows/Engine.ini]
[2020.06.08-07.17.15:800][  0]LogConfig: Applying CVar settings from Section [/Script/Engine.StreamingSettings] File [D:/!!!SANYA/!sanya/Saved/Config/Windows/Engine.ini]
[2020.06.08-07.17.15:800][  0]LogConfig: Setting CVar [[s.MinBulkDataSizeForAsyncLoading:131072]]
[2020.06.08-07.17.15:800][  0]LogConfig: Setting CVar [[s.AsyncLoadingThreadEnabled:0]]
[2020.06.08-07.17.15:800][  0]LogConfig: Setting CVar [[s.EventDrivenLoaderEnabled:1]]
[2020.06.08-07.17.15:800][  0]LogConfig: Setting CVar [[s.WarnIfTimeLimitExceeded:0]]
[2020.06.08-07.17.15:800][  0]LogConfig: Setting CVar [[s.TimeLimitExceededMultiplier:1.5]]
[2020.06.08-07.17.15:800][  0]LogConfig: Setting CVar [[s.TimeLimitExceededMinTime:0.005]]
[2020.06.08-07.17.15:800][  0]LogConfig: Setting CVar [[s.UseBackgroundLevelStreaming:1]]
[2020.06.08-07.17.15:800][  0]LogConfig: Setting CVar [[s.PriorityAsyncLoadingExtraTime:15.0]]
[2020.06.08-07.17.15:800][  0]LogConfig: Setting CVar [[s.LevelStreamingActorsUpdateTimeLimit:5.0]]
[2020.06.08-07.17.15:800][  0]LogConfig: Setting CVar [[s.PriorityLevelStreamingActorsUpdateExtraTime:5.0]]
[2020.06.08-07.17.15:800][  0]LogConfig: Setting CVar [[s.LevelStreamingComponentsRegistrationGranularity:10]]
[2020.06.08-07.17.15:800][  0]LogConfig: Setting CVar [[s.UnregisterComponentsTimeLimit:1.0]]
[2020.06.08-07.17.15:800][  0]LogConfig: Setting CVar [[s.LevelStreamingComponentsUnregistrationGranularity:5]]
[2020.06.08-07.17.15:800][  0]LogConfig: Applying CVar settings from Section [/Script/Engine.GarbageCollectionSettings] File [D:/!!!SANYA/!sanya/Saved/Config/Windows/Engine.ini]
[2020.06.08-07.17.15:800][  0]LogConfig: Setting CVar [[gc.MaxObjectsNotConsideredByGC:1]]
[2020.06.08-07.17.15:800][  0]LogConfig: Setting CVar [[gc.SizeOfPermanentObjectPool:0]]
[2020.06.08-07.17.15:800][  0]LogConfig: Setting CVar [[gc.FlushStreamingOnGC:0]]
[2020.06.08-07.17.15:800][  0]LogConfig: Setting CVar [[gc.NumRetriesBeforeForcingGC:10]]
[2020.06.08-07.17.15:800][  0]LogConfig: Setting CVar [[gc.AllowParallelGC:1]]
[2020.06.08-07.17.15:800][  0]LogConfig: Setting CVar [[gc.TimeBetweenPurgingPendingKillObjects:61.1]]
[2020.06.08-07.17.15:800][  0]LogConfig: Setting CVar [[gc.MaxObjectsInEditor:16777216]]
[2020.06.08-07.17.15:800][  0]LogConfig: Setting CVar [[gc.IncrementalBeginDestroyEnabled:1]]
[2020.06.08-07.17.15:800][  0]LogConfig: Setting CVar [[gc.CreateGCClusters:1]]
[2020.06.08-07.17.15:800][  0]LogConfig: Setting CVar [[gc.MinGCClusterSize:5]]
[2020.06.08-07.17.15:800][  0]LogConfig: Setting CVar [[gc.ActorClusteringEnabled:0]]
[2020.06.08-07.17.15:800][  0]LogConfig: Setting CVar [[gc.BlueprintClusteringEnabled:0]]
[2020.06.08-07.17.15:800][  0]LogConfig: Setting CVar [[gc.UseDisregardForGCOnDedicatedServers:0]]
[2020.06.08-07.17.15:800][  0]LogConfig: Applying CVar settings from Section [/Script/Engine.NetworkSettings] File [D:/!!!SANYA/!sanya/Saved/Config/Windows/Engine.ini]
[2020.06.08-07.17.15:800][  0]LogConfig: Applying CVar settings from Section [/Script/UnrealEd.CookerSettings] File [D:/!!!SANYA/!sanya/Saved/Config/Windows/Engine.ini]
[2020.06.08-07.17.16:393][  0]LogConfig: Applying CVar settings from Section [ViewDistanceQuality@3] File [D:/!!!SANYA/!sanya/Saved/Config/Windows/Scalability.ini]
[2020.06.08-07.17.16:393][  0]LogConfig: Setting CVar [[r.SkeletalMeshLODBias:0]]
[2020.06.08-07.17.16:393][  0]LogConfig: Setting CVar [[r.ViewDistanceScale:1.0]]
[2020.06.08-07.17.16:393][  0]LogConfig: Applying CVar settings from Section [AntiAliasingQuality@3] File [D:/!!!SANYA/!sanya/Saved/Config/Windows/Scalability.ini]
[2020.06.08-07.17.16:393][  0]LogConfig: Setting CVar [[r.PostProcessAAQuality:4]]
[2020.06.08-07.17.16:393][  0]LogConfig: Applying CVar settings from Section [ShadowQuality@3] File [D:/!!!SANYA/!sanya/Saved/Config/Windows/Scalability.ini]
[2020.06.08-07.17.16:393][  0]LogConfig: Setting CVar [[r.LightFunctionQuality:1]]
[2020.06.08-07.17.16:393][  0]LogConfig: Setting CVar [[r.ShadowQuality:5]]
[2020.06.08-07.17.16:393][  0]LogConfig: Setting CVar [[r.Shadow.CSM.MaxCascades:10]]
[2020.06.08-07.17.16:393][  0]LogConfig: Setting CVar [[r.Shadow.MaxResolution:2048]]
[2020.06.08-07.17.16:393][  0]LogConfig: Setting CVar [[r.Shadow.MaxCSMResolution:2048]]
[2020.06.08-07.17.16:393][  0]LogConfig: Setting CVar [[r.Shadow.RadiusThreshold:0.01]]
[2020.06.08-07.17.16:393][  0]LogConfig: Setting CVar [[r.Shadow.DistanceScale:1.0]]
[2020.06.08-07.17.16:393][  0]LogConfig: Setting CVar [[r.Shadow.CSM.TransitionScale:1.0]]
[2020.06.08-07.17.16:393][  0]LogConfig: Setting CVar [[r.Shadow.PreShadowResolutionFactor:1.0]]
[2020.06.08-07.17.16:393][  0]LogConfig: Setting CVar [[r.DistanceFieldShadowing:1]]
[2020.06.08-07.17.16:393][  0]LogConfig: Setting CVar [[r.DistanceFieldAO:1]]
[2020.06.08-07.17.16:393][  0]LogConfig: Setting CVar [[r.AOQuality:2]]
[2020.06.08-07.17.16:393][  0]LogConfig: Setting CVar [[r.VolumetricFog:1]]
[2020.06.08-07.17.16:393][  0]LogConfig: Setting CVar [[r.VolumetricFog.GridPixelSize:8]]
[2020.06.08-07.17.16:393][  0]LogConfig: Setting CVar [[r.VolumetricFog.GridSizeZ:128]]
[2020.06.08-07.17.16:393][  0]LogConfig: Setting CVar [[r.VolumetricFog.HistoryMissSupersampleCount:4]]
[2020.06.08-07.17.16:393][  0]LogConfig: Setting CVar [[r.LightMaxDrawDistanceScale:1]]
[2020.06.08-07.17.16:393][  0]LogConfig: Setting CVar [[r.CapsuleShadows:1]]
[2020.06.08-07.17.16:393][  0]LogConfig: Applying CVar settings from Section [PostProcessQuality@3] File [D:/!!!SANYA/!sanya/Saved/Config/Windows/Scalability.ini]
[2020.06.08-07.17.16:393][  0]LogConfig: Setting CVar [[r.MotionBlurQuality:4]]
[2020.06.08-07.17.16:393][  0]LogConfig: Setting CVar [[r.AmbientOcclusionMipLevelFactor:0.4]]
[2020.06.08-07.17.16:393][  0]LogConfig: Setting CVar [[r.AmbientOcclusionMaxQuality:100]]
[2020.06.08-07.17.16:393][  0]LogConfig: Setting CVar [[r.AmbientOcclusionLevels:-1]]
[2020.06.08-07.17.16:393][  0]LogConfig: Setting CVar [[r.AmbientOcclusionRadiusScale:1.0]]
[2020.06.08-07.17.16:393][  0]LogConfig: Setting CVar [[r.DepthOfFieldQuality:2]]
[2020.06.08-07.17.16:393][  0]LogConfig: Setting CVar [[r.RenderTargetPoolMin:400]]
[2020.06.08-07.17.16:393][  0]LogConfig: Setting CVar [[r.LensFlareQuality:2]]
[2020.06.08-07.17.16:393][  0]LogConfig: Setting CVar [[r.SceneColorFringeQuality:1]]
[2020.06.08-07.17.16:393][  0]LogConfig: Setting CVar [[r.EyeAdaptationQuality:2]]
[2020.06.08-07.17.16:393][  0]LogConfig: Setting CVar [[r.BloomQuality:5]]
[2020.06.08-07.17.16:393][  0]LogConfig: Setting CVar [[r.FastBlurThreshold:100]]
[2020.06.08-07.17.16:393][  0]LogConfig: Setting CVar [[r.Upscale.Quality:3]]
[2020.06.08-07.17.16:393][  0]LogConfig: Setting CVar [[r.Tonemapper.GrainQuantization:1]]
[2020.06.08-07.17.16:393][  0]LogConfig: Setting CVar [[r.LightShaftQuality:1]]
[2020.06.08-07.17.16:393][  0]LogConfig: Setting CVar [[r.Filter.SizeScale:1]]
[2020.06.08-07.17.16:393][  0]LogConfig: Setting CVar [[r.Tonemapper.Quality:5]]
[2020.06.08-07.17.16:393][  0]LogConfig: Setting CVar [[r.DOF.Gather.AccumulatorQuality:1        ; higher gathering accumulator quality]]
[2020.06.08-07.17.16:393][  0]LogConfig: Setting CVar [[r.DOF.Gather.PostfilterMethod:1          ; Median3x3 postfilering method]]
[2020.06.08-07.17.16:393][  0]LogConfig: Setting CVar [[r.DOF.Gather.EnableBokehSettings:0       ; no bokeh simulation when gathering]]
[2020.06.08-07.17.16:393][  0]LogConfig: Setting CVar [[r.DOF.Gather.RingCount:4                 ; medium number of samples when gathering]]
[2020.06.08-07.17.16:393][  0]LogConfig: Setting CVar [[r.DOF.Scatter.ForegroundCompositing:1    ; additive foreground scattering]]
[2020.06.08-07.17.16:393][  0]LogConfig: Setting CVar [[r.DOF.Scatter.BackgroundCompositing:2    ; additive background scattering]]
[2020.06.08-07.17.16:393][  0]LogConfig: Setting CVar [[r.DOF.Scatter.EnableBokehSettings:1      ; bokeh simulation when scattering]]
[2020.06.08-07.17.16:393][  0]LogConfig: Setting CVar [[r.DOF.Scatter.MaxSpriteRatio:0.1         ; only a maximum of 10% of scattered bokeh]]
[2020.06.08-07.17.16:393][  0]LogConfig: Setting CVar [[r.DOF.Recombine.Quality:1                ; cheap slight out of focus]]
[2020.06.08-07.17.16:393][  0]LogConfig: Setting CVar [[r.DOF.Recombine.EnableBokehSettings:0    ; no bokeh simulation on slight out of focus]]
[2020.06.08-07.17.16:393][  0]LogConfig: Setting CVar [[r.DOF.TemporalAAQuality:1                ; more stable temporal accumulation]]
[2020.06.08-07.17.16:393][  0]LogConfig: Setting CVar [[r.DOF.Kernel.MaxForegroundRadius:0.025]]
[2020.06.08-07.17.16:393][  0]LogConfig: Setting CVar [[r.DOF.Kernel.MaxBackgroundRadius:0.025]]
[2020.06.08-07.17.16:393][  0]LogConfig: Applying CVar settings from Section [TextureQuality@3] File [D:/!!!SANYA/!sanya/Saved/Config/Windows/Scalability.ini]
[2020.06.08-07.17.16:393][  0]LogConfig: Setting CVar [[r.Streaming.MipBias:0]]
[2020.06.08-07.17.16:393][  0]LogConfig: Setting CVar [[r.Streaming.AmortizeCPUToGPUCopy:0]]
[2020.06.08-07.17.16:393][  0]LogConfig: Setting CVar [[r.Streaming.MaxNumTexturesToStreamPerFrame:0]]
[2020.06.08-07.17.16:393][  0]LogConfig: Setting CVar [[r.Streaming.Boost:1]]
[2020.06.08-07.17.16:393][  0]LogConfig: Setting CVar [[r.MaxAnisotropy:8]]
[2020.06.08-07.17.16:393][  0]LogConfig: Setting CVar [[r.Streaming.LimitPoolSizeToVRAM:0]]
[2020.06.08-07.17.16:393][  0]LogConfig: Setting CVar [[r.Streaming.PoolSize:1000]]
[2020.06.08-07.17.16:393][  0]LogConfig: Setting CVar [[r.Streaming.MaxEffectiveScreenSize:0]]
[2020.06.08-07.17.16:393][  0]LogConfig: Applying CVar settings from Section [EffectsQuality@3] File [D:/!!!SANYA/!sanya/Saved/Config/Windows/Scalability.ini]
[2020.06.08-07.17.16:393][  0]LogConfig: Setting CVar [[r.TranslucencyLightingVolumeDim:64]]
[2020.06.08-07.17.16:393][  0]LogConfig: Setting CVar [[r.RefractionQuality:2]]
[2020.06.08-07.17.16:393][  0]LogConfig: Setting CVar [[r.SSR.Quality:3]]
[2020.06.08-07.17.16:393][  0]LogConfig: Setting CVar [[r.SceneColorFormat:4]]
[2020.06.08-07.17.16:393][  0]LogConfig: Setting CVar [[r.DetailMode:2]]
[2020.06.08-07.17.16:393][  0]LogConfig: Setting CVar [[r.TranslucencyVolumeBlur:1]]
[2020.06.08-07.17.16:393][  0]LogConfig: Setting CVar [[r.MaterialQualityLevel:1 ; High quality]]
[2020.06.08-07.17.16:393][  0]LogConfig: Setting CVar [[r.SSS.Scale:1]]
[2020.06.08-07.17.16:393][  0]LogConfig: Setting CVar [[r.SSS.SampleSet:2]]
[2020.06.08-07.17.16:393][  0]LogConfig: Setting CVar [[r.SSS.Quality:1]]
[2020.06.08-07.17.16:393][  0]LogConfig: Setting CVar [[r.SSS.HalfRes:1]]
[2020.06.08-07.17.16:393][  0]LogConfig: Setting CVar [[r.EmitterSpawnRateScale:1.0]]
[2020.06.08-07.17.16:393][  0]LogConfig: Setting CVar [[r.ParticleLightQuality:2]]
[2020.06.08-07.17.16:393][  0]LogConfig: Applying CVar settings from Section [FoliageQuality@3] File [D:/!!!SANYA/!sanya/Saved/Config/Windows/Scalability.ini]
[2020.06.08-07.17.16:393][  0]LogConfig: Setting CVar [[foliage.DensityScale:1.0]]
[2020.06.08-07.17.16:394][  0]LogConfig: Setting CVar [[grass.DensityScale:1.0]]
[2020.06.08-07.17.16:564][  0]LogInit: Selected Device Profile: [Windows]
[2020.06.08-07.17.16:564][  0]LogInit: Applying CVar settings loaded from the selected device profile: [Windows]
[2020.06.08-07.17.16:659][  0]LogHAL: Display: Platform has ~ 16 GB [17137102848 / 17179869184 / 16], which maps to Larger [LargestMinGB=32, LargerMinGB=12, DefaultMinGB=8, SmallerMinGB=6, SmallestMinGB=0)
[2020.06.08-07.17.16:659][  0]LogConfig: Setting CVar [[r.Vulkan.UseRealUBs:0		; Required until we fix HLR fall-out]]
[2020.06.08-07.17.16:659][  0]LogInit: Going up to parent DeviceProfile []
[2020.06.08-07.17.16:659][  0]LogConfig: Applying CVar settings from Section [ViewDistanceQuality@3] File [D:/!!!SANYA/!sanya/Saved/Config/Windows/Scalability.ini]
[2020.06.08-07.17.16:659][  0]LogConfig: Setting CVar [[r.SkeletalMeshLODBias:0]]
[2020.06.08-07.17.16:659][  0]LogConfig: Setting CVar [[r.ViewDistanceScale:1.0]]
[2020.06.08-07.17.16:659][  0]LogConfig: Applying CVar settings from Section [AntiAliasingQuality@3] File [D:/!!!SANYA/!sanya/Saved/Config/Windows/Scalability.ini]
[2020.06.08-07.17.16:659][  0]LogConfig: Setting CVar [[r.PostProcessAAQuality:4]]
[2020.06.08-07.17.16:659][  0]LogConfig: Applying CVar settings from Section [ShadowQuality@3] File [D:/!!!SANYA/!sanya/Saved/Config/Windows/Scalability.ini]
[2020.06.08-07.17.16:659][  0]LogConfig: Setting CVar [[r.LightFunctionQuality:1]]
[2020.06.08-07.17.16:659][  0]LogConfig: Setting CVar [[r.ShadowQuality:5]]
[2020.06.08-07.17.16:659][  0]LogConfig: Setting CVar [[r.Shadow.CSM.MaxCascades:10]]
[2020.06.08-07.17.16:659][  0]LogConfig: Setting CVar [[r.Shadow.MaxResolution:2048]]
[2020.06.08-07.17.16:659][  0]LogConfig: Setting CVar [[r.Shadow.MaxCSMResolution:2048]]
[2020.06.08-07.17.16:659][  0]LogConfig: Setting CVar [[r.Shadow.RadiusThreshold:0.01]]
[2020.06.08-07.17.16:659][  0]LogConfig: Setting CVar [[r.Shadow.DistanceScale:1.0]]
[2020.06.08-07.17.16:659][  0]LogConfig: Setting CVar [[r.Shadow.CSM.TransitionScale:1.0]]
[2020.06.08-07.17.16:659][  0]LogConfig: Setting CVar [[r.Shadow.PreShadowResolutionFactor:1.0]]
[2020.06.08-07.17.16:659][  0]LogConfig: Setting CVar [[r.DistanceFieldShadowing:1]]
[2020.06.08-07.17.16:659][  0]LogConfig: Setting CVar [[r.DistanceFieldAO:1]]
[2020.06.08-07.17.16:659][  0]LogConfig: Setting CVar [[r.AOQuality:2]]
[2020.06.08-07.17.16:659][  0]LogConfig: Setting CVar [[r.VolumetricFog:1]]
[2020.06.08-07.17.16:660][  0]LogConfig: Setting CVar [[r.VolumetricFog.GridPixelSize:8]]
[2020.06.08-07.17.16:660][  0]LogConfig: Setting CVar [[r.VolumetricFog.GridSizeZ:128]]
[2020.06.08-07.17.16:660][  0]LogConfig: Setting CVar [[r.VolumetricFog.HistoryMissSupersampleCount:4]]
[2020.06.08-07.17.16:660][  0]LogConfig: Setting CVar [[r.LightMaxDrawDistanceScale:1]]
[2020.06.08-07.17.16:660][  0]LogConfig: Setting CVar [[r.CapsuleShadows:1]]
[2020.06.08-07.17.16:660][  0]LogConfig: Applying CVar settings from Section [PostProcessQuality@3] File [D:/!!!SANYA/!sanya/Saved/Config/Windows/Scalability.ini]
[2020.06.08-07.17.16:660][  0]LogConfig: Setting CVar [[r.MotionBlurQuality:4]]
[2020.06.08-07.17.16:660][  0]LogConfig: Setting CVar [[r.AmbientOcclusionMipLevelFactor:0.4]]
[2020.06.08-07.17.16:660][  0]LogConfig: Setting CVar [[r.AmbientOcclusionMaxQuality:100]]
[2020.06.08-07.17.16:660][  0]LogConfig: Setting CVar [[r.AmbientOcclusionLevels:-1]]
[2020.06.08-07.17.16:660][  0]LogConfig: Setting CVar [[r.AmbientOcclusionRadiusScale:1.0]]
[2020.06.08-07.17.16:660][  0]LogConfig: Setting CVar [[r.DepthOfFieldQuality:2]]
[2020.06.08-07.17.16:660][  0]LogConfig: Setting CVar [[r.RenderTargetPoolMin:400]]
[2020.06.08-07.17.16:660][  0]LogConfig: Setting CVar [[r.LensFlareQuality:2]]
[2020.06.08-07.17.16:660][  0]LogConfig: Setting CVar [[r.SceneColorFringeQuality:1]]
[2020.06.08-07.17.16:660][  0]LogConfig: Setting CVar [[r.EyeAdaptationQuality:2]]
[2020.06.08-07.17.16:660][  0]LogConfig: Setting CVar [[r.BloomQuality:5]]
[2020.06.08-07.17.16:660][  0]LogConfig: Setting CVar [[r.FastBlurThreshold:100]]
[2020.06.08-07.17.16:660][  0]LogConfig: Setting CVar [[r.Upscale.Quality:3]]
[2020.06.08-07.17.16:660][  0]LogConfig: Setting CVar [[r.Tonemapper.GrainQuantization:1]]
[2020.06.08-07.17.16:660][  0]LogConfig: Setting CVar [[r.LightShaftQuality:1]]
[2020.06.08-07.17.16:660][  0]LogConfig: Setting CVar [[r.Filter.SizeScale:1]]
[2020.06.08-07.17.16:660][  0]LogConfig: Setting CVar [[r.Tonemapper.Quality:5]]
[2020.06.08-07.17.16:660][  0]LogConfig: Setting CVar [[r.DOF.Gather.AccumulatorQuality:1        ; higher gathering accumulator quality]]
[2020.06.08-07.17.16:660][  0]LogConfig: Setting CVar [[r.DOF.Gather.PostfilterMethod:1          ; Median3x3 postfilering method]]
[2020.06.08-07.17.16:660][  0]LogConfig: Setting CVar [[r.DOF.Gather.EnableBokehSettings:0       ; no bokeh simulation when gathering]]
[2020.06.08-07.17.16:660][  0]LogConfig: Setting CVar [[r.DOF.Gather.RingCount:4                 ; medium number of samples when gathering]]
[2020.06.08-07.17.16:660][  0]LogConfig: Setting CVar [[r.DOF.Scatter.ForegroundCompositing:1    ; additive foreground scattering]]
[2020.06.08-07.17.16:660][  0]LogConfig: Setting CVar [[r.DOF.Scatter.BackgroundCompositing:2    ; additive background scattering]]
[2020.06.08-07.17.16:660][  0]LogConfig: Setting CVar [[r.DOF.Scatter.EnableBokehSettings:1      ; bokeh simulation when scattering]]
[2020.06.08-07.17.16:660][  0]LogConfig: Setting CVar [[r.DOF.Scatter.MaxSpriteRatio:0.1         ; only a maximum of 10% of scattered bokeh]]
[2020.06.08-07.17.16:660][  0]LogConfig: Setting CVar [[r.DOF.Recombine.Quality:1                ; cheap slight out of focus]]
[2020.06.08-07.17.16:660][  0]LogConfig: Setting CVar [[r.DOF.Recombine.EnableBokehSettings:0    ; no bokeh simulation on slight out of focus]]
[2020.06.08-07.17.16:660][  0]LogConfig: Setting CVar [[r.DOF.TemporalAAQuality:1                ; more stable temporal accumulation]]
[2020.06.08-07.17.16:660][  0]LogConfig: Setting CVar [[r.DOF.Kernel.MaxForegroundRadius:0.025]]
[2020.06.08-07.17.16:660][  0]LogConfig: Setting CVar [[r.DOF.Kernel.MaxBackgroundRadius:0.025]]
[2020.06.08-07.17.16:660][  0]LogConfig: Applying CVar settings from Section [TextureQuality@3] File [D:/!!!SANYA/!sanya/Saved/Config/Windows/Scalability.ini]
[2020.06.08-07.17.16:660][  0]LogConfig: Setting CVar [[r.Streaming.MipBias:0]]
[2020.06.08-07.17.16:660][  0]LogConfig: Setting CVar [[r.Streaming.AmortizeCPUToGPUCopy:0]]
[2020.06.08-07.17.16:660][  0]LogConfig: Setting CVar [[r.Streaming.MaxNumTexturesToStreamPerFrame:0]]
[2020.06.08-07.17.16:660][  0]LogConfig: Setting CVar [[r.Streaming.Boost:1]]
[2020.06.08-07.17.16:660][  0]LogConfig: Setting CVar [[r.MaxAnisotropy:8]]
[2020.06.08-07.17.16:660][  0]LogConfig: Setting CVar [[r.Streaming.LimitPoolSizeToVRAM:0]]
[2020.06.08-07.17.16:660][  0]LogConfig: Setting CVar [[r.Streaming.PoolSize:1000]]
[2020.06.08-07.17.16:660][  0]LogConfig: Setting CVar [[r.Streaming.MaxEffectiveScreenSize:0]]
[2020.06.08-07.17.16:660][  0]LogConfig: Applying CVar settings from Section [EffectsQuality@3] File [D:/!!!SANYA/!sanya/Saved/Config/Windows/Scalability.ini]
[2020.06.08-07.17.16:660][  0]LogConfig: Setting CVar [[r.TranslucencyLightingVolumeDim:64]]
[2020.06.08-07.17.16:660][  0]LogConfig: Setting CVar [[r.RefractionQuality:2]]
[2020.06.08-07.17.16:660][  0]LogConfig: Setting CVar [[r.SSR.Quality:3]]
[2020.06.08-07.17.16:660][  0]LogConfig: Setting CVar [[r.SceneColorFormat:4]]
[2020.06.08-07.17.16:660][  0]LogConfig: Setting CVar [[r.DetailMode:2]]
[2020.06.08-07.17.16:660][  0]LogConfig: Setting CVar [[r.TranslucencyVolumeBlur:1]]
[2020.06.08-07.17.16:660][  0]LogConfig: Setting CVar [[r.MaterialQualityLevel:1 ; High quality]]
[2020.06.08-07.17.16:660][  0]LogConfig: Setting CVar [[r.SSS.Scale:1]]
[2020.06.08-07.17.16:660][  0]LogConfig: Setting CVar [[r.SSS.SampleSet:2]]
[2020.06.08-07.17.16:660][  0]LogConfig: Setting CVar [[r.SSS.Quality:1]]
[2020.06.08-07.17.16:660][  0]LogConfig: Setting CVar [[r.SSS.HalfRes:1]]
[2020.06.08-07.17.16:660][  0]LogConfig: Setting CVar [[r.EmitterSpawnRateScale:1.0]]
[2020.06.08-07.17.16:660][  0]LogConfig: Setting CVar [[r.ParticleLightQuality:2]]
[2020.06.08-07.17.16:660][  0]LogConfig: Applying CVar settings from Section [FoliageQuality@3] File [D:/!!!SANYA/!sanya/Saved/Config/Windows/Scalability.ini]
[2020.06.08-07.17.16:660][  0]LogConfig: Setting CVar [[foliage.DensityScale:1.0]]
[2020.06.08-07.17.16:660][  0]LogConfig: Setting CVar [[grass.DensityScale:1.0]]
[2020.06.08-07.17.16:660][  0]LogConfig: Applying CVar settings from Section [Startup] File [../../../Engine/Config/ConsoleVariables.ini]
[2020.06.08-07.17.16:682][  0]LogConfig: Setting CVar [[net.UseAdaptiveNetUpdateFrequency:0]]
[2020.06.08-07.17.16:682][  0]LogConfig: Setting CVar [[p.chaos.AllowCreatePhysxBodies:1]]
[2020.06.08-07.17.16:682][  0]LogConfig: Applying CVar settings from Section [ConsoleVariables] File [D:/!!!SANYA/!sanya/Saved/Config/Windows/Engine.ini]
[2020.06.08-07.17.16:736][  0]LogInit: Computer: DESKTOP-B0E6U9F
[2020.06.08-07.17.16:737][  0]LogInit: User: rouen
[2020.06.08-07.17.16:737][  0]LogInit: CPU Page size=4096, Cores=4
[2020.06.08-07.17.16:737][  0]LogInit: High frequency timer resolution =10.000000 MHz
[2020.06.08-07.17.16:877][  0]LogMemory: Memory total: Physical=16.0GB (16GB approx)
[2020.06.08-07.17.16:877][  0]LogMemory: Platform Memory Stats for Windows
[2020.06.08-07.17.16:877][  0]LogMemory: Process Physical Memory: 99.20 MB used, 99.20 MB peak
[2020.06.08-07.17.16:878][  0]LogMemory: Process Virtual Memory: 86.73 MB used, 86.73 MB peak
[2020.06.08-07.17.16:878][  0]LogMemory: Physical Memory: 5958.80 MB used,  10384.41 MB free, 16343.21 MB total
[2020.06.08-07.17.16:878][  0]LogMemory: Virtual Memory: 4639.91 MB used,  134213088.00 MB free, 134217728.00 MB total
[2020.06.08-07.17.22:615][  0]LogInit: Using OS detected language (ru-RU).
[2020.06.08-07.17.22:615][  0]LogInit: Using OS detected locale (ru-RU).
[2020.06.08-07.17.22:942][  0]LogTextLocalizationManager: No specific localization for 'ru-RU' exists, so the 'ru' localization will be used.
[2020.06.08-07.17.22:985][  0]LogTextLocalizationResource: LocRes '../../../Engine/Content/Localization/Editor/ru/Editor.locres' could not be opened for reading!
[2020.06.08-07.17.22:986][  0]LogTextLocalizationResource: LocRes '../../../Engine/Content/Localization/EditorTutorials/ru/EditorTutorials.locres' could not be opened for reading!
[2020.06.08-07.17.22:986][  0]LogTextLocalizationResource: LocRes '../../../Engine/Content/Localization/Keywords/ru/Keywords.locres' could not be opened for reading!
[2020.06.08-07.17.22:987][  0]LogTextLocalizationResource: LocRes '../../../Engine/Content/Localization/Category/ru/Category.locres' could not be opened for reading!
[2020.06.08-07.17.23:022][  0]LogTextLocalizationResource: LocRes '../../../Engine/Content/Localization/ToolTips/ru/ToolTips.locres' could not be opened for reading!
[2020.06.08-07.17.23:023][  0]LogTextLocalizationResource: LocRes '../../../Engine/Content/Localization/PropertyNames/ru/PropertyNames.locres' could not be opened for reading!
[2020.06.08-07.17.23:023][  0]LogTextLocalizationResource: LocRes '../../../Engine/Content/Localization/Engine/ru/Engine.locres' could not be opened for reading!
[2020.06.08-07.17.23:250][  0]LogInit: Setting process to per monitor DPI aware
[2020.06.08-07.17.24:236][  0]LogSlate: New Slate User Created.  User Index 0, Is Virtual User: 0
[2020.06.08-07.17.24:236][  0]LogSlate: Slate User Registered.  User Index 0, Is Virtual User: 0
[2020.06.08-07.17.35:578][  0]LogHMD: Failed to initialize OpenVR with code 110
[2020.06.08-07.17.35:578][  0]LogD3D11RHI: D3D11 adapters:
[2020.06.08-07.17.35:643][  0]LogD3D11RHI:    0. 'NVIDIA GeForce GTX 1060 3GB' (Feature Level 11_0)
[2020.06.08-07.17.35:643][  0]LogD3D11RHI:       2988/0/8171 MB DedicatedVideo/DedicatedSystem/SharedSystem, Outputs:1, VendorId:0x10de
[2020.06.08-07.17.35:645][  0]LogD3D11RHI:    1. 'Microsoft Basic Render Driver' (Feature Level 11_0)
[2020.06.08-07.17.35:645][  0]LogD3D11RHI:       0/0/8171 MB DedicatedVideo/DedicatedSystem/SharedSystem, Outputs:0, VendorId:0x1414
[2020.06.08-07.17.35:645][  0]LogD3D11RHI: Chosen D3D11 Adapter: 0
[2020.06.08-07.17.35:652][  0]LogD3D11RHI: Creating new Direct3DDevice
[2020.06.08-07.17.35:652][  0]LogD3D11RHI:     GPU DeviceId: 0x1c02 (for the marketing name, search the web for "GPU Device Id")
[2020.06.08-07.17.35:677][  0]LogWindows: EnumDisplayDevices:
[2020.06.08-07.17.35:677][  0]LogWindows:    0. 'NVIDIA GeForce GTX 1060 3GB' (P:1 D:1)
[2020.06.08-07.17.35:677][  0]LogWindows:    1. 'NVIDIA GeForce GTX 1060 3GB' (P:0 D:0)
[2020.06.08-07.17.35:677][  0]LogWindows:    2. 'NVIDIA GeForce GTX 1060 3GB' (P:0 D:0)
[2020.06.08-07.17.35:677][  0]LogWindows:    3. 'NVIDIA GeForce GTX 1060 3GB' (P:0 D:0)
[2020.06.08-07.17.35:678][  0]LogWindows: DebugString: FoundDriverCount:4 
[2020.06.08-07.17.35:678][  0]LogD3D11RHI:     Adapter Name: NVIDIA GeForce GTX 1060 3GB
[2020.06.08-07.17.35:678][  0]LogD3D11RHI:   Driver Version: 441.66 (internal:26.21.14.4166, unified:441.66)
[2020.06.08-07.17.35:678][  0]LogD3D11RHI:      Driver Date: 12-6-2019
[2020.06.08-07.17.35:678][  0]LogRHI: Texture pool is 2091 MB (70% of 2988 MB)
[2020.06.08-07.17.35:872][  0]LogD3D11RHI: Async texture creation enabled
[2020.06.08-07.17.36:285][  0]LogRendererCore: FGlobalReadBuffer::InitRHI
[2020.06.08-07.17.36:296][  0]LogRendererCore: FGlobalReadBuffer::InitRHI
[2020.06.08-07.17.36:296][  0]LogRendererCore: FGlobalReadBuffer::InitRHI
[2020.06.08-07.17.36:415][  0]LogD3D11RHI: GPU Timing Frequency: 1000.000000 (Debug: 2 1)
[2020.06.08-07.17.39:262][  0]LogTemp: Display: Module 'AllDesktopTargetPlatform' loaded TargetPlatform 'AllDesktop'
[2020.06.08-07.17.39:729][  0]LogTemp: Display: Module 'MacClientTargetPlatform' loaded TargetPlatform 'MacClient'
[2020.06.08-07.17.39:825][  0]LogTemp: Display: Module 'MacNoEditorTargetPlatform' loaded TargetPlatform 'MacNoEditor'
[2020.06.08-07.17.39:941][  0]LogTemp: Display: Module 'MacServerTargetPlatform' loaded TargetPlatform 'MacServer'
[2020.06.08-07.17.40:220][  0]LogTemp: Display: Module 'MacTargetPlatform' loaded TargetPlatform 'Mac'
[2020.06.08-07.17.40:372][  0]LogTemp: Display: Module 'WindowsClientTargetPlatform' loaded TargetPlatform 'WindowsClient'
[2020.06.08-07.17.40:536][  0]LogTemp: Display: Module 'WindowsNoEditorTargetPlatform' loaded TargetPlatform 'WindowsNoEditor'
[2020.06.08-07.17.40:734][  0]LogTemp: Display: Module 'WindowsServerTargetPlatform' loaded TargetPlatform 'WindowsServer'
[2020.06.08-07.17.40:844][  0]LogTemp: Display: Module 'WindowsTargetPlatform' loaded TargetPlatform 'Windows'
[2020.06.08-07.17.41:413][  0]LogTemp: Display: Module 'AndroidTargetPlatform' loaded TargetPlatform 'Android'
[2020.06.08-07.17.41:413][  0]LogTemp: Display: Module 'AndroidTargetPlatform' loaded TargetPlatform 'Android_ASTC'
[2020.06.08-07.17.41:413][  0]LogTemp: Display: Module 'AndroidTargetPlatform' loaded TargetPlatform 'Android_ATC'
[2020.06.08-07.17.41:413][  0]LogTemp: Display: Module 'AndroidTargetPlatform' loaded TargetPlatform 'Android_DXT'
[2020.06.08-07.17.41:413][  0]LogTemp: Display: Module 'AndroidTargetPlatform' loaded TargetPlatform 'Android_ETC1'
[2020.06.08-07.17.41:413][  0]LogTemp: Display: Module 'AndroidTargetPlatform' loaded TargetPlatform 'Android_ETC1a'
[2020.06.08-07.17.41:413][  0]LogTemp: Display: Module 'AndroidTargetPlatform' loaded TargetPlatform 'Android_ETC2'
[2020.06.08-07.17.41:413][  0]LogTemp: Display: Module 'AndroidTargetPlatform' loaded TargetPlatform 'Android_PVRTC'
[2020.06.08-07.17.41:413][  0]LogTemp: Display: Module 'AndroidTargetPlatform' loaded TargetPlatform 'AndroidClient'
[2020.06.08-07.17.41:413][  0]LogTemp: Display: Module 'AndroidTargetPlatform' loaded TargetPlatform 'Android_ASTCClient'
[2020.06.08-07.17.41:413][  0]LogTemp: Display: Module 'AndroidTargetPlatform' loaded TargetPlatform 'Android_ATCClient'
[2020.06.08-07.17.41:413][  0]LogTemp: Display: Module 'AndroidTargetPlatform' loaded TargetPlatform 'Android_DXTClient'
[2020.06.08-07.17.41:413][  0]LogTemp: Display: Module 'AndroidTargetPlatform' loaded TargetPlatform 'Android_ETC1Client'
[2020.06.08-07.17.41:413][  0]LogTemp: Display: Module 'AndroidTargetPlatform' loaded TargetPlatform 'Android_ETC1aClient'
[2020.06.08-07.17.41:413][  0]LogTemp: Display: Module 'AndroidTargetPlatform' loaded TargetPlatform 'Android_ETC2Client'
[2020.06.08-07.17.41:413][  0]LogTemp: Display: Module 'AndroidTargetPlatform' loaded TargetPlatform 'Android_PVRTCClient'
[2020.06.08-07.17.41:413][  0]LogTemp: Display: Module 'AndroidTargetPlatform' loaded TargetPlatform 'Android_Multi'
[2020.06.08-07.17.41:413][  0]LogTemp: Display: Module 'AndroidTargetPlatform' loaded TargetPlatform 'Android_MultiClient'
[2020.06.08-07.17.41:507][  0]LogTemp: Display: Module 'HTML5TargetPlatform' loaded TargetPlatform 'HTML5'
[2020.06.08-07.17.42:474][  0]LogTemp: Display: Module 'IOSTargetPlatform' loaded TargetPlatform 'IOSClient'
[2020.06.08-07.17.42:474][  0]LogTemp: Display: Module 'IOSTargetPlatform' loaded TargetPlatform 'IOS'
[2020.06.08-07.17.42:543][  0]LogTemp: Display: Module 'TVOSTargetPlatform' loaded TargetPlatform 'TVOSClient'
[2020.06.08-07.17.42:543][  0]LogTemp: Display: Module 'TVOSTargetPlatform' loaded TargetPlatform 'TVOS'
[2020.06.08-07.17.42:739][  0]LogTemp: Display: Module 'LinuxClientTargetPlatform' loaded TargetPlatform 'LinuxClient'
[2020.06.08-07.17.42:819][  0]LogTemp: Display: Module 'LinuxNoEditorTargetPlatform' loaded TargetPlatform 'LinuxNoEditor'
[2020.06.08-07.17.42:903][  0]LogTemp: Display: Module 'LinuxServerTargetPlatform' loaded TargetPlatform 'LinuxServer'
[2020.06.08-07.17.42:994][  0]LogTemp: Display: Module 'LinuxTargetPlatform' loaded TargetPlatform 'Linux'
[2020.06.08-07.17.43:088][  0]LogTemp: Display: Module 'LuminTargetPlatform' loaded TargetPlatform 'Lumin'
[2020.06.08-07.17.43:088][  0]LogTemp: Display: Module 'LuminTargetPlatform' loaded TargetPlatform 'LuminClient'
[2020.06.08-07.17.43:088][  0]LogTargetPlatformManager: Display: Building Assets For Windows
[2020.06.08-07.17.43:802][  0]LogAudioDebug: Display: Lib vorbis DLL was dynamically loaded.
[2020.06.08-07.17.51:881][  0]LogShaderCompilers: Guid format shader working directory is 18 characters bigger than the processId version (../../../../!!!SANYA/!sanya/Intermediate/Shaders/WorkingDirectory/10976/).
[2020.06.08-07.17.51:882][  0]LogShaderCompilers: Cleaned the shader compiler working directory 'C:/Users/rouen/AppData/Local/Temp/UnrealShaderWorkingDir/980DD0944097C857128AC0BC0599C268/'.
[2020.06.08-07.17.51:945][  0]LogXGEController: Cleaning working directory: C:/Users/rouen/AppData/Local/Temp/UnrealXGEWorkingDir/
[2020.06.08-07.17.51:956][  0]LogShaderCompilers: Display: Using XGE Shader Compiler (Interception Interface).
[2020.06.08-07.18.13:072][  0]LogDerivedDataCache: Display: Max Cache Size: 512 MB
[2020.06.08-07.18.17:422][  0]LogDerivedDataCache: Loaded boot cache 4.35s 71MB C:/Users/rouen/AppData/Local/UnrealEngine/4.22/DerivedDataCache/Boot.ddc.
[2020.06.08-07.18.17:422][  0]LogDerivedDataCache: Display: Loaded Boot cache: C:/Users/rouen/AppData/Local/UnrealEngine/4.22/DerivedDataCache/Boot.ddc
[2020.06.08-07.18.17:422][  0]LogDerivedDataCache: FDerivedDataBackendGraph:  Pak pak cache file ../../../../!!!SANYA/!sanya/DerivedDataCache/DDC.ddp not found, will not use a pak cache.
[2020.06.08-07.18.17:423][  0]LogDerivedDataCache: Unable to find inner node Pak for hierarchical cache Hierarchy.
[2020.06.08-07.18.17:423][  0]LogDerivedDataCache: FDerivedDataBackendGraph:  CompressedPak pak cache file ../../../../!!!SANYA/!sanya/DerivedDataCache/Compressed.ddp not found, will not use a pak cache.
[2020.06.08-07.18.17:423][  0]LogDerivedDataCache: Unable to find inner node CompressedPak for hierarchical cache Hierarchy.
[2020.06.08-07.18.18:226][  0]LogDerivedDataCache: Display: Pak cache opened for reading ../../../Engine/DerivedDataCache/Compressed.ddp.
[2020.06.08-07.18.18:226][  0]LogDerivedDataCache: FDerivedDataBackendGraph:  EnterprisePak pak cache file ../../../Enterprise/DerivedDataCache/Compressed.ddp not found, will not use a pak cache.
[2020.06.08-07.18.18:226][  0]LogDerivedDataCache: Unable to find inner node EnterprisePak for hierarchical cache Hierarchy.
[2020.06.08-07.18.18:238][  0]LogDerivedDataCache: Using Local data cache path C:/Users/rouen/AppData/Local/UnrealEngine/Common/DerivedDataCache: Writable
[2020.06.08-07.18.18:238][  0]LogDerivedDataCache: Shared data cache path not found in *engine.ini, will not use an Shared cache.
[2020.06.08-07.18.18:238][  0]LogDerivedDataCache: Unable to find inner node Shared for hierarchical cache Hierarchy.
[2020.06.08-07.18.18:487][  0]LogMaterial: Verifying Global Shaders for PCD3D_SM5
[2020.06.08-07.18.19:136][  0]LogSlate: Using FreeType 2.6.0
[2020.06.08-07.18.19:366][  0]LogSlate: SlateFontServices - WITH_FREETYPE: 1, WITH_HARFBUZZ: 1
[2020.06.08-07.18.30:419][  0]LogAssetRegistry: FAssetRegistry took 0.0458 seconds to start up
[2020.06.08-07.18.39:460][  0]LogInit: Selected Device Profile: [Windows]
[2020.06.08-07.18.48:126][  0]LogMeshReduction: Using QuadricMeshReduction for automatic static mesh reduction
[2020.06.08-07.18.48:126][  0]LogMeshReduction: Using SimplygonMeshReduction for automatic skeletal mesh reduction
[2020.06.08-07.18.48:126][  0]LogMeshReduction: Using ProxyLODMeshReduction for automatic mesh merging
[2020.06.08-07.18.48:126][  0]LogMeshReduction: No distributed automatic mesh merging module available
[2020.06.08-07.18.48:301][  0]LogMeshMerging: No distributed automatic mesh merging module available
[2020.06.08-07.18.50:780][  0]LogNetVersion: Sanya 1.0.0, NetCL: 5660361, EngineNetVer: 10, GameNetVer: 0 (Checksum: 4266523157)
[2020.06.08-07.19.07:893][  0]LogPackageLocalizationCache: Processed 10 localized package path(s) for 1 prioritized culture(s) in 0.040811 seconds
[2020.06.08-07.19.07:900][  0]LogUObjectArray: 42205 objects as part of root set at end of initial load.
[2020.06.08-07.19.07:900][  0]LogUObjectAllocator: 7325032 out of 0 bytes used by permanent object pool.
[2020.06.08-07.19.07:900][  0]LogUObjectArray: CloseDisregardForGC: 0/0 objects in disregard for GC pool
[2020.06.08-07.19.41:221][  0]LogTcpMessaging: Initializing TcpMessaging bridge
[2020.06.08-07.19.41:283][  0]LogUdpMessaging: Initializing bridge on interface 0.0.0.0:0 to multicast group 230.0.0.1:6666.
[2020.06.08-07.19.42:420][  0]SourceControl: Source control is disabled
[2020.06.08-07.19.42:421][  0]SourceControl: Source control is disabled
[2020.06.08-07.19.42:587][  0]SourceControl: Source control is disabled
[2020.06.08-07.19.42:736][  0]SourceControl: Source control is disabled
[2020.06.08-07.19.45:293][  0]LogAndroidPermission: UAndroidPermissionCallbackProxy::GetInstance
[2020.06.08-07.19.48:111][  0]LogOcInput: OculusInput pre-init called
[2020.06.08-07.19.54:729][  0]LogAutomationTest: Warning: Smoke tests took > 2s to run: 3.75s
[2020.06.08-07.19.54:951][  0]LogEngine: Initializing Engine...
[2020.06.08-07.19.55:129][  0]LogHMD: Failed to initialize OpenVR with code 110
[2020.06.08-07.19.55:264][  0]LogStats: UGameplayTagsManager::InitializeManager -  0.087 s
[2020.06.08-07.19.57:661][  0]LogInit: Initializing FReadOnlyCVARCache
[2020.06.08-07.19.57:937][  0]LogAIModule: Creating AISystem for world Untitled
[2020.06.08-07.19.57:954][  0]LogInit: XAudio2 using 'Динамики (Realtek(R) Audio)' : 2 channels at 48 kHz using 32 bits per sample (channel mask 0x3)
[2020.06.08-07.19.57:999][  0]LogInit: FAudioDevice initialized.
[2020.06.08-07.19.57:999][  0]LogNetVersion: Set ProjectVersion to 1.0.0.0. Version Checksum will be recalculated on next use.
[2020.06.08-07.19.58:825][  0]LogDerivedDataCache: Saved boot cache 0.83s 71MB C:/Users/rouen/AppData/Local/UnrealEngine/4.22/DerivedDataCache/Boot.ddc.
[2020.06.08-07.19.58:837][  0]LogInit: Texture streaming: Enabled
[2020.06.08-07.19.59:930][  0]LogEngineSessionManager: EngineSessionManager initialized
[2020.06.08-07.20.01:930][  0]LogInit: Transaction tracking system initialized
[2020.06.08-07.20.06:982][  0]BlueprintLog: New page: Editor Load
[2020.06.08-07.20.15:048][  0]LocalizationService: Localization service is disabled
[2020.06.08-07.20.28:456][  0]LogFileCache: Scanning file cache for directory 'D:/!!!SANYA/!sanya/Content/' took 0.02s
[2020.06.08-07.20.28:456][  0]LogCook: Display: Max memory allowance for cook 16384mb min free memory 0mb
[2020.06.08-07.20.28:456][  0]LogCook: Display: Mobile HDR setting 1
[2020.06.08-07.20.41:767][  0]SourceControl: Source control is disabled
[2020.06.08-07.20.41:767][  0]Cmd: MAP LOAD FILE="../../../../!!!SANYA/!sanya/Content/BoyCharacter/Maps/Flat.umap" TEMPLATE=0 SHOWPROGRESS=1 FEATURELEVEL=3
[2020.06.08-07.20.41:769][  0]LightingResults: New page: Lighting Build
[2020.06.08-07.20.42:165][  0]MapCheck: New page: Map Check
[2020.06.08-07.20.42:165][  0]LightingResults: New page: Lighting Build
[2020.06.08-07.20.42:221][  0]LogUObjectHash: Compacting FUObjectHashTables data took   2.77ms
[2020.06.08-07.21.11:972][  0]LogAIModule: Creating AISystem for world Flat
[2020.06.08-07.21.12:957][  0]LogEditorServer: Finished looking for orphan Actors (0.000 secs)
[2020.06.08-07.21.13:311][  0]LogUObjectHash: Compacting FUObjectHashTables data took   2.56ms
[2020.06.08-07.21.13:311][  0]Cmd: MAP CHECKDEP NOCLEARLOG
[2020.06.08-07.21.13:377][  0]MapCheck: Map check complete: 0 Error(s), 0 Warning(s), took 0,099ms to complete.
[2020.06.08-07.21.13:377][  0]LogFileHelpers: Loading map 'Flat' took 31.610
[2020.06.08-07.21.16:042][  0]LogSlate: Updating window title bar state: overlay mode, drag disabled, window buttons hidden, title bar hidden
[2020.06.08-07.21.16:119][  0]LogSlate: Updating window title bar state: overlay mode, drag disabled, window buttons hidden, title bar hidden
[2020.06.08-07.21.16:130][  0]LogSlate: Updating window title bar state: overlay mode, drag disabled, window buttons hidden, title bar hidden
[2020.06.08-07.21.16:140][  0]LogSlate: Updating window title bar state: overlay mode, drag disabled, window buttons hidden, title bar hidden
[2020.06.08-07.21.16:218][  0]LogCollectionManager: Loaded 0 collections in 0.001010 seconds
[2020.06.08-07.21.16:250][  0]LogFileCache: Scanning file cache for directory 'D:/!!!SANYA/!sanya/Saved/Collections/' took 0.01s
[2020.06.08-07.21.16:250][  0]LogFileCache: Scanning file cache for directory 'D:/!!!SANYA/!sanya/Content/Developers/rouen/Collections/' took 0.00s
[2020.06.08-07.21.16:250][  0]LogFileCache: Scanning file cache for directory 'D:/!!!SANYA/!sanya/Content/Collections/' took 0.01s
[2020.06.08-07.21.16:250][  0]LogCollectionManager: Rebuilt the GUID cache for 0 collections in 0.000001 seconds
[2020.06.08-07.21.16:271][  0]LogContentBrowser: Native class hierarchy populated in 0.0201 seconds. Added 2732 classes and 659 folders.
[2020.06.08-07.21.16:339][  0]LogContentBrowser: Native class hierarchy updated for 'WidgetCarousel' in 0.0007 seconds. Added 0 classes and 0 folders.
[2020.06.08-07.21.16:622][  0]LogPakFile: Registered encryption key '00000000000000000000000000000000': 0 pak files mounted, 0 remain pending
[2020.06.08-07.21.16:936][  0]LogPakFile: Registered encryption key '00000000000000000000000000000000': 0 pak files mounted, 0 remain pending
[2020.06.08-07.21.17:011][  0]LogPakFile: Registered encryption key '00000000000000000000000000000000': 0 pak files mounted, 0 remain pending
[2020.06.08-07.21.17:296][  0]LogPakFile: Registered encryption key '00000000000000000000000000000000': 0 pak files mounted, 0 remain pending
[2020.06.08-07.21.17:364][  0]LogPakFile: Registered encryption key '00000000000000000000000000000000': 0 pak files mounted, 0 remain pending
[2020.06.08-07.21.17:536][  0]LogPakFile: Registered encryption key '00000000000000000000000000000000': 0 pak files mounted, 0 remain pending
[2020.06.08-07.21.17:704][  0]LogPakFile: Registered encryption key '00000000000000000000000000000000': 0 pak files mounted, 0 remain pending
[2020.06.08-07.21.17:852][  0]LogPakFile: Registered encryption key '00000000000000000000000000000000': 0 pak files mounted, 0 remain pending
[2020.06.08-07.21.17:896][  0]LogPakFile: Registered encryption key '00000000000000000000000000000000': 0 pak files mounted, 0 remain pending
[2020.06.08-07.21.18:303][  0]LogPakFile: Registered encryption key '00000000000000000000000000000000': 0 pak files mounted, 0 remain pending
[2020.06.08-07.21.18:398][  0]LogPakFile: Registered encryption key '00000000000000000000000000000000': 0 pak files mounted, 0 remain pending
[2020.06.08-07.21.18:611][  0]LogPakFile: Registered encryption key '00000000000000000000000000000000': 0 pak files mounted, 0 remain pending
[2020.06.08-07.21.18:672][  0]LogPakFile: Registered encryption key '00000000000000000000000000000000': 0 pak files mounted, 0 remain pending
[2020.06.08-07.21.18:743][  0]LogPakFile: Registered encryption key '00000000000000000000000000000000': 0 pak files mounted, 0 remain pending
[2020.06.08-07.21.18:787][  0]LogPakFile: Registered encryption key '00000000000000000000000000000000': 0 pak files mounted, 0 remain pending
[2020.06.08-07.21.19:034][  0]LogPakFile: Registered encryption key '00000000000000000000000000000000': 0 pak files mounted, 0 remain pending
[2020.06.08-07.21.19:127][  0]LogPakFile: Registered encryption key '00000000000000000000000000000000': 0 pak files mounted, 0 remain pending
[2020.06.08-07.21.19:391][  0]LogPakFile: Registered encryption key '00000000000000000000000000000000': 0 pak files mounted, 0 remain pending
[2020.06.08-07.21.19:476][  0]LogPakFile: Registered encryption key '00000000000000000000000000000000': 0 pak files mounted, 0 remain pending
[2020.06.08-07.21.19:603][  0]LogPakFile: Registered encryption key '00000000000000000000000000000000': 0 pak files mounted, 0 remain pending
[2020.06.08-07.21.19:656][  0]LogPakFile: Registered encryption key '00000000000000000000000000000000': 0 pak files mounted, 0 remain pending
[2020.06.08-07.21.19:944][  0]LogPakFile: Registered encryption key '00000000000000000000000000000000': 0 pak files mounted, 0 remain pending
[2020.06.08-07.21.20:075][  0]LogPakFile: Registered encryption key '00000000000000000000000000000000': 0 pak files mounted, 0 remain pending
[2020.06.08-07.21.20:132][  0]LogPakFile: Registered encryption key '00000000000000000000000000000000': 0 pak files mounted, 0 remain pending
[2020.06.08-07.21.20:283][  0]LogPakFile: Registered encryption key '00000000000000000000000000000000': 0 pak files mounted, 0 remain pending
[2020.06.08-07.21.20:533][  0]LogPakFile: Registered encryption key '00000000000000000000000000000000': 0 pak files mounted, 0 remain pending
[2020.06.08-07.21.23:923][  0]LogContentBrowser: Native class hierarchy updated for 'AddContentDialog' in 0.0005 seconds. Added 0 classes and 0 folders.
[2020.06.08-07.21.24:299][  0]LogContentBrowser: Native class hierarchy updated for 'SceneOutliner' in 0.0010 seconds. Added 1 classes and 2 folders.
[2020.06.08-07.21.25:477][  0]LogSlate: Took 0.140915 seconds to synchronously load lazily loaded font '../../../Engine/Content/Slate/Fonts/Roboto-Regular.ttf' (155K)
[2020.06.08-07.21.25:520][  0]LogSlate: Took 0.038720 seconds to synchronously load lazily loaded font '../../../Engine/Content/Slate/Fonts/Roboto-Bold.ttf' (160K)
[2020.06.08-07.21.25:550][  0]LogSlate: Took 0.021985 seconds to synchronously load lazily loaded font '../../../Engine/Content/Editor/Slate/Fonts/FontAwesome.ttf' (139K)
[2020.06.08-07.21.26:171][  0]LogRenderer: Reallocating scene render targets to support 1128x596 Format 10 NumSamples 1 (Frame:1).
[2020.06.08-07.21.26:500][  0]LogSlate: Took 0.170706 seconds to synchronously load lazily loaded font '../../../Engine/Content/Slate/Fonts/Roboto-Light.ttf' (167K)
[2020.06.08-07.21.27:088][  0]LogContentBrowser: Native class hierarchy updated for 'HierarchicalLODOutliner' in 0.0004 seconds. Added 0 classes and 0 folders.
[2020.06.08-07.21.27:088][  0]LogLoad: (Engine Initialization) Total time: 340.73 seconds
[2020.06.08-07.21.27:088][  0]LogLoad: (Engine Initialization) Total Blueprint compile time: 0.00 seconds
[2020.06.08-07.21.27:444][  0]LogContentStreaming: Texture pool size now 1000 MB
[2020.06.08-07.21.27:689][  1]LogAssetRegistry: Asset discovery search completed in 177.2937 seconds
[2020.06.08-07.21.27:700][  1]LogCollectionManager: Rebuilt the object cache for 0 collections in 0.000001 seconds (found 0 objects)
[2020.06.08-07.21.27:700][  1]LogCollectionManager: Fixed up redirectors for 0 collections in 0.000153 seconds (updated 0 objects)
[2020.06.08-07.22.32:987][196]LogWindowsTextInputMethodSystem: Display: IME system now deactivated.
[2020.06.08-07.22.32:987][196]LogWindowsTextInputMethodSystem: Display: IME system now deactivated.
