Log file open, 06/16/20 12:41:16
LogWindows: Failed to load 'aqProf.dll' (GetLastError=126)
LogWindows: File 'aqProf.dll' does not exist
LogWindows: Failed to load 'VtuneApi.dll' (GetLastError=126)
LogWindows: File 'VtuneApi.dll' does not exist
LogWindows: Failed to load 'VtuneApi32e.dll' (GetLastError=126)
LogWindows: File 'VtuneApi32e.dll' does not exist
LogConsoleResponse: Display: Failed to find resolution value strings in scalability ini. Falling back to default.
LogInit: Display: Running engine for game: Sanya
LogPakFile: Registered encryption key '00000000000000000000000000000000': 0 pak files mounted, 0 remain pending
LogPlatformFile: Not using cached read wrapper
LogTaskGraph: Started task graph with 5 named threads and 23 total threads with 3 sets of task threads.
LogStats: Stats thread started at 0.272518
LogD3D11RHI: Loaded GFSDK_Aftermath_Lib.x64.dll
LogICUInternationalization: ICU TimeZone Detection - Raw Offset: +3:00, Platform Override: ''
LogPluginManager: Mounting plugin Paper2D
LogPluginManager: Mounting plugin AISupport
LogPluginManager: Mounting plugin LightPropagationVolume
LogPluginManager: Mounting plugin ActorLayerUtilities
LogPluginManager: Mounting plugin AnimationSharing
LogPluginManager: Mounting plugin CLionSourceCodeAccess
LogPluginManager: Mounting plugin CodeLiteSourceCodeAccess
LogPluginManager: Mounting plugin GitSourceControl
LogPluginManager: Mounting plugin KDevelopSourceCodeAccess
LogPluginManager: Mounting plugin NullSourceCodeAccess
LogPluginManager: Mounting plugin PerforceSourceControl
LogPluginManager: Mounting plugin SubversionSourceControl
LogPluginManager: Mounting plugin UObjectPlugin
LogPluginManager: Mounting plugin VisualStudioCodeSourceCodeAccess
LogPluginManager: Mounting plugin VisualStudioSourceCodeAccess
LogPluginManager: Mounting plugin XCodeSourceCodeAccess
LogPluginManager: Mounting plugin AssetManagerEditor
LogPluginManager: Mounting plugin CryptoKeys
LogPluginManager: Mounting plugin DataValidation
LogPluginManager: Mounting plugin FacialAnimation
LogPluginManager: Mounting plugin GameplayTagsEditor
LogPluginManager: Mounting plugin MacGraphicsSwitching
LogPluginManager: Mounting plugin MaterialAnalyzer
LogPluginManager: Mounting plugin MobileLauncherProfileWizard
LogPluginManager: Mounting plugin PluginBrowser
LogPluginManager: Mounting plugin SpeedTreeImporter
LogPluginManager: Mounting plugin DatasmithContent
LogPluginManager: Mounting plugin VariantManagerContent
LogPluginManager: Mounting plugin AlembicImporter
LogPluginManager: Mounting plugin AppleImageUtils
LogPluginManager: Mounting plugin AppleVision
LogPluginManager: Mounting plugin BackChannel
LogPluginManager: Mounting plugin CharacterAI
LogPluginManager: Mounting plugin GeometryCache
LogPluginManager: Mounting plugin HTML5Networking
LogPluginManager: Mounting plugin ProxyLODPlugin
LogPluginManager: Mounting plugin SkeletalReduction
LogPluginManager: Mounting plugin MagicLeap
LogPluginManager: Mounting plugin MagicLeapMedia
LogPluginManager: Mounting plugin AndroidMedia
LogPluginManager: Mounting plugin AvfMedia
LogPluginManager: Mounting plugin ImgMedia
LogPluginManager: Mounting plugin LinearTimecode
LogPluginManager: Mounting plugin MediaCompositing
LogPluginManager: Mounting plugin MediaPlayerEditor
LogPluginManager: Mounting plugin WebMMedia
LogPluginManager: Mounting plugin WmfMedia
LogPluginManager: Mounting plugin TcpMessaging
LogPluginManager: Mounting plugin UdpMessaging
LogPluginManager: Mounting plugin ActorSequence
LogPluginManager: Mounting plugin LevelSequenceEditor
LogPluginManager: Mounting plugin MatineeToLevelSequence
LogPluginManager: Mounting plugin NetcodeUnitTest
LogPluginManager: Mounting plugin NUTUnrealEngine4
LogPluginManager: Mounting plugin OnlineSubsystemGooglePlay
LogPluginManager: Mounting plugin OnlineSubsystemIOS
LogPluginManager: Mounting plugin OnlineSubsystem
LogPluginManager: Mounting plugin OnlineSubsystemNull
LogPluginManager: Mounting plugin OnlineSubsystemUtils
LogPluginManager: Mounting plugin LauncherChunkInstaller
LogPluginManager: Mounting plugin AndroidDeviceProfileSelector
LogPluginManager: Mounting plugin AndroidMoviePlayer
LogPluginManager: Mounting plugin AndroidPermission
LogPluginManager: Mounting plugin AppleMoviePlayer
LogPluginManager: Mounting plugin ArchVisCharacter
LogPluginManager: Mounting plugin AudioCapture
LogPluginManager: Mounting plugin CableComponent
LogPluginManager: Mounting plugin CustomMeshComponent
LogPluginManager: Mounting plugin EditableMesh
LogPluginManager: Mounting plugin ExampleDeviceProfileSelector
LogPluginManager: Mounting plugin Firebase
LogPluginManager: Mounting plugin GoogleCloudMessaging
LogPluginManager: Mounting plugin IOSDeviceProfileSelector
LogPluginManager: Mounting plugin LinuxDeviceProfileSelector
LogPluginManager: Mounting plugin LocationServicesBPLibrary
LogPluginManager: Mounting plugin MobilePatchingUtils
LogPluginManager: Mounting plugin OculusVR
LogPluginManager: Mounting plugin PhysXVehicles
LogPluginManager: Mounting plugin ProceduralMeshComponent
LogPluginManager: Mounting plugin RuntimePhysXCooking
LogPluginManager: Mounting plugin SignificanceManager
LogPluginManager: Mounting plugin SteamVR
LogPluginManager: Mounting plugin WebMMoviePlayer
LogPluginManager: Mounting plugin WindowsMoviePlayer
LogInit: Using libcurl 7.55.1-DEV
LogInit:  - built for x86_64-pc-win32
LogInit:  - supports SSL with OpenSSL/1.1.1
LogInit:  - supports HTTP deflate (compression) using libz 1.2.8
LogInit:  - other features:
LogInit:      CURL_VERSION_SSL
LogInit:      CURL_VERSION_LIBZ
LogInit:      CURL_VERSION_IPV6
LogInit:      CURL_VERSION_ASYNCHDNS
LogInit:      CURL_VERSION_LARGEFILE
LogInit:      CURL_VERSION_IDN
LogInit:  CurlRequestOptions (configurable via config and command line):
LogInit:  - bVerifyPeer = true  - Libcurl will verify peer certificate
LogInit:  - bUseHttpProxy = false  - Libcurl will NOT use HTTP proxy
LogInit:  - bDontReuseConnections = false  - Libcurl will reuse connections
LogInit:  - MaxHostConnections = 16  - Libcurl will limit the number of connections to a host
LogInit:  - LocalHostAddr = Default
LogInit:  - BufferSize = 65536
LogInit: WinSock: version 1.1 (2.2), MaxSocks=32767, MaxUdp=65467
LogInit: Build: ++UE4+Release-4.22-CL-7053642
LogInit: Engine Version: 4.22.3-7053642+++UE4+Release-4.22
LogInit: Compatible Engine Version: 4.22.0-5660361+++UE4+Release-4.22
LogInit: Net CL: 5660361
LogInit: OS: Windows 10 (Release 1909) (), CPU: Intel(R) Core(TM) i7-7700 CPU @ 3.60GHz, GPU: NVIDIA GeForce GTX 1060 3GB
LogInit: Compiled (64-bit): Jun 18 2019 03:09:11
LogInit: Compiled with Visual C++: 19.16.27025.01
LogInit: Build Configuration: Development
LogInit: Branch Name: ++UE4+Release-4.22
LogInit: Command Line:  /Game/BoyCharacter/Maps/Outside -game -PIEVIACONSOLE -ResX=1280 -ResY=720 -Multiprocess -messaging -SessionName="Play in Standalone Game" -windowed
LogInit: Base Directory: D:/UE_4.22/Engine/Binaries/Win64/
LogInit: Installed Engine Build: 1
LogDevObjectVersion: Number of dev versions registered: 23
LogDevObjectVersion:   Dev-Blueprints (B0D832E4-1F89-4F0D-ACCF-7EB736FD4AA2): 10
LogDevObjectVersion:   Dev-Build (E1C64328-A22C-4D53-A36C-8E866417BD8C): 0
LogDevObjectVersion:   Dev-Core (375EC13C-06E4-48FB-B500-84F0262A717E): 3
LogDevObjectVersion:   Dev-Editor (E4B068ED-F494-42E9-A231-DA0B2E46BB41): 30
LogDevObjectVersion:   Dev-Framework (CFFC743F-43B0-4480-9391-14DF171D2073): 35
LogDevObjectVersion:   Dev-Mobile (B02B49B5-BB20-44E9-A304-32B752E40360): 2
LogDevObjectVersion:   Dev-Networking (A4E4105C-59A1-49B5-A7C5-40C4547EDFEE): 0
LogDevObjectVersion:   Dev-Online (39C831C9-5AE6-47DC-9A44-9C173E1C8E7C): 0
LogDevObjectVersion:   Dev-Physics (78F01B33-EBEA-4F98-B9B4-84EACCB95AA2): 0
LogDevObjectVersion:   Dev-Platform (6631380F-2D4D-43E0-8009-CF276956A95A): 0
LogDevObjectVersion:   Dev-Rendering (12F88B9F-8875-4AFC-A67C-D90C383ABD29): 28
LogDevObjectVersion:   Dev-Sequencer (7B5AE74C-D270-4C10-A958-57980B212A5A): 11
LogDevObjectVersion:   Dev-VR (D7296918-1DD6-4BDD-9DE2-64A83CC13884): 2
LogDevObjectVersion:   Dev-LoadTimes (C2A15278-BFE7-4AFE-6C17-90FF531DF755): 1
LogDevObjectVersion:   Private-Geometry (6EACA3D4-40EC-4CC1-B786-8BED09428FC5): 3
LogDevObjectVersion:   Dev-AnimPhys (29E575DD-E0A3-4627-9D10-D276232CDCEA): 17
LogDevObjectVersion:   Dev-Anim (AF43A65D-7FD3-4947-9873-3E8ED9C1BB05): 2
LogDevObjectVersion:   Dev-ReflectionCapture (6B266CEC-1EC7-4B8F-A30B-E4D90942FC07): 1
LogDevObjectVersion:   Dev-Automation (0DF73D61-A23F-47EA-B727-89E90C41499A): 1
LogDevObjectVersion:   FortniteMain (601D1886-AC64-4F84-AA16-D3DE0DEAC7D6): 25
LogDevObjectVersion:   Dev-Enterprise (9DFFBCD6-494F-0158-E221-12823C92A888): 6
LogDevObjectVersion:   Dev-Niagara (F2AED0AC-9AFE-416F-8664-AA7FFA26D6FC): 1
LogDevObjectVersion:   Dev-Destruction (174F1F0B-B4C6-45A5-B13F-2EE8D0FB917D): 2
LogInit: Presizing for max 16777216 objects, including 0 objects not considered by GC, pre-allocating 0 bytes for permanent pool.
LogInit: Object subsystem initialized
LogConfig: Setting CVar [[con.DebugEarlyDefault:1]]
LogConfig: Setting CVar [[r.setres:1280x720]]
[2020.06.16-09.41.16:604][  0]LogConfig: Setting CVar [[con.DebugEarlyDefault:1]]
[2020.06.16-09.41.16:604][  0]LogConfig: Setting CVar [[r.setres:1280x720]]
[2020.06.16-09.41.16:604][  0]LogConfig: Applying CVar settings from Section [/Script/Engine.RendererSettings] File [D:/!!!SANYA/!sanya/Saved/Config/Windows/Engine.ini]
[2020.06.16-09.41.16:604][  0]LogConfig: Setting CVar [[r.GPUCrashDebugging:0]]
[2020.06.16-09.41.16:604][  0]LogConfig: Setting CVar [[r.MobileHDR:1]]
[2020.06.16-09.41.16:604][  0]LogConfig: Setting CVar [[r.Mobile.DisableVertexFog:1]]
[2020.06.16-09.41.16:604][  0]LogConfig: Setting CVar [[r.Shadow.CSM.MaxMobileCascades:2]]
[2020.06.16-09.41.16:604][  0]LogConfig: Setting CVar [[r.MobileMSAA:1]]
[2020.06.16-09.41.16:605][  0]LogConfig: Setting CVar [[r.Mobile.UseLegacyShadingModel:0]]
[2020.06.16-09.41.16:605][  0]LogConfig: Setting CVar [[r.Mobile.UseHWsRGBEncoding:0]]
[2020.06.16-09.41.16:605][  0]LogConfig: Setting CVar [[r.Mobile.AllowDitheredLODTransition:0]]
[2020.06.16-09.41.16:605][  0]LogConfig: Setting CVar [[r.Mobile.AllowSoftwareOcclusion:0]]
[2020.06.16-09.41.16:605][  0]LogConfig: Setting CVar [[r.DiscardUnusedQuality:0]]
[2020.06.16-09.41.16:605][  0]LogConfig: Setting CVar [[r.AllowOcclusionQueries:1]]
[2020.06.16-09.41.16:605][  0]LogConfig: Setting CVar [[r.MinScreenRadiusForLights:0.030000]]
[2020.06.16-09.41.16:605][  0]LogConfig: Setting CVar [[r.MinScreenRadiusForDepthPrepass:0.030000]]
[2020.06.16-09.41.16:605][  0]LogConfig: Setting CVar [[r.MinScreenRadiusForCSMDepth:0.010000]]
[2020.06.16-09.41.16:605][  0]LogConfig: Setting CVar [[r.PrecomputedVisibilityWarning:0]]
[2020.06.16-09.41.16:605][  0]LogConfig: Setting CVar [[r.TextureStreaming:1]]
[2020.06.16-09.41.16:605][  0]LogConfig: Setting CVar [[Compat.UseDXT5NormalMaps:0]]
[2020.06.16-09.41.16:605][  0]LogConfig: Setting CVar [[r.ClearCoatNormal:0]]
[2020.06.16-09.41.16:605][  0]LogConfig: Setting CVar [[r.ReflectionCaptureResolution:128]]
[2020.06.16-09.41.16:605][  0]LogConfig: Setting CVar [[r.ReflectionEnvironmentLightmapMixBasedOnRoughness:1]]
[2020.06.16-09.41.16:605][  0]LogConfig: Setting CVar [[r.ForwardShading:0]]
[2020.06.16-09.41.16:605][  0]LogConfig: Setting CVar [[r.VertexFoggingForOpaque:1]]
[2020.06.16-09.41.16:605][  0]LogConfig: Setting CVar [[r.AllowStaticLighting:1]]
[2020.06.16-09.41.16:605][  0]LogConfig: Setting CVar [[r.NormalMapsForStaticLighting:0]]
[2020.06.16-09.41.16:605][  0]LogConfig: Setting CVar [[r.GenerateMeshDistanceFields:0]]
[2020.06.16-09.41.16:605][  0]LogConfig: Setting CVar [[r.DistanceFieldBuild.EightBit:0]]
[2020.06.16-09.41.16:605][  0]LogConfig: Setting CVar [[r.GenerateLandscapeGIData:0]]
[2020.06.16-09.41.16:605][  0]LogConfig: Setting CVar [[r.DistanceFieldBuild.Compress:0]]
[2020.06.16-09.41.16:605][  0]LogConfig: Setting CVar [[r.TessellationAdaptivePixelsPerTriangle:48.000000]]
[2020.06.16-09.41.16:605][  0]LogConfig: Setting CVar [[r.SeparateTranslucency:1]]
[2020.06.16-09.41.16:606][  0]LogConfig: Setting CVar [[r.TranslucentSortPolicy:0]]
[2020.06.16-09.41.16:606][  0]LogConfig: Setting CVar [[r.CustomDepth:1]]
[2020.06.16-09.41.16:606][  0]LogConfig: Setting CVar [[r.CustomDepthTemporalAAJitter:1]]
[2020.06.16-09.41.16:606][  0]LogConfig: Setting CVar [[r.PostProcessing.PropagateAlpha:0]]
[2020.06.16-09.41.16:606][  0]LogConfig: Setting CVar [[r.DOF.Algorithm:1]]
[2020.06.16-09.41.16:606][  0]LogConfig: Setting CVar [[r.DefaultFeature.Bloom:1]]
[2020.06.16-09.41.16:606][  0]LogConfig: Setting CVar [[r.DefaultFeature.AmbientOcclusion:1]]
[2020.06.16-09.41.16:606][  0]LogConfig: Setting CVar [[r.DefaultFeature.AmbientOcclusionStaticFraction:1]]
[2020.06.16-09.41.16:606][  0]LogConfig: Setting CVar [[r.DefaultFeature.AutoExposure:0]]
[2020.06.16-09.41.16:606][  0]LogConfig: Setting CVar [[r.DefaultFeature.AutoExposure.Method:0]]
[2020.06.16-09.41.16:606][  0]LogConfig: Setting CVar [[r.DefaultFeature.AutoExposure.ExtendDefaultLuminanceRange:0]]
[2020.06.16-09.41.16:606][  0]LogConfig: Setting CVar [[r.UsePreExposure:0]]
[2020.06.16-09.41.16:606][  0]LogConfig: Setting CVar [[r.DefaultFeature.MotionBlur:0]]
[2020.06.16-09.41.16:606][  0]LogConfig: Setting CVar [[r.DefaultFeature.LensFlare:0]]
[2020.06.16-09.41.16:606][  0]LogConfig: Setting CVar [[r.TemporalAA.Upsampling:0]]
[2020.06.16-09.41.16:606][  0]LogConfig: Setting CVar [[r.DefaultFeature.AntiAliasing:0]]
[2020.06.16-09.41.16:606][  0]LogConfig: Setting CVar [[r.DefaultFeature.LightUnits:1]]
[2020.06.16-09.41.16:606][  0]LogConfig: Setting CVar [[r.DefaultBackBufferPixelFormat:4]]
[2020.06.16-09.41.16:606][  0]LogConfig: Setting CVar [[r.Shadow.UnbuiltPreviewInGame:1]]
[2020.06.16-09.41.16:606][  0]LogConfig: Setting CVar [[r.StencilForLODDither:0]]
[2020.06.16-09.41.16:606][  0]LogConfig: Setting CVar [[r.EarlyZPass:3]]
[2020.06.16-09.41.16:606][  0]LogConfig: Setting CVar [[r.EarlyZPassOnlyMaterialMasking:0]]
[2020.06.16-09.41.16:606][  0]LogConfig: Setting CVar [[r.DBuffer:1]]
[2020.06.16-09.41.16:606][  0]LogConfig: Setting CVar [[r.ClearSceneMethod:1]]
[2020.06.16-09.41.16:607][  0]LogConfig: Setting CVar [[r.BasePassOutputsVelocity:0]]
[2020.06.16-09.41.16:607][  0]LogConfig: Setting CVar [[r.SelectiveBasePassOutputs:0]]
[2020.06.16-09.41.16:607][  0]LogConfig: Setting CVar [[fx.GPUSimulationTextureSizeX:1024]]
[2020.06.16-09.41.16:607][  0]LogConfig: Setting CVar [[fx.GPUSimulationTextureSizeY:1024]]
[2020.06.16-09.41.16:607][  0]LogConfig: Setting CVar [[r.AllowGlobalClipPlane:0]]
[2020.06.16-09.41.16:607][  0]LogConfig: Setting CVar [[r.GBufferFormat:1]]
[2020.06.16-09.41.16:607][  0]LogConfig: Setting CVar [[r.MorphTarget.Mode:1]]
[2020.06.16-09.41.16:607][  0]LogConfig: Setting CVar [[vr.InstancedStereo:0]]
[2020.06.16-09.41.16:607][  0]LogConfig: Setting CVar [[vr.MultiView:0]]
[2020.06.16-09.41.16:607][  0]LogConfig: Setting CVar [[vr.MobileMultiView:0]]
[2020.06.16-09.41.16:607][  0]LogConfig: Setting CVar [[vr.MobileMultiView.Direct:0]]
[2020.06.16-09.41.16:607][  0]LogConfig: Setting CVar [[vr.RoundRobinOcclusion:0]]
[2020.06.16-09.41.16:607][  0]LogConfig: Setting CVar [[vr.ODSCapture:0]]
[2020.06.16-09.41.16:607][  0]LogConfig: Setting CVar [[r.WireframeCullThreshold:5.000000]]
[2020.06.16-09.41.16:607][  0]LogConfig: Setting CVar [[r.RayTracing:0]]
[2020.06.16-09.41.16:607][  0]LogConfig: Setting CVar [[r.SupportStationarySkylight:1]]
[2020.06.16-09.41.16:607][  0]LogConfig: Setting CVar [[r.SupportLowQualityLightmaps:1]]
[2020.06.16-09.41.16:607][  0]LogConfig: Setting CVar [[r.SupportPointLightWholeSceneShadows:1]]
[2020.06.16-09.41.16:607][  0]LogConfig: Setting CVar [[r.SupportAtmosphericFog:1]]
[2020.06.16-09.41.16:607][  0]LogConfig: Setting CVar [[r.SkinCache.CompileShaders:0]]
[2020.06.16-09.41.16:607][  0]LogConfig: Setting CVar [[r.Mobile.EnableStaticAndCSMShadowReceivers:1]]
[2020.06.16-09.41.16:607][  0]LogConfig: Setting CVar [[r.Mobile.EnableMovableLightCSMShaderCulling:1]]
[2020.06.16-09.41.16:607][  0]LogConfig: Setting CVar [[r.Mobile.AllowDistanceFieldShadows:1]]
[2020.06.16-09.41.16:607][  0]LogConfig: Setting CVar [[r.Mobile.AllowMovableDirectionalLights:1]]
[2020.06.16-09.41.16:607][  0]LogConfig: Setting CVar [[r.MobileNumDynamicPointLights:4]]
[2020.06.16-09.41.16:607][  0]LogConfig: Setting CVar [[r.MobileDynamicPointLightsUseStaticBranch:1]]
[2020.06.16-09.41.16:607][  0]LogConfig: Setting CVar [[r.Mobile.EnableMovableSpotlights:0]]
[2020.06.16-09.41.16:607][  0]LogConfig: Setting CVar [[r.SkinCache.SceneMemoryLimitInMB:128.000000]]
[2020.06.16-09.41.16:608][  0]LogConfig: Setting CVar [[r.GPUSkin.Limit2BoneInfluences:0]]
[2020.06.16-09.41.16:608][  0]LogConfig: Setting CVar [[r.SupportDepthOnlyIndexBuffers:1]]
[2020.06.16-09.41.16:608][  0]LogConfig: Setting CVar [[r.SupportReversedIndexBuffers:1]]
[2020.06.16-09.41.16:608][  0]LogConfig: Setting CVar [[r.SupportMaterialLayers:0]]
[2020.06.16-09.41.16:608][  0]LogConfig: Applying CVar settings from Section [/Script/Engine.RendererOverrideSettings] File [D:/!!!SANYA/!sanya/Saved/Config/Windows/Engine.ini]
[2020.06.16-09.41.16:608][  0]LogConfig: Applying CVar settings from Section [/Script/Engine.StreamingSettings] File [D:/!!!SANYA/!sanya/Saved/Config/Windows/Engine.ini]
[2020.06.16-09.41.16:608][  0]LogConfig: Setting CVar [[s.MinBulkDataSizeForAsyncLoading:131072]]
[2020.06.16-09.41.16:608][  0]LogConfig: Setting CVar [[s.AsyncLoadingThreadEnabled:0]]
[2020.06.16-09.41.16:608][  0]LogConfig: Setting CVar [[s.EventDrivenLoaderEnabled:1]]
[2020.06.16-09.41.16:608][  0]LogConfig: Setting CVar [[s.WarnIfTimeLimitExceeded:0]]
[2020.06.16-09.41.16:608][  0]LogConfig: Setting CVar [[s.TimeLimitExceededMultiplier:1.5]]
[2020.06.16-09.41.16:608][  0]LogConfig: Setting CVar [[s.TimeLimitExceededMinTime:0.005]]
[2020.06.16-09.41.16:608][  0]LogConfig: Setting CVar [[s.UseBackgroundLevelStreaming:1]]
[2020.06.16-09.41.16:608][  0]LogConfig: Setting CVar [[s.PriorityAsyncLoadingExtraTime:15.0]]
[2020.06.16-09.41.16:608][  0]LogConfig: Setting CVar [[s.LevelStreamingActorsUpdateTimeLimit:5.0]]
[2020.06.16-09.41.16:608][  0]LogConfig: Setting CVar [[s.PriorityLevelStreamingActorsUpdateExtraTime:5.0]]
[2020.06.16-09.41.16:608][  0]LogConfig: Setting CVar [[s.LevelStreamingComponentsRegistrationGranularity:10]]
[2020.06.16-09.41.16:608][  0]LogConfig: Setting CVar [[s.UnregisterComponentsTimeLimit:1.0]]
[2020.06.16-09.41.16:608][  0]LogConfig: Setting CVar [[s.LevelStreamingComponentsUnregistrationGranularity:5]]
[2020.06.16-09.41.16:608][  0]LogConfig: Applying CVar settings from Section [/Script/Engine.GarbageCollectionSettings] File [D:/!!!SANYA/!sanya/Saved/Config/Windows/Engine.ini]
[2020.06.16-09.41.16:608][  0]LogConfig: Setting CVar [[gc.MaxObjectsNotConsideredByGC:1]]
[2020.06.16-09.41.16:608][  0]LogConfig: Setting CVar [[gc.SizeOfPermanentObjectPool:0]]
[2020.06.16-09.41.16:608][  0]LogConfig: Setting CVar [[gc.FlushStreamingOnGC:0]]
[2020.06.16-09.41.16:608][  0]LogConfig: Setting CVar [[gc.NumRetriesBeforeForcingGC:10]]
[2020.06.16-09.41.16:608][  0]LogConfig: Setting CVar [[gc.AllowParallelGC:1]]
[2020.06.16-09.41.16:609][  0]LogConfig: Setting CVar [[gc.TimeBetweenPurgingPendingKillObjects:61.1]]
[2020.06.16-09.41.16:609][  0]LogConfig: Setting CVar [[gc.MaxObjectsInEditor:16777216]]
[2020.06.16-09.41.16:609][  0]LogConfig: Setting CVar [[gc.IncrementalBeginDestroyEnabled:1]]
[2020.06.16-09.41.16:609][  0]LogConfig: Setting CVar [[gc.CreateGCClusters:1]]
[2020.06.16-09.41.16:609][  0]LogConfig: Setting CVar [[gc.MinGCClusterSize:5]]
[2020.06.16-09.41.16:609][  0]LogConfig: Setting CVar [[gc.ActorClusteringEnabled:0]]
[2020.06.16-09.41.16:609][  0]LogConfig: Setting CVar [[gc.BlueprintClusteringEnabled:0]]
[2020.06.16-09.41.16:609][  0]LogConfig: Setting CVar [[gc.UseDisregardForGCOnDedicatedServers:0]]
[2020.06.16-09.41.16:609][  0]LogConfig: Applying CVar settings from Section [/Script/Engine.NetworkSettings] File [D:/!!!SANYA/!sanya/Saved/Config/Windows/Engine.ini]
[2020.06.16-09.41.16:609][  0]LogConfig: Applying CVar settings from Section [/Script/UnrealEd.CookerSettings] File [D:/!!!SANYA/!sanya/Saved/Config/Windows/Engine.ini]
[2020.06.16-09.41.16:616][  0]LogConfig: Applying CVar settings from Section [ViewDistanceQuality@3] File [D:/!!!SANYA/!sanya/Saved/Config/Windows/Scalability.ini]
[2020.06.16-09.41.16:616][  0]LogConfig: Setting CVar [[r.SkeletalMeshLODBias:0]]
[2020.06.16-09.41.16:616][  0]LogConfig: Setting CVar [[r.ViewDistanceScale:1.0]]
[2020.06.16-09.41.16:616][  0]LogConfig: Applying CVar settings from Section [AntiAliasingQuality@3] File [D:/!!!SANYA/!sanya/Saved/Config/Windows/Scalability.ini]
[2020.06.16-09.41.16:616][  0]LogConfig: Setting CVar [[r.PostProcessAAQuality:4]]
[2020.06.16-09.41.16:616][  0]LogConfig: Applying CVar settings from Section [ShadowQuality@3] File [D:/!!!SANYA/!sanya/Saved/Config/Windows/Scalability.ini]
[2020.06.16-09.41.16:616][  0]LogConfig: Setting CVar [[r.LightFunctionQuality:1]]
[2020.06.16-09.41.16:616][  0]LogConfig: Setting CVar [[r.ShadowQuality:5]]
[2020.06.16-09.41.16:616][  0]LogConfig: Setting CVar [[r.Shadow.CSM.MaxCascades:10]]
[2020.06.16-09.41.16:616][  0]LogConfig: Setting CVar [[r.Shadow.MaxResolution:2048]]
[2020.06.16-09.41.16:616][  0]LogConfig: Setting CVar [[r.Shadow.MaxCSMResolution:2048]]
[2020.06.16-09.41.16:616][  0]LogConfig: Setting CVar [[r.Shadow.RadiusThreshold:0.01]]
[2020.06.16-09.41.16:616][  0]LogConfig: Setting CVar [[r.Shadow.DistanceScale:1.0]]
[2020.06.16-09.41.16:616][  0]LogConfig: Setting CVar [[r.Shadow.CSM.TransitionScale:1.0]]
[2020.06.16-09.41.16:616][  0]LogConfig: Setting CVar [[r.Shadow.PreShadowResolutionFactor:1.0]]
[2020.06.16-09.41.16:616][  0]LogConfig: Setting CVar [[r.DistanceFieldShadowing:1]]
[2020.06.16-09.41.16:616][  0]LogConfig: Setting CVar [[r.DistanceFieldAO:1]]
[2020.06.16-09.41.16:616][  0]LogConfig: Setting CVar [[r.AOQuality:2]]
[2020.06.16-09.41.16:616][  0]LogConfig: Setting CVar [[r.VolumetricFog:1]]
[2020.06.16-09.41.16:616][  0]LogConfig: Setting CVar [[r.VolumetricFog.GridPixelSize:8]]
[2020.06.16-09.41.16:616][  0]LogConfig: Setting CVar [[r.VolumetricFog.GridSizeZ:128]]
[2020.06.16-09.41.16:617][  0]LogConfig: Setting CVar [[r.VolumetricFog.HistoryMissSupersampleCount:4]]
[2020.06.16-09.41.16:617][  0]LogConfig: Setting CVar [[r.LightMaxDrawDistanceScale:1]]
[2020.06.16-09.41.16:617][  0]LogConfig: Setting CVar [[r.CapsuleShadows:1]]
[2020.06.16-09.41.16:617][  0]LogConfig: Applying CVar settings from Section [PostProcessQuality@3] File [D:/!!!SANYA/!sanya/Saved/Config/Windows/Scalability.ini]
[2020.06.16-09.41.16:617][  0]LogConfig: Setting CVar [[r.MotionBlurQuality:4]]
[2020.06.16-09.41.16:617][  0]LogConfig: Setting CVar [[r.AmbientOcclusionMipLevelFactor:0.4]]
[2020.06.16-09.41.16:617][  0]LogConfig: Setting CVar [[r.AmbientOcclusionMaxQuality:100]]
[2020.06.16-09.41.16:617][  0]LogConfig: Setting CVar [[r.AmbientOcclusionLevels:-1]]
[2020.06.16-09.41.16:617][  0]LogConfig: Setting CVar [[r.AmbientOcclusionRadiusScale:1.0]]
[2020.06.16-09.41.16:617][  0]LogConfig: Setting CVar [[r.DepthOfFieldQuality:2]]
[2020.06.16-09.41.16:617][  0]LogConfig: Setting CVar [[r.RenderTargetPoolMin:400]]
[2020.06.16-09.41.16:617][  0]LogConfig: Setting CVar [[r.LensFlareQuality:2]]
[2020.06.16-09.41.16:617][  0]LogConfig: Setting CVar [[r.SceneColorFringeQuality:1]]
[2020.06.16-09.41.16:617][  0]LogConfig: Setting CVar [[r.EyeAdaptationQuality:2]]
[2020.06.16-09.41.16:617][  0]LogConfig: Setting CVar [[r.BloomQuality:5]]
[2020.06.16-09.41.16:617][  0]LogConfig: Setting CVar [[r.FastBlurThreshold:100]]
[2020.06.16-09.41.16:617][  0]LogConfig: Setting CVar [[r.Upscale.Quality:3]]
[2020.06.16-09.41.16:617][  0]LogConfig: Setting CVar [[r.Tonemapper.GrainQuantization:1]]
[2020.06.16-09.41.16:617][  0]LogConfig: Setting CVar [[r.LightShaftQuality:1]]
[2020.06.16-09.41.16:617][  0]LogConfig: Setting CVar [[r.Filter.SizeScale:1]]
[2020.06.16-09.41.16:617][  0]LogConfig: Setting CVar [[r.Tonemapper.Quality:5]]
[2020.06.16-09.41.16:617][  0]LogConfig: Setting CVar [[r.DOF.Gather.AccumulatorQuality:1        ; higher gathering accumulator quality]]
[2020.06.16-09.41.16:617][  0]LogConfig: Setting CVar [[r.DOF.Gather.PostfilterMethod:1          ; Median3x3 postfilering method]]
[2020.06.16-09.41.16:617][  0]LogConfig: Setting CVar [[r.DOF.Gather.EnableBokehSettings:0       ; no bokeh simulation when gathering]]
[2020.06.16-09.41.16:617][  0]LogConfig: Setting CVar [[r.DOF.Gather.RingCount:4                 ; medium number of samples when gathering]]
[2020.06.16-09.41.16:617][  0]LogConfig: Setting CVar [[r.DOF.Scatter.ForegroundCompositing:1    ; additive foreground scattering]]
[2020.06.16-09.41.16:618][  0]LogConfig: Setting CVar [[r.DOF.Scatter.BackgroundCompositing:2    ; additive background scattering]]
[2020.06.16-09.41.16:618][  0]LogConfig: Setting CVar [[r.DOF.Scatter.EnableBokehSettings:1      ; bokeh simulation when scattering]]
[2020.06.16-09.41.16:618][  0]LogConfig: Setting CVar [[r.DOF.Scatter.MaxSpriteRatio:0.1         ; only a maximum of 10% of scattered bokeh]]
[2020.06.16-09.41.16:618][  0]LogConfig: Setting CVar [[r.DOF.Recombine.Quality:1                ; cheap slight out of focus]]
[2020.06.16-09.41.16:618][  0]LogConfig: Setting CVar [[r.DOF.Recombine.EnableBokehSettings:0    ; no bokeh simulation on slight out of focus]]
[2020.06.16-09.41.16:618][  0]LogConfig: Setting CVar [[r.DOF.TemporalAAQuality:1                ; more stable temporal accumulation]]
[2020.06.16-09.41.16:618][  0]LogConfig: Setting CVar [[r.DOF.Kernel.MaxForegroundRadius:0.025]]
[2020.06.16-09.41.16:618][  0]LogConfig: Setting CVar [[r.DOF.Kernel.MaxBackgroundRadius:0.025]]
[2020.06.16-09.41.16:618][  0]LogConfig: Applying CVar settings from Section [TextureQuality@3] File [D:/!!!SANYA/!sanya/Saved/Config/Windows/Scalability.ini]
[2020.06.16-09.41.16:618][  0]LogConfig: Setting CVar [[r.Streaming.MipBias:0]]
[2020.06.16-09.41.16:618][  0]LogConfig: Setting CVar [[r.Streaming.AmortizeCPUToGPUCopy:0]]
[2020.06.16-09.41.16:618][  0]LogConfig: Setting CVar [[r.Streaming.MaxNumTexturesToStreamPerFrame:0]]
[2020.06.16-09.41.16:618][  0]LogConfig: Setting CVar [[r.Streaming.Boost:1]]
[2020.06.16-09.41.16:618][  0]LogConfig: Setting CVar [[r.MaxAnisotropy:8]]
[2020.06.16-09.41.16:618][  0]LogConfig: Setting CVar [[r.Streaming.LimitPoolSizeToVRAM:0]]
[2020.06.16-09.41.16:618][  0]LogConfig: Setting CVar [[r.Streaming.PoolSize:1000]]
[2020.06.16-09.41.16:618][  0]LogConfig: Setting CVar [[r.Streaming.MaxEffectiveScreenSize:0]]
[2020.06.16-09.41.16:618][  0]LogConfig: Applying CVar settings from Section [EffectsQuality@3] File [D:/!!!SANYA/!sanya/Saved/Config/Windows/Scalability.ini]
[2020.06.16-09.41.16:618][  0]LogConfig: Setting CVar [[r.TranslucencyLightingVolumeDim:64]]
[2020.06.16-09.41.16:618][  0]LogConfig: Setting CVar [[r.RefractionQuality:2]]
[2020.06.16-09.41.16:618][  0]LogConfig: Setting CVar [[r.SSR.Quality:3]]
[2020.06.16-09.41.16:618][  0]LogConfig: Setting CVar [[r.SceneColorFormat:4]]
[2020.06.16-09.41.16:618][  0]LogConfig: Setting CVar [[r.DetailMode:2]]
[2020.06.16-09.41.16:618][  0]LogConfig: Setting CVar [[r.TranslucencyVolumeBlur:1]]
[2020.06.16-09.41.16:618][  0]LogConfig: Setting CVar [[r.MaterialQualityLevel:1 ; High quality]]
[2020.06.16-09.41.16:618][  0]LogConfig: Setting CVar [[r.SSS.Scale:1]]
[2020.06.16-09.41.16:619][  0]LogConfig: Setting CVar [[r.SSS.SampleSet:2]]
[2020.06.16-09.41.16:619][  0]LogConfig: Setting CVar [[r.SSS.Quality:1]]
[2020.06.16-09.41.16:619][  0]LogConfig: Setting CVar [[r.SSS.HalfRes:1]]
[2020.06.16-09.41.16:619][  0]LogConfig: Setting CVar [[r.EmitterSpawnRateScale:1.0]]
[2020.06.16-09.41.16:619][  0]LogConfig: Setting CVar [[r.ParticleLightQuality:2]]
[2020.06.16-09.41.16:619][  0]LogConfig: Applying CVar settings from Section [FoliageQuality@3] File [D:/!!!SANYA/!sanya/Saved/Config/Windows/Scalability.ini]
[2020.06.16-09.41.16:619][  0]LogConfig: Setting CVar [[foliage.DensityScale:1.0]]
[2020.06.16-09.41.16:619][  0]LogConfig: Setting CVar [[grass.DensityScale:1.0]]
[2020.06.16-09.41.16:619][  0]LogInit: Selected Device Profile: [Windows]
[2020.06.16-09.41.16:619][  0]LogInit: Applying CVar settings loaded from the selected device profile: [Windows]
[2020.06.16-09.41.16:699][  0]LogHAL: Display: Platform has ~ 16 GB [17137102848 / 17179869184 / 16], which maps to Larger [LargestMinGB=32, LargerMinGB=12, DefaultMinGB=8, SmallerMinGB=6, SmallestMinGB=0)
[2020.06.16-09.41.16:699][  0]LogConfig: Setting CVar [[r.Vulkan.UseRealUBs:0		; Required until we fix HLR fall-out]]
[2020.06.16-09.41.16:699][  0]LogInit: Going up to parent DeviceProfile []
[2020.06.16-09.41.16:699][  0]LogConfig: Applying CVar settings from Section [ViewDistanceQuality@3] File [D:/!!!SANYA/!sanya/Saved/Config/Windows/Scalability.ini]
[2020.06.16-09.41.16:699][  0]LogConfig: Setting CVar [[r.SkeletalMeshLODBias:0]]
[2020.06.16-09.41.16:699][  0]LogConfig: Setting CVar [[r.ViewDistanceScale:1.0]]
[2020.06.16-09.41.16:699][  0]LogConfig: Applying CVar settings from Section [AntiAliasingQuality@3] File [D:/!!!SANYA/!sanya/Saved/Config/Windows/Scalability.ini]
[2020.06.16-09.41.16:699][  0]LogConfig: Setting CVar [[r.PostProcessAAQuality:4]]
[2020.06.16-09.41.16:699][  0]LogConfig: Applying CVar settings from Section [ShadowQuality@3] File [D:/!!!SANYA/!sanya/Saved/Config/Windows/Scalability.ini]
[2020.06.16-09.41.16:699][  0]LogConfig: Setting CVar [[r.LightFunctionQuality:1]]
[2020.06.16-09.41.16:699][  0]LogConfig: Setting CVar [[r.ShadowQuality:5]]
[2020.06.16-09.41.16:699][  0]LogConfig: Setting CVar [[r.Shadow.CSM.MaxCascades:10]]
[2020.06.16-09.41.16:699][  0]LogConfig: Setting CVar [[r.Shadow.MaxResolution:2048]]
[2020.06.16-09.41.16:699][  0]LogConfig: Setting CVar [[r.Shadow.MaxCSMResolution:2048]]
[2020.06.16-09.41.16:699][  0]LogConfig: Setting CVar [[r.Shadow.RadiusThreshold:0.01]]
[2020.06.16-09.41.16:699][  0]LogConfig: Setting CVar [[r.Shadow.DistanceScale:1.0]]
[2020.06.16-09.41.16:699][  0]LogConfig: Setting CVar [[r.Shadow.CSM.TransitionScale:1.0]]
[2020.06.16-09.41.16:699][  0]LogConfig: Setting CVar [[r.Shadow.PreShadowResolutionFactor:1.0]]
[2020.06.16-09.41.16:699][  0]LogConfig: Setting CVar [[r.DistanceFieldShadowing:1]]
[2020.06.16-09.41.16:699][  0]LogConfig: Setting CVar [[r.DistanceFieldAO:1]]
[2020.06.16-09.41.16:699][  0]LogConfig: Setting CVar [[r.AOQuality:2]]
[2020.06.16-09.41.16:699][  0]LogConfig: Setting CVar [[r.VolumetricFog:1]]
[2020.06.16-09.41.16:699][  0]LogConfig: Setting CVar [[r.VolumetricFog.GridPixelSize:8]]
[2020.06.16-09.41.16:699][  0]LogConfig: Setting CVar [[r.VolumetricFog.GridSizeZ:128]]
[2020.06.16-09.41.16:699][  0]LogConfig: Setting CVar [[r.VolumetricFog.HistoryMissSupersampleCount:4]]
[2020.06.16-09.41.16:699][  0]LogConfig: Setting CVar [[r.LightMaxDrawDistanceScale:1]]
[2020.06.16-09.41.16:699][  0]LogConfig: Setting CVar [[r.CapsuleShadows:1]]
[2020.06.16-09.41.16:699][  0]LogConfig: Applying CVar settings from Section [PostProcessQuality@3] File [D:/!!!SANYA/!sanya/Saved/Config/Windows/Scalability.ini]
[2020.06.16-09.41.16:699][  0]LogConfig: Setting CVar [[r.MotionBlurQuality:4]]
[2020.06.16-09.41.16:699][  0]LogConfig: Setting CVar [[r.AmbientOcclusionMipLevelFactor:0.4]]
[2020.06.16-09.41.16:699][  0]LogConfig: Setting CVar [[r.AmbientOcclusionMaxQuality:100]]
[2020.06.16-09.41.16:699][  0]LogConfig: Setting CVar [[r.AmbientOcclusionLevels:-1]]
[2020.06.16-09.41.16:699][  0]LogConfig: Setting CVar [[r.AmbientOcclusionRadiusScale:1.0]]
[2020.06.16-09.41.16:699][  0]LogConfig: Setting CVar [[r.DepthOfFieldQuality:2]]
[2020.06.16-09.41.16:699][  0]LogConfig: Setting CVar [[r.RenderTargetPoolMin:400]]
[2020.06.16-09.41.16:699][  0]LogConfig: Setting CVar [[r.LensFlareQuality:2]]
[2020.06.16-09.41.16:699][  0]LogConfig: Setting CVar [[r.SceneColorFringeQuality:1]]
[2020.06.16-09.41.16:699][  0]LogConfig: Setting CVar [[r.EyeAdaptationQuality:2]]
[2020.06.16-09.41.16:699][  0]LogConfig: Setting CVar [[r.BloomQuality:5]]
[2020.06.16-09.41.16:699][  0]LogConfig: Setting CVar [[r.FastBlurThreshold:100]]
[2020.06.16-09.41.16:699][  0]LogConfig: Setting CVar [[r.Upscale.Quality:3]]
[2020.06.16-09.41.16:699][  0]LogConfig: Setting CVar [[r.Tonemapper.GrainQuantization:1]]
[2020.06.16-09.41.16:699][  0]LogConfig: Setting CVar [[r.LightShaftQuality:1]]
[2020.06.16-09.41.16:699][  0]LogConfig: Setting CVar [[r.Filter.SizeScale:1]]
[2020.06.16-09.41.16:699][  0]LogConfig: Setting CVar [[r.Tonemapper.Quality:5]]
[2020.06.16-09.41.16:699][  0]LogConfig: Setting CVar [[r.DOF.Gather.AccumulatorQuality:1        ; higher gathering accumulator quality]]
[2020.06.16-09.41.16:699][  0]LogConfig: Setting CVar [[r.DOF.Gather.PostfilterMethod:1          ; Median3x3 postfilering method]]
[2020.06.16-09.41.16:699][  0]LogConfig: Setting CVar [[r.DOF.Gather.EnableBokehSettings:0       ; no bokeh simulation when gathering]]
[2020.06.16-09.41.16:699][  0]LogConfig: Setting CVar [[r.DOF.Gather.RingCount:4                 ; medium number of samples when gathering]]
[2020.06.16-09.41.16:699][  0]LogConfig: Setting CVar [[r.DOF.Scatter.ForegroundCompositing:1    ; additive foreground scattering]]
[2020.06.16-09.41.16:699][  0]LogConfig: Setting CVar [[r.DOF.Scatter.BackgroundCompositing:2    ; additive background scattering]]
[2020.06.16-09.41.16:699][  0]LogConfig: Setting CVar [[r.DOF.Scatter.EnableBokehSettings:1      ; bokeh simulation when scattering]]
[2020.06.16-09.41.16:699][  0]LogConfig: Setting CVar [[r.DOF.Scatter.MaxSpriteRatio:0.1         ; only a maximum of 10% of scattered bokeh]]
[2020.06.16-09.41.16:699][  0]LogConfig: Setting CVar [[r.DOF.Recombine.Quality:1                ; cheap slight out of focus]]
[2020.06.16-09.41.16:699][  0]LogConfig: Setting CVar [[r.DOF.Recombine.EnableBokehSettings:0    ; no bokeh simulation on slight out of focus]]
[2020.06.16-09.41.16:699][  0]LogConfig: Setting CVar [[r.DOF.TemporalAAQuality:1                ; more stable temporal accumulation]]
[2020.06.16-09.41.16:699][  0]LogConfig: Setting CVar [[r.DOF.Kernel.MaxForegroundRadius:0.025]]
[2020.06.16-09.41.16:700][  0]LogConfig: Setting CVar [[r.DOF.Kernel.MaxBackgroundRadius:0.025]]
[2020.06.16-09.41.16:700][  0]LogConfig: Applying CVar settings from Section [TextureQuality@3] File [D:/!!!SANYA/!sanya/Saved/Config/Windows/Scalability.ini]
[2020.06.16-09.41.16:700][  0]LogConfig: Setting CVar [[r.Streaming.MipBias:0]]
[2020.06.16-09.41.16:700][  0]LogConfig: Setting CVar [[r.Streaming.AmortizeCPUToGPUCopy:0]]
[2020.06.16-09.41.16:700][  0]LogConfig: Setting CVar [[r.Streaming.MaxNumTexturesToStreamPerFrame:0]]
[2020.06.16-09.41.16:700][  0]LogConfig: Setting CVar [[r.Streaming.Boost:1]]
[2020.06.16-09.41.16:700][  0]LogConfig: Setting CVar [[r.MaxAnisotropy:8]]
[2020.06.16-09.41.16:700][  0]LogConfig: Setting CVar [[r.Streaming.LimitPoolSizeToVRAM:0]]
[2020.06.16-09.41.16:700][  0]LogConfig: Setting CVar [[r.Streaming.PoolSize:1000]]
[2020.06.16-09.41.16:700][  0]LogConfig: Setting CVar [[r.Streaming.MaxEffectiveScreenSize:0]]
[2020.06.16-09.41.16:700][  0]LogConfig: Applying CVar settings from Section [EffectsQuality@3] File [D:/!!!SANYA/!sanya/Saved/Config/Windows/Scalability.ini]
[2020.06.16-09.41.16:700][  0]LogConfig: Setting CVar [[r.TranslucencyLightingVolumeDim:64]]
[2020.06.16-09.41.16:700][  0]LogConfig: Setting CVar [[r.RefractionQuality:2]]
[2020.06.16-09.41.16:700][  0]LogConfig: Setting CVar [[r.SSR.Quality:3]]
[2020.06.16-09.41.16:700][  0]LogConfig: Setting CVar [[r.SceneColorFormat:4]]
[2020.06.16-09.41.16:700][  0]LogConfig: Setting CVar [[r.DetailMode:2]]
[2020.06.16-09.41.16:700][  0]LogConfig: Setting CVar [[r.TranslucencyVolumeBlur:1]]
[2020.06.16-09.41.16:700][  0]LogConfig: Setting CVar [[r.MaterialQualityLevel:1 ; High quality]]
[2020.06.16-09.41.16:700][  0]LogConfig: Setting CVar [[r.SSS.Scale:1]]
[2020.06.16-09.41.16:700][  0]LogConfig: Setting CVar [[r.SSS.SampleSet:2]]
[2020.06.16-09.41.16:700][  0]LogConfig: Setting CVar [[r.SSS.Quality:1]]
[2020.06.16-09.41.16:700][  0]LogConfig: Setting CVar [[r.SSS.HalfRes:1]]
[2020.06.16-09.41.16:700][  0]LogConfig: Setting CVar [[r.EmitterSpawnRateScale:1.0]]
[2020.06.16-09.41.16:700][  0]LogConfig: Setting CVar [[r.ParticleLightQuality:2]]
[2020.06.16-09.41.16:700][  0]LogConfig: Applying CVar settings from Section [FoliageQuality@3] File [D:/!!!SANYA/!sanya/Saved/Config/Windows/Scalability.ini]
[2020.06.16-09.41.16:700][  0]LogConfig: Setting CVar [[foliage.DensityScale:1.0]]
[2020.06.16-09.41.16:700][  0]LogConfig: Setting CVar [[grass.DensityScale:1.0]]
[2020.06.16-09.41.16:700][  0]LogConfig: Applying CVar settings from Section [Startup] File [../../../Engine/Config/ConsoleVariables.ini]
[2020.06.16-09.41.16:700][  0]LogConfig: Setting CVar [[net.UseAdaptiveNetUpdateFrequency:0]]
[2020.06.16-09.41.16:700][  0]LogConfig: Setting CVar [[p.chaos.AllowCreatePhysxBodies:1]]
[2020.06.16-09.41.16:700][  0]LogConfig: Applying CVar settings from Section [ConsoleVariables] File [D:/!!!SANYA/!sanya/Saved/Config/Windows/Engine.ini]
[2020.06.16-09.41.16:700][  0]LogInit: Computer: DESKTOP-B0E6U9F
[2020.06.16-09.41.16:700][  0]LogInit: User: rouen
[2020.06.16-09.41.16:700][  0]LogInit: CPU Page size=4096, Cores=4
[2020.06.16-09.41.16:700][  0]LogInit: High frequency timer resolution =10.000000 MHz
[2020.06.16-09.41.16:700][  0]LogMemory: Memory total: Physical=16.0GB (16GB approx)
[2020.06.16-09.41.16:700][  0]LogMemory: Platform Memory Stats for Windows
[2020.06.16-09.41.16:700][  0]LogMemory: Process Physical Memory: 99.73 MB used, 99.74 MB peak
[2020.06.16-09.41.16:700][  0]LogMemory: Process Virtual Memory: 102.32 MB used, 102.32 MB peak
[2020.06.16-09.41.16:700][  0]LogMemory: Physical Memory: 11771.08 MB used,  4572.13 MB free, 16343.21 MB total
[2020.06.16-09.41.16:700][  0]LogMemory: Virtual Memory: 4656.68 MB used,  134213072.00 MB free, 134217728.00 MB total
[2020.06.16-09.41.16:717][  0]LogInit: Using OS detected language (ru-RU).
[2020.06.16-09.41.16:717][  0]LogInit: Using OS detected locale (ru-RU).
[2020.06.16-09.41.16:717][  0]LogTextLocalizationManager: No specific localization for 'ru-RU' exists, so the 'ru' localization will be used.
[2020.06.16-09.41.16:718][  0]LogTextLocalizationResource: LocRes '../../../Engine/Content/Localization/Editor/ru/Editor.locres' could not be opened for reading!
[2020.06.16-09.41.16:718][  0]LogTextLocalizationResource: LocRes '../../../Engine/Content/Localization/EditorTutorials/ru/EditorTutorials.locres' could not be opened for reading!
[2020.06.16-09.41.16:718][  0]LogTextLocalizationResource: LocRes '../../../Engine/Content/Localization/Keywords/ru/Keywords.locres' could not be opened for reading!
[2020.06.16-09.41.16:718][  0]LogTextLocalizationResource: LocRes '../../../Engine/Content/Localization/Category/ru/Category.locres' could not be opened for reading!
[2020.06.16-09.41.16:718][  0]LogTextLocalizationResource: LocRes '../../../Engine/Content/Localization/ToolTips/ru/ToolTips.locres' could not be opened for reading!
[2020.06.16-09.41.16:718][  0]LogTextLocalizationResource: LocRes '../../../Engine/Content/Localization/PropertyNames/ru/PropertyNames.locres' could not be opened for reading!
[2020.06.16-09.41.16:718][  0]LogTextLocalizationResource: LocRes '../../../Engine/Content/Localization/Engine/ru/Engine.locres' could not be opened for reading!
[2020.06.16-09.41.16:733][  0]LogSlate: New Slate User Created.  User Index 0, Is Virtual User: 0
[2020.06.16-09.41.16:733][  0]LogSlate: Slate User Registered.  User Index 0, Is Virtual User: 0
[2020.06.16-09.41.16:752][  0]LogHMD: Failed to initialize OpenVR with code 110
[2020.06.16-09.41.16:752][  0]LogD3D11RHI: D3D11 adapters:
[2020.06.16-09.41.16:809][  0]LogD3D11RHI:    0. 'NVIDIA GeForce GTX 1060 3GB' (Feature Level 11_0)
[2020.06.16-09.41.16:809][  0]LogD3D11RHI:       2988/0/8171 MB DedicatedVideo/DedicatedSystem/SharedSystem, Outputs:1, VendorId:0x10de
[2020.06.16-09.41.16:812][  0]LogD3D11RHI:    1. 'Microsoft Basic Render Driver' (Feature Level 11_0)
[2020.06.16-09.41.16:812][  0]LogD3D11RHI:       0/0/8171 MB DedicatedVideo/DedicatedSystem/SharedSystem, Outputs:0, VendorId:0x1414
[2020.06.16-09.41.16:812][  0]LogD3D11RHI: Chosen D3D11 Adapter: 0
[2020.06.16-09.41.16:821][  0]LogD3D11RHI: Creating new Direct3DDevice
[2020.06.16-09.41.16:821][  0]LogD3D11RHI:     GPU DeviceId: 0x1c02 (for the marketing name, search the web for "GPU Device Id")
[2020.06.16-09.41.16:821][  0]LogWindows: EnumDisplayDevices:
[2020.06.16-09.41.16:821][  0]LogWindows:    0. 'NVIDIA GeForce GTX 1060 3GB' (P:1 D:1)
[2020.06.16-09.41.16:821][  0]LogWindows:    1. 'NVIDIA GeForce GTX 1060 3GB' (P:0 D:0)
[2020.06.16-09.41.16:821][  0]LogWindows:    2. 'NVIDIA GeForce GTX 1060 3GB' (P:0 D:0)
[2020.06.16-09.41.16:821][  0]LogWindows:    3. 'NVIDIA GeForce GTX 1060 3GB' (P:0 D:0)
[2020.06.16-09.41.16:822][  0]LogWindows: DebugString: FoundDriverCount:4 
[2020.06.16-09.41.16:822][  0]LogD3D11RHI:     Adapter Name: NVIDIA GeForce GTX 1060 3GB
[2020.06.16-09.41.16:822][  0]LogD3D11RHI:   Driver Version: 441.66 (internal:26.21.14.4166, unified:441.66)
[2020.06.16-09.41.16:822][  0]LogD3D11RHI:      Driver Date: 12-6-2019
[2020.06.16-09.41.16:822][  0]LogRHI: Texture pool is 2091 MB (70% of 2988 MB)
[2020.06.16-09.41.16:867][  0]LogD3D11RHI: Async texture creation enabled
[2020.06.16-09.41.16:886][  0]LogRendererCore: FGlobalReadBuffer::InitRHI
[2020.06.16-09.41.16:887][  0]LogRendererCore: FGlobalReadBuffer::InitRHI
[2020.06.16-09.41.16:887][  0]LogRendererCore: FGlobalReadBuffer::InitRHI
[2020.06.16-09.41.16:895][  0]LogD3D11RHI: GPU Timing Frequency: 1000.000000 (Debug: 2 1)
[2020.06.16-09.41.17:264][  0]LogTemp: Display: Module 'WindowsClientTargetPlatform' loaded TargetPlatform 'WindowsClient'
[2020.06.16-09.41.17:275][  0]LogTemp: Display: Module 'WindowsNoEditorTargetPlatform' loaded TargetPlatform 'WindowsNoEditor'
[2020.06.16-09.41.17:286][  0]LogTemp: Display: Module 'WindowsServerTargetPlatform' loaded TargetPlatform 'WindowsServer'
[2020.06.16-09.41.17:291][  0]LogTemp: Display: Module 'WindowsTargetPlatform' loaded TargetPlatform 'Windows'
[2020.06.16-09.41.17:291][  0]LogTargetPlatformManager: Display: Building Assets For Windows
[2020.06.16-09.41.17:296][  0]LogAudioDebug: Display: Lib vorbis DLL was dynamically loaded.
[2020.06.16-09.41.17:325][  0]LogShaderCompilers: Guid format shader working directory is 19 characters bigger than the processId version (../../../../!!!SANYA/!sanya/Intermediate/Shaders/WorkingDirectory/7260/).
[2020.06.16-09.41.17:325][  0]LogShaderCompilers: Cleaned the shader compiler working directory 'C:/Users/rouen/AppData/Local/Temp/UnrealShaderWorkingDir/3DE5C63440FEC4FE5E6208888EAFE57A/'.
[2020.06.16-09.41.17:338][  0]LogShaderCompilers: Display: Using XGE Shader Compiler (Interception Interface).
[2020.06.16-09.41.18:041][  0]LogDerivedDataCache: Display: Max Cache Size: 512 MB
[2020.06.16-09.41.18:421][  0]LogDerivedDataCache: Loaded boot cache 0.38s 76MB C:/Users/rouen/AppData/Local/UnrealEngine/4.22/DerivedDataCache/Boot.ddc.
[2020.06.16-09.41.18:422][  0]LogDerivedDataCache: Display: Loaded Boot cache: C:/Users/rouen/AppData/Local/UnrealEngine/4.22/DerivedDataCache/Boot.ddc
[2020.06.16-09.41.18:422][  0]LogDerivedDataCache: FDerivedDataBackendGraph:  Pak pak cache file ../../../../!!!SANYA/!sanya/DerivedDataCache/DDC.ddp not found, will not use a pak cache.
[2020.06.16-09.41.18:422][  0]LogDerivedDataCache: Unable to find inner node Pak for hierarchical cache Hierarchy.
[2020.06.16-09.41.18:422][  0]LogDerivedDataCache: FDerivedDataBackendGraph:  CompressedPak pak cache file ../../../../!!!SANYA/!sanya/DerivedDataCache/Compressed.ddp not found, will not use a pak cache.
[2020.06.16-09.41.18:422][  0]LogDerivedDataCache: Unable to find inner node CompressedPak for hierarchical cache Hierarchy.
[2020.06.16-09.41.18:434][  0]LogDerivedDataCache: Display: Pak cache opened for reading ../../../Engine/DerivedDataCache/Compressed.ddp.
[2020.06.16-09.41.18:434][  0]LogDerivedDataCache: FDerivedDataBackendGraph:  EnterprisePak pak cache file ../../../Enterprise/DerivedDataCache/Compressed.ddp not found, will not use a pak cache.
[2020.06.16-09.41.18:434][  0]LogDerivedDataCache: Unable to find inner node EnterprisePak for hierarchical cache Hierarchy.
[2020.06.16-09.41.18:446][  0]LogDerivedDataCache: Using Local data cache path C:/Users/rouen/AppData/Local/UnrealEngine/Common/DerivedDataCache: Writable
[2020.06.16-09.41.18:446][  0]LogDerivedDataCache: Shared data cache path not found in *engine.ini, will not use an Shared cache.
[2020.06.16-09.41.18:446][  0]LogDerivedDataCache: Unable to find inner node Shared for hierarchical cache Hierarchy.
[2020.06.16-09.41.18:466][  0]LogMaterial: Verifying Global Shaders for PCD3D_SM5
[2020.06.16-09.41.18:507][  0]LogSlate: Using FreeType 2.6.0
[2020.06.16-09.41.18:580][  0]LogSlate: SlateFontServices - WITH_FREETYPE: 1, WITH_HARFBUZZ: 1
[2020.06.16-09.41.19:412][  0]LogInit: Using OS detected language (ru-RU).
[2020.06.16-09.41.19:412][  0]LogInit: Using OS detected locale (ru-RU).
[2020.06.16-09.41.19:412][  0]LogTextLocalizationManager: No localization for 'ru-RU' exists, so 'en' will be used for the language.
[2020.06.16-09.41.19:412][  0]LogTextLocalizationManager: No localization for 'ru-RU' exists, so 'en' will be used for the locale.
[2020.06.16-09.41.19:412][  0]LogSlate: FontCache flush requested. Reason: Culture for localization was changed
[2020.06.16-09.41.19:412][  0]LogSlate: FontCache flush requested. Reason: Culture for localization was changed
[2020.06.16-09.41.19:418][  0]LogTextLocalizationManager: Compacting localization data took   0.01ms
[2020.06.16-09.41.19:423][  0]LogAssetRegistry: FAssetRegistry took 0.0034 seconds to start up
[2020.06.16-09.41.19:604][  0]LogPackageLocalizationCache: Processed 10 localized package path(s) for 1 prioritized culture(s) in 0.000438 seconds
[2020.06.16-09.41.19:700][  0]LogInit: Selected Device Profile: [Windows]
[2020.06.16-09.41.19:806][  0]LogMeshReduction: Using QuadricMeshReduction for automatic static mesh reduction
[2020.06.16-09.41.19:806][  0]LogMeshReduction: Using SimplygonMeshReduction for automatic skeletal mesh reduction
[2020.06.16-09.41.19:806][  0]LogMeshReduction: Using ProxyLODMeshReduction for automatic mesh merging
[2020.06.16-09.41.19:806][  0]LogMeshReduction: No distributed automatic mesh merging module available
[2020.06.16-09.41.19:806][  0]LogMeshMerging: No distributed automatic mesh merging module available
[2020.06.16-09.41.19:814][  0]LogNetVersion: Sanya 1.0.0, NetCL: 5660361, EngineNetVer: 10, GameNetVer: 0 (Checksum: 4266523157)
[2020.06.16-09.41.21:869][  0]LogMoviePlayer: Initializing movie player
[2020.06.16-09.41.22:094][  0]LogTcpMessaging: Initializing TcpMessaging bridge
[2020.06.16-09.41.22:108][  0]LogUdpMessaging: Initializing bridge on interface 0.0.0.0:0 to multicast group 230.0.0.1:6666.
[2020.06.16-09.41.22:292][  0]SourceControl: Source control is disabled
[2020.06.16-09.41.22:292][  0]SourceControl: Source control is disabled
[2020.06.16-09.41.22:296][  0]SourceControl: Source control is disabled
[2020.06.16-09.41.22:428][  0]LogAndroidPermission: UAndroidPermissionCallbackProxy::GetInstance
[2020.06.16-09.41.22:626][  0]LogOcInput: OculusInput pre-init called
[2020.06.16-09.41.22:668][  0]LogUObjectArray: 46457 objects as part of root set at end of initial load.
[2020.06.16-09.41.22:668][  0]LogUObjectAllocator: 8159432 out of 0 bytes used by permanent object pool.
[2020.06.16-09.41.22:668][  0]LogUObjectArray: CloseDisregardForGC: 0/0 objects in disregard for GC pool
[2020.06.16-09.41.22:997][  0]LogEngine: Initializing Engine...
[2020.06.16-09.41.22:998][  0]LogHMD: Failed to initialize OpenVR with code 110
[2020.06.16-09.41.23:010][  0]LogStats: UGameplayTagsManager::InitializeManager -  0.000 s
[2020.06.16-09.41.23:183][  0]LogInit: Initializing FReadOnlyCVARCache
[2020.06.16-09.41.23:195][  0]LogInit: XAudio2 using 'Динамики (Realtek(R) Audio)' : 2 channels at 48 kHz using 32 bits per sample (channel mask 0x3)
[2020.06.16-09.41.23:217][  0]LogInit: FAudioDevice initialized.
[2020.06.16-09.41.23:229][  0]LogNetVersion: Set ProjectVersion to 1.0.0.0. Version Checksum will be recalculated on next use.
[2020.06.16-09.41.23:232][  0]LogInit: Texture streaming: Enabled
[2020.06.16-09.41.23:519][  0]LogSlate: Updating window title bar state: overlay mode, drag disabled, window buttons hidden, title bar hidden
[2020.06.16-09.41.23:520][  0]LogInit: Display: Game Engine Initialized.
[2020.06.16-09.41.23:575][  0]LogInit: Display: Starting Game.
[2020.06.16-09.41.23:587][  0]LogNet: Browse: /Game/BoyCharacter/Maps/Outside?Name=Player
[2020.06.16-09.41.23:593][  0]LogLoad: LoadMap: /Game/BoyCharacter/Maps/Outside?Name=Player
[2020.06.16-09.41.23:636][  0]LogUObjectHash: Compacting FUObjectHashTables data took   2.14ms
[2020.06.16-09.41.30:552][  0]LogAIModule: Creating AISystem for world Outside
[2020.06.16-09.41.30:553][  0]LogLinker: Warning: Can't find file '/Game/2DSideScrollerBP/Blueprints/2DSideScrollerGameMode'
[2020.06.16-09.41.30:553][  0]LogUObjectGlobals: Warning: Failed to load '/Game/2DSideScrollerBP/Blueprints/2DSideScrollerGameMode': Can't find file '/Game/2DSideScrollerBP/Blueprints/2DSideScrollerGameMode'
[2020.06.16-09.41.30:553][  0]LogLinker: Warning: Can't find file '/Game/2DSideScrollerBP/Blueprints/2DSideScrollerGameMode'
[2020.06.16-09.41.30:553][  0]LogUObjectGlobals: Warning: Failed to load '/Game/2DSideScrollerBP/Blueprints/2DSideScrollerGameMode': Can't find file '/Game/2DSideScrollerBP/Blueprints/2DSideScrollerGameMode'
[2020.06.16-09.41.30:553][  0]LogUObjectGlobals: Warning: Failed to find object 'Class /Game/2DSideScrollerBP/Blueprints/2DSideScrollerGameMode.2DSideScrollerGameMode_C'
[2020.06.16-09.41.30:553][  0]LogLoad: Game class is 'GameModeBase'
[2020.06.16-09.41.30:595][  0]LogWorld: Bringing World /Game/BoyCharacter/Maps/Outside.Outside up for play (max tick rate 0) at 2020.06.16-12.41.30
[2020.06.16-09.41.30:597][  0]LogWorld: Bringing up level for play took: 0.017080
[2020.06.16-09.41.30:766][  0]LogLoad: Took 7.173951 seconds to LoadMap(/Game/BoyCharacter/Maps/Outside)
[2020.06.16-09.41.30:823][  0]LogRenderer: Reallocating scene render targets to support 1280x720 Format 10 NumSamples 1 (Frame:1).
[2020.06.16-09.41.30:823][  0]LogLoad: (Engine Initialization) Total time: 15.49 seconds
[2020.06.16-09.41.30:823][  0]LogLoad: (Engine Initialization) Total Blueprint compile time: 0.00 seconds
[2020.06.16-09.41.30:909][  0]LogContentStreaming: Texture pool size now 1000 MB
[2020.06.16-09.41.31:069][  0]LogAudio: Warning: Detected orphaned looping sound 'AmbientFlat'.
[2020.06.16-09.41.38:649][457]LogRenderer: Reallocating scene render targets to support 1920x1020 Format 10 NumSamples 1 (Frame:460).
[2020.06.16-09.42.05:439][106]LogSlate: Window 'Sanya (64-bit Development PCD3D_SM5) ' being destroyed
[2020.06.16-09.42.05:441][106]LogWindowsTextInputMethodSystem: Display: IME system now deactivated.
[2020.06.16-09.42.05:453][106]LogSlate: Updating window title bar state: overlay mode, drag disabled, window buttons hidden, title bar hidden
[2020.06.16-09.42.05:453][106]LogEngine: All Windows Closed
[2020.06.16-09.42.05:454][106]LogWindows: FPlatformMisc::RequestExit(0)
[2020.06.16-09.42.06:031][107]LogExit: Preparing to exit.
[2020.06.16-09.42.06:031][107]LogMoviePlayer: Shutting down movie player
[2020.06.16-09.42.07:154][107]LogSlate: Updating window title bar state: overlay mode, drag disabled, window buttons hidden, title bar hidden
[2020.06.16-09.42.07:183][107]LogExit: Game engine shut down
[2020.06.16-09.42.07:324][107]LogExit: Object subsystem successfully closed.
[2020.06.16-09.42.07:339][107]LogShaderCompilers: Display: Shaders left to compile 0
[2020.06.16-09.42.07:342][107]LogD3D11RHI: Shutdown
[2020.06.16-09.42.07:342][107]LogD3D11RHI: CleanupD3DDevice
[2020.06.16-09.42.07:342][107]LogRendererCore: FGlobalReadBuffer::ReleaseRHI
[2020.06.16-09.42.07:342][107]LogRendererCore: FGlobalDynamicReadBuffer::Cleanup()
[2020.06.16-09.42.07:342][107]LogRendererCore: FGlobalReadBuffer::ReleaseRHI
[2020.06.16-09.42.07:342][107]LogRendererCore: FGlobalDynamicReadBuffer::Cleanup()
[2020.06.16-09.42.07:342][107]LogRendererCore: FGlobalReadBuffer::ReleaseRHI
[2020.06.16-09.42.07:342][107]LogRendererCore: FGlobalDynamicReadBuffer::Cleanup()
[2020.06.16-09.42.07:492][107]LogD3D11RHI: ~FD3D11DynamicRHI
[2020.06.16-09.42.07:499][107]LogModuleManager: Shutting down and abandoning module SequenceRecorderSections (398)
[2020.06.16-09.42.07:499][107]LogModuleManager: Shutting down and abandoning module SequenceRecorder (396)
[2020.06.16-09.42.07:499][107]LogModuleManager: Shutting down and abandoning module AutomationController (394)
[2020.06.16-09.42.07:499][107]LogModuleManager: Shutting down and abandoning module AutomationWorker (392)
[2020.06.16-09.42.07:499][107]LogModuleManager: Shutting down and abandoning module Voice (390)
[2020.06.16-09.42.07:499][107]LogModuleManager: Shutting down and abandoning module AIModule (388)
[2020.06.16-09.42.07:499][107]LogModuleManager: Shutting down and abandoning module GameplayDebugger (387)
[2020.06.16-09.42.07:499][107]LogModuleManager: Shutting down and abandoning module AITestSuite (385)
[2020.06.16-09.42.07:499][107]LogModuleManager: Shutting down and abandoning module NavigationSystem (383)
[2020.06.16-09.42.07:499][107]LogModuleManager: Shutting down and abandoning module OculusMR (380)
[2020.06.16-09.42.07:499][107]LogModuleManager: Shutting down and abandoning module WmfMediaFactory (378)
[2020.06.16-09.42.07:499][107]LogModuleManager: Shutting down and abandoning module WebMMediaFactory (376)
[2020.06.16-09.42.07:499][107]LogModuleManager: Shutting down and abandoning module WebMMedia (374)
[2020.06.16-09.42.07:499][107]LogModuleManager: Shutting down and abandoning module OpenExrWrapper (372)
[2020.06.16-09.42.07:499][107]LogModuleManager: Shutting down and abandoning module ImgMediaFactory (370)
[2020.06.16-09.42.07:500][107]LogModuleManager: Shutting down and abandoning module AvfMediaFactory (368)
[2020.06.16-09.42.07:500][107]LogModuleManager: Shutting down and abandoning module MagicLeapCameraPreviewFactory (366)
[2020.06.16-09.42.07:500][107]LogModuleManager: Shutting down and abandoning module MagicLeapMediaCodecFactory (364)
[2020.06.16-09.42.07:500][107]LogModuleManager: Shutting down and abandoning module MagicLeapMediaFactory (362)
[2020.06.16-09.42.07:500][107]LogModuleManager: Shutting down and abandoning module CharacterAI (360)
[2020.06.16-09.42.07:500][107]LogModuleManager: Shutting down and abandoning module SessionServices (358)
[2020.06.16-09.42.07:500][107]LogModuleManager: Shutting down and abandoning module MovieSceneCapture (356)
[2020.06.16-09.42.07:500][107]LogModuleManager: Shutting down and abandoning module LiveCoding (354)
[2020.06.16-09.42.07:500][107]LogModuleManager: Shutting down and abandoning module LevelSequence (352)
[2020.06.16-09.42.07:500][107]LogModuleManager: Shutting down and abandoning module MovieSceneTracks (350)
[2020.06.16-09.42.07:500][107]LogModuleManager: Shutting down and abandoning module MovieScene (348)
[2020.06.16-09.42.07:500][107]LogModuleManager: Shutting down and abandoning module StreamingPauseRendering (346)
[2020.06.16-09.42.07:500][107]LogModuleManager: Shutting down and abandoning module PortalServices (344)
[2020.06.16-09.42.07:500][107]LogModuleManager: Shutting down and abandoning module PortalRpc (342)
[2020.06.16-09.42.07:500][107]LogModuleManager: Shutting down and abandoning module MessagingRpc (340)
[2020.06.16-09.42.07:500][107]LogModuleManager: Shutting down and abandoning module ImageWriteQueue (338)
[2020.06.16-09.42.07:502][107]LogModuleManager: Shutting down and abandoning module ProfilerService (336)
[2020.06.16-09.42.07:666][107]LogModuleManager: Shutting down and abandoning module TaskGraph (334)
[2020.06.16-09.42.07:666][107]LogModuleManager: Shutting down and abandoning module SteamVRController (332)
[2020.06.16-09.42.07:666][107]LogModuleManager: Shutting down and abandoning module ProceduralMeshComponent (330)
[2020.06.16-09.42.07:667][107]LogModuleManager: Shutting down and abandoning module OculusInput (328)
[2020.06.16-09.42.07:667][107]LogModuleManager: Shutting down and abandoning module MobilePatchingUtils (326)
[2020.06.16-09.42.07:667][107]LogModuleManager: Shutting down and abandoning module EditableMesh (324)
[2020.06.16-09.42.07:667][107]LogModuleManager: Shutting down and abandoning module CustomMeshComponent (322)
[2020.06.16-09.42.07:667][107]LogModuleManager: Shutting down and abandoning module CableComponent (320)
[2020.06.16-09.42.07:667][107]LogModuleManager: Shutting down and abandoning module AudioCapture (318)
[2020.06.16-09.42.07:667][107]LogModuleManager: Shutting down and abandoning module ArchVisCharacter (316)
[2020.06.16-09.42.07:667][107]LogModuleManager: Shutting down and abandoning module AndroidPermission (314)
[2020.06.16-09.42.07:667][107]LogModuleManager: Shutting down and abandoning module NUTUnrealEngine4 (312)
[2020.06.16-09.42.07:667][107]LogModuleManager: Shutting down and abandoning module NetcodeUnitTest (310)
[2020.06.16-09.42.07:667][107]LogModuleManager: Shutting down and abandoning module MediaCompositing (308)
[2020.06.16-09.42.07:667][107]LogModuleManager: Shutting down and abandoning module LinearTimecode (306)
[2020.06.16-09.42.07:667][107]LogModuleManager: Shutting down and abandoning module ImgMedia (304)
[2020.06.16-09.42.07:667][107]LogModuleManager: Shutting down and abandoning module MagicLeapHelperVulkan (302)
[2020.06.16-09.42.07:667][107]LogModuleManager: Shutting down and abandoning module MagicLeapHelperOpenGL (300)
[2020.06.16-09.42.07:667][107]LogModuleManager: Shutting down and abandoning module MagicLeapAudio (298)
[2020.06.16-09.42.07:667][107]LogModuleManager: Shutting down and abandoning module HTML5Networking (296)
[2020.06.16-09.42.07:667][107]LogModuleManager: Shutting down and abandoning module GeometryCacheTracks (294)
[2020.06.16-09.42.07:667][107]LogModuleManager: Shutting down and abandoning module GeometryCacheSequencer (293)
[2020.06.16-09.42.07:667][107]LogModuleManager: Shutting down and abandoning module GeometryCache (290)
[2020.06.16-09.42.07:667][107]LogModuleManager: Shutting down and abandoning module GeometryCacheEd (289)
[2020.06.16-09.42.07:667][107]LogModuleManager: Shutting down and abandoning module BackChannel (286)
[2020.06.16-09.42.07:667][107]LogModuleManager: Shutting down and abandoning module AppleVision (284)
[2020.06.16-09.42.07:667][107]LogModuleManager: Shutting down and abandoning module AppleImageUtilsBlueprintSupport (282)
[2020.06.16-09.42.07:667][107]LogModuleManager: Shutting down and abandoning module AppleImageUtils (280)
[2020.06.16-09.42.07:667][107]LogModuleManager: Shutting down and abandoning module VariantManagerContent (278)
[2020.06.16-09.42.07:667][107]LogModuleManager: Shutting down and abandoning module CryptoKeysOpenSSL (276)
[2020.06.16-09.42.07:667][107]LogModuleManager: Shutting down and abandoning module CryptoKeys (274)
[2020.06.16-09.42.07:667][107]LogModuleManager: Shutting down and abandoning module VisualStudioSourceCodeAccess (272)
[2020.06.16-09.42.07:667][107]LogModuleManager: Shutting down and abandoning module HotReload (271)
[2020.06.16-09.42.07:667][107]LogModuleManager: Shutting down and abandoning module DirectoryWatcher (270)
[2020.06.16-09.42.07:667][107]LogModuleManager: Shutting down and abandoning module VisualStudioCodeSourceCodeAccess (266)
[2020.06.16-09.42.07:667][107]LogModuleManager: Shutting down and abandoning module UObjectPlugin (264)
[2020.06.16-09.42.07:667][107]LogModuleManager: Shutting down and abandoning module SubversionSourceControl (262)
[2020.06.16-09.42.07:667][107]LogModuleManager: Shutting down and abandoning module PerforceSourceControl (260)
[2020.06.16-09.42.07:668][107]LogModuleManager: Shutting down and abandoning module SourceControl (259)
[2020.06.16-09.42.07:668][107]LogModuleManager: Shutting down and abandoning module CLionSourceCodeAccess (256)
[2020.06.16-09.42.07:668][107]LogModuleManager: Shutting down and abandoning module ActorLayerUtilities (254)
[2020.06.16-09.42.07:668][107]LogModuleManager: Shutting down and abandoning module SignificanceManager (252)
[2020.06.16-09.42.07:668][107]LogModuleManager: Shutting down and abandoning module RuntimePhysXCooking (250)
[2020.06.16-09.42.07:668][107]LogModuleManager: Shutting down and abandoning module PhysXVehiclesEditor (248)
[2020.06.16-09.42.07:668][107]LogModuleManager: Shutting down and abandoning module PhysXVehicles (246)
[2020.06.16-09.42.07:668][107]LogModuleManager: Shutting down and abandoning module LocationServicesBPLibrary (244)
[2020.06.16-09.42.07:668][107]LogModuleManager: Shutting down and abandoning module ActorSequence (242)
[2020.06.16-09.42.07:668][107]LogModuleManager: Shutting down and abandoning module UdpMessaging (240)
[2020.06.16-09.42.07:769][107]LogModuleManager: Shutting down and abandoning module TcpMessaging (238)
[2020.06.16-09.42.08:124][107]LogModuleManager: Shutting down and abandoning module MagicLeapIdentity (236)
[2020.06.16-09.42.08:124][107]LogModuleManager: Shutting down and abandoning module MagicLeapSecureStorage (234)
[2020.06.16-09.42.08:124][107]LogModuleManager: Shutting down and abandoning module MagicLeapHandTracking (232)
[2020.06.16-09.42.08:124][107]LogModuleManager: Shutting down and abandoning module MagicLeapEyeTracker (230)
[2020.06.16-09.42.08:124][107]LogModuleManager: Shutting down and abandoning module MagicLeapController (228)
[2020.06.16-09.42.08:124][107]LogSlate: Slate User Destroyed.  User Index 0, Is Virtual User: 0
[2020.06.16-09.42.08:124][107]LogModuleManager: Shutting down and abandoning module MagicLeapAR (226)
[2020.06.16-09.42.08:125][107]LogModuleManager: Shutting down and abandoning module AugmentedReality (225)
[2020.06.16-09.42.08:125][107]LogModuleManager: Shutting down and abandoning module GameplayTagsEditor (222)
[2020.06.16-09.42.08:125][107]LogModuleManager: Shutting down and abandoning module FacialAnimation (220)
[2020.06.16-09.42.08:125][107]LogModuleManager: Shutting down and abandoning module DataValidation (218)
[2020.06.16-09.42.08:125][107]LogModuleManager: Shutting down and abandoning module AssetManagerEditor (216)
[2020.06.16-09.42.08:125][107]LogModuleManager: Shutting down and abandoning module TreeMap (215)
[2020.06.16-09.42.08:125][107]LogModuleManager: Shutting down and abandoning module AnimationSharing (212)
[2020.06.16-09.42.08:125][107]LogModuleManager: Shutting down and abandoning module LightPropagationVolumeRuntime (210)
[2020.06.16-09.42.08:125][107]LogModuleManager: Shutting down and abandoning module AISupportModule (208)
[2020.06.16-09.42.08:125][107]LogModuleManager: Shutting down and abandoning module Paper2D (206)
[2020.06.16-09.42.08:125][107]LogModuleManager: Shutting down and abandoning module WindowsMoviePlayer (204)
[2020.06.16-09.42.08:125][107]LogModuleManager: Shutting down and abandoning module WebMMoviePlayer (202)
[2020.06.16-09.42.08:125][107]LogModuleManager: Shutting down and abandoning module PacketHandler (200)
[2020.06.16-09.42.08:125][107]LogModuleManager: Shutting down and abandoning module ClothingSystemEditor (198)
[2020.06.16-09.42.08:125][107]LogModuleManager: Shutting down and abandoning module ClothingSystemRuntime (196)
[2020.06.16-09.42.08:125][107]LogModuleManager: Shutting down and abandoning module MediaAssets (194)
[2020.06.16-09.42.08:125][107]LogModuleManager: Shutting down and abandoning module Overlay (192)
[2020.06.16-09.42.08:126][107]LogModuleManager: Shutting down and abandoning module OverlayEditor (191)
[2020.06.16-09.42.08:126][107]LogModuleManager: Shutting down and abandoning module VREditor (188)
[2020.06.16-09.42.08:126][107]LogModuleManager: Shutting down and abandoning module StringTableEditor (186)
[2020.06.16-09.42.08:126][107]LogModuleManager: Shutting down and abandoning module GameplayTasksEditor (184)
[2020.06.16-09.42.08:126][107]LogModuleManager: Shutting down and abandoning module BehaviorTreeEditor (182)
[2020.06.16-09.42.08:126][107]LogModuleManager: Shutting down and abandoning module FunctionalTesting (180)
[2020.06.16-09.42.08:126][107]LogModuleManager: Shutting down and abandoning module CollisionAnalyzer (178)
[2020.06.16-09.42.08:126][107]LogModuleManager: Shutting down and abandoning module WorkspaceMenuStructure (177)
[2020.06.16-09.42.08:126][107]LogModuleManager: Shutting down and abandoning module UMG (174)
[2020.06.16-09.42.08:126][107]LogModuleManager: Shutting down and abandoning module UMGEditor (173)
[2020.06.16-09.42.08:126][107]LogModuleManager: Shutting down and abandoning module Sequencer (172)
[2020.06.16-09.42.08:127][107]LogModuleManager: Shutting down and abandoning module MessageLog (169)
[2020.06.16-09.42.08:127][107]LogModuleManager: Shutting down and abandoning module SlateReflector (164)
[2020.06.16-09.42.08:127][107]LogModuleManager: Shutting down and abandoning module Slate (162)
[2020.06.16-09.42.08:127][107]LogModuleManager: Shutting down and abandoning module EditorStyle (160)
[2020.06.16-09.42.08:130][107]LogModuleManager: Shutting down and abandoning module UnrealEd (158)
[2020.06.16-09.42.08:130][107]LogModuleManager: Shutting down and abandoning module MRMesh (156)
[2020.06.16-09.42.08:130][107]LogModuleManager: Shutting down and abandoning module Messaging (154)
[2020.06.16-09.42.08:130][107]LogModuleManager: Shutting down and abandoning module SourceCodeAccess (152)
[2020.06.16-09.42.08:130][107]LogModuleManager: Shutting down and abandoning module HeadMountedDisplay (150)
[2020.06.16-09.42.08:130][107]LogModuleManager: Shutting down and abandoning module XAudio2 (148)
[2020.06.16-09.42.08:130][107]LogModuleManager: Shutting down and abandoning module Networking (146)
[2020.06.16-09.42.08:130][107]LogModuleManager: Shutting down and abandoning module Core (144)
[2020.06.16-09.42.08:131][107]LogModuleManager: Shutting down and abandoning module KismetCompiler (142)
[2020.06.16-09.42.08:131][107]LogModuleManager: Shutting down and abandoning module MeshUtilities (140)
[2020.06.16-09.42.08:131][107]LogModuleManager: Shutting down and abandoning module MeshMergeUtilities (139)
[2020.06.16-09.42.08:131][107]LogModuleManager: Shutting down and abandoning module MeshReductionInterface (138)
[2020.06.16-09.42.08:131][107]LogModuleManager: Shutting down and abandoning module SkeletalMeshReduction (137)
[2020.06.16-09.42.08:131][107]LogModuleManager: Shutting down and abandoning module ProxyLODMeshReduction (135)
[2020.06.16-09.42.08:131][107]LogModuleManager: Shutting down and abandoning module QuadricMeshReduction (133)
[2020.06.16-09.42.08:131][107]LogModuleManager: Shutting down and abandoning module MaterialBaking (129)
[2020.06.16-09.42.08:131][107]LogModuleManager: Shutting down and abandoning module PIEPreviewDeviceProfileSelector (124)
[2020.06.16-09.42.08:131][107]LogModuleManager: Shutting down and abandoning module DerivedDataCache (122)
[2020.06.16-09.42.08:494][107]LogDerivedDataCache: Shutdown
[2020.06.16-09.42.08:494][107]LogModuleManager: Shutting down and abandoning module XGEController (120)
[2020.06.16-09.42.08:495][107]LogModuleManager: Shutting down and abandoning module TargetPlatform (118)
[2020.06.16-09.42.08:495][107]LogModuleManager: Shutting down and abandoning module VulkanShaderFormat (117)
[2020.06.16-09.42.08:495][107]LogModuleManager: Shutting down and abandoning module ShaderFormatVectorVM (115)
[2020.06.16-09.42.08:495][107]LogModuleManager: Shutting down and abandoning module ShaderFormatOpenGL (113)
[2020.06.16-09.42.08:495][107]LogModuleManager: Shutting down and abandoning module ShaderFormatD3D (111)
[2020.06.16-09.42.08:495][107]LogModuleManager: Shutting down and abandoning module MetalShaderFormat (109)
[2020.06.16-09.42.08:495][107]LogModuleManager: Shutting down and abandoning module TextureFormatUncompressed (107)
[2020.06.16-09.42.08:495][107]LogModuleManager: Shutting down and abandoning module TextureFormatPVR (105)
[2020.06.16-09.42.08:495][107]LogModuleManager: Shutting down and abandoning module TextureFormatDXT (103)
[2020.06.16-09.42.08:495][107]LogModuleManager: Shutting down and abandoning module TextureFormatIntelISPCTexComp (101)
[2020.06.16-09.42.08:496][107]LogModuleManager: Shutting down and abandoning module TextureFormatASTC (99)
[2020.06.16-09.42.08:496][107]LogModuleManager: Shutting down and abandoning module ImageWrapper (98)
[2020.06.16-09.42.08:496][107]LogModuleManager: Shutting down and abandoning module TextureFormatAndroid (95)
[2020.06.16-09.42.08:496][107]LogModuleManager: Shutting down and abandoning module AudioFormatOpus (93)
[2020.06.16-09.42.08:496][107]LogModuleManager: Shutting down and abandoning module AudioFormatOgg (91)
[2020.06.16-09.42.08:496][107]LogModuleManager: Shutting down and abandoning module AudioFormatADPCM (89)
[2020.06.16-09.42.08:496][107]LogModuleManager: Shutting down and abandoning module WindowsTargetPlatform (87)
[2020.06.16-09.42.08:496][107]LogModuleManager: Shutting down and abandoning module WindowsServerTargetPlatform (85)
[2020.06.16-09.42.08:496][107]LogModuleManager: Shutting down and abandoning module WindowsNoEditorTargetPlatform (83)
[2020.06.16-09.42.08:496][107]LogModuleManager: Shutting down and abandoning module WindowsClientTargetPlatform (81)
[2020.06.16-09.42.08:496][107]LogModuleManager: Shutting down and abandoning module InputCore (78)
[2020.06.16-09.42.08:497][107]LogModuleManager: Shutting down and abandoning module Settings (76)
[2020.06.16-09.42.08:497][107]LogModuleManager: Shutting down and abandoning module PhysXCooking (74)
[2020.06.16-09.42.08:497][107]LogModuleManager: Shutting down and abandoning module SteamVR (72)
[2020.06.16-09.42.08:497][107]LogHMD: Freeing OpenVRDLLHandle.
[2020.06.16-09.42.08:497][107]LogModuleManager: Shutting down and abandoning module OculusHMD (70)
[2020.06.16-09.42.08:497][107]LogModuleManager: Shutting down and abandoning module ExampleDeviceProfileSelector (68)
[2020.06.16-09.42.08:497][107]LogModuleManager: Shutting down and abandoning module LauncherChunkInstaller (66)
[2020.06.16-09.42.08:497][107]LogModuleManager: Shutting down and abandoning module OnlineBlueprintSupport (64)
[2020.06.16-09.42.08:497][107]LogModuleManager: Shutting down and abandoning module OnlineSubsystem (60)
[2020.06.16-09.42.08:499][107]LogModuleManager: Shutting down and abandoning module XMPP (55)
[2020.06.16-09.42.08:500][107]LogModuleManager: Shutting down and abandoning module WebSockets (54)
[2020.06.16-09.42.08:535][107]LogModuleManager: Shutting down and abandoning module HTTP (51)
[2020.06.16-09.42.08:566][107]LogModuleManager: Shutting down and abandoning module SSL (50)
[2020.06.16-09.42.08:568][107]LogModuleManager: Shutting down and abandoning module WmfMedia (46)
[2020.06.16-09.42.08:569][107]LogModuleManager: Shutting down and abandoning module Media (45)
[2020.06.16-09.42.08:575][107]LogModuleManager: Shutting down and abandoning module MagicLeap (42)
[2020.06.16-09.42.08:575][107]LogModuleManager: Shutting down and abandoning module DatasmithContent (40)
[2020.06.16-09.42.08:576][107]LogModuleManager: Shutting down and abandoning module AnimationModifiers (38)
[2020.06.16-09.42.08:576][107]LogModuleManager: Shutting down and abandoning module PropertyEditor (37)
[2020.06.16-09.42.08:576][107]LogModuleManager: Shutting down and abandoning module AudioEditor (34)
[2020.06.16-09.42.08:576][107]LogModuleManager: Shutting down and abandoning module TextureCompressor (32)
[2020.06.16-09.42.08:576][107]LogModuleManager: Shutting down and abandoning module RenderCore (30)
[2020.06.16-09.42.08:576][107]LogModuleManager: Shutting down and abandoning module Landscape (28)
[2020.06.16-09.42.08:576][107]LogModuleManager: Shutting down and abandoning module SlateRHIRenderer (26)
[2020.06.16-09.42.08:576][107]LogModuleManager: Shutting down and abandoning module OpenGLDrv (24)
[2020.06.16-09.42.08:576][107]LogModuleManager: Shutting down and abandoning module D3D11RHI (22)
[2020.06.16-09.42.08:576][107]LogModuleManager: Shutting down and abandoning module AnimGraphRuntime (20)
[2020.06.16-09.42.08:576][107]LogModuleManager: Shutting down and abandoning module Renderer (18)
[2020.06.16-09.42.08:576][107]LogModuleManager: Shutting down and abandoning module Engine (16)
[2020.06.16-09.42.08:576][107]LogModuleManager: Shutting down and abandoning module CoreUObject (14)
[2020.06.16-09.42.08:576][107]LogModuleManager: Shutting down and abandoning module NetworkFile (12)
[2020.06.16-09.42.08:576][107]LogModuleManager: Shutting down and abandoning module CookedIterativeFile (10)
[2020.06.16-09.42.08:576][107]LogModuleManager: Shutting down and abandoning module StreamingFile (8)
[2020.06.16-09.42.08:576][107]LogModuleManager: Shutting down and abandoning module SandboxFile (6)
[2020.06.16-09.42.08:576][107]LogModuleManager: Shutting down and abandoning module PakFile (4)
[2020.06.16-09.42.08:576][107]LogModuleManager: Shutting down and abandoning module RSA (3)
[2020.06.16-09.42.08:583][107]LogExit: Exiting.
[2020.06.16-09.42.08:673][107]Log file closed, 06/16/20 12:42:08
